TEXTURE AT STRAIN =    0.0500
   1.000   1.000   1.000  <-- length of phase ellipsoid axes
  180.00   90.00  180.00  <-- Euler angles (deg) of phase ellipsoid axes
B       729
   69.63   15.07   25.74   0.0013717
   70.41   19.92   25.31   0.0013717
   71.34   24.68   24.71   0.0013717
   71.42   29.55   24.34   0.0013717
   71.33   34.53   24.15   0.0013717
   71.11   39.60   24.04   0.0013717
   70.81   44.75   23.98   0.0013717
   70.46   49.98   23.95   0.0013717
   70.05   55.27   23.95   0.0013717
   73.96   15.28   26.48   0.0013717
   74.74   20.11   26.21   0.0013717
   75.67   24.81   25.68   0.0013717
   76.08   29.58   24.96   0.0013717
   76.19   34.47   24.52   0.0013717
   76.11   39.47   24.26   0.0013717
   75.89   44.58   24.10   0.0013717
   75.57   49.78   24.00   0.0013717
   75.18   55.06   23.93   0.0013717
   78.35   15.52   27.18   0.0013717
   79.13   20.33   27.08   0.0013717
   80.10   24.94   26.53   0.0013717
   80.79   29.62   25.48   0.0013717
   81.10   34.42   24.83   0.0013717
   81.14   39.34   24.42   0.0013717
   80.99   44.39   24.16   0.0013717
   80.72   49.56   23.99   0.0013717
   80.34   54.83   23.86   0.0013717
   82.81   15.80   27.83   0.0013717
   83.59   20.56   27.88   0.0013717
   84.63   25.06   27.24   0.0013717
   85.53   29.65   25.92   0.0013717
   86.02   34.36   25.07   0.0013717
   86.19   39.21   24.52   0.0013717
   86.12   44.20   24.17   0.0013717
   85.88   49.33   23.93   0.0013717
   85.51   54.58   23.75   0.0013717
   87.34   16.10   28.41   0.0013717
   88.15   20.79   28.59   0.0013717
   89.17   25.16   27.86   0.0013717
   90.28   29.67   26.29   0.0013717
   90.93   34.30   25.25   0.0013717
   91.23   39.06   24.56   0.0013717
   91.24   43.99   24.12   0.0013717
   91.03   49.07   23.82   0.0013717
   90.66   54.31   23.60   0.0013717
   91.96   16.41   28.91   0.0013717
   92.81   20.99   29.02   0.0013717
   93.53   25.21   28.48   0.0013717
   94.98   29.67   26.62   0.0013717
   95.81   34.23   25.39   0.0013717
   96.24   38.91   24.56   0.0013717
   96.34   43.76   24.03   0.0013717
   96.17   48.80   23.68   0.0013717
   95.79   54.02   23.44   0.0013717
   96.67   16.73   29.29   0.0013717
   97.65   21.12   28.79   0.0013717
   98.40   25.33   28.19   0.0013717
   99.51   29.64   26.99   0.0013717
  100.61   34.15   25.52   0.0013717
  101.19   38.76   24.54   0.0013717
  101.40   43.54   23.91   0.0013717
  101.28   48.52   23.53   0.0013717
  100.86   53.72   23.29   0.0013717
  101.58   16.98   29.28   0.0013717
  102.79   21.23   28.20   0.0013717
  103.67   25.47   27.39   0.0013717
  104.38   29.71   26.71   0.0013717
  105.26   34.06   25.70   0.0013717
  106.06   38.61   24.54   0.0013717
  106.41   43.31   23.79   0.0013717
  106.34   48.23   23.36   0.0013717
  105.82   53.42   23.18   0.0013717
  106.74   17.04   28.70   0.0013717
  107.94   21.31   27.59   0.0013717
  108.81   25.56   26.76   0.0013717
  109.51   29.81   26.07   0.0013717
  110.10   34.09   25.44   0.0013717
  110.78   38.48   24.60   0.0013717
  111.34   43.09   23.69   0.0013717
  111.35   47.94   23.22   0.0013717
  110.78   53.30   23.33   0.0013717
   69.12   15.30   31.34   0.0013717
   69.89   20.09   31.09   0.0013717
   70.90   24.72   30.65   0.0013717
   71.23   29.43   29.94   0.0013717
   71.32   34.29   29.50   0.0013717
   71.21   39.31   29.23   0.0013717
   70.96   44.46   29.06   0.0013717
   70.64   49.73   28.94   0.0013717
   70.25   55.09   28.83   0.0013717
   73.63   15.56   31.91   0.0013717
   74.38   20.33   31.85   0.0013717
   75.31   24.87   31.51   0.0013717
   75.89   29.47   30.49   0.0013717
   76.16   34.24   29.84   0.0013717
   76.18   39.17   29.43   0.0013717
   76.00   44.27   29.17   0.0013717
   75.71   49.50   28.99   0.0013717
   75.33   54.86   28.84   0.0013717
   78.21   15.85   32.44   0.0013717
   78.94   20.58   32.55   0.0013717
   79.80   25.00   32.23   0.0013717
   80.60   29.51   30.96   0.0013717
   81.04   34.18   30.11   0.0013717
   81.17   39.02   29.56   0.0013717
   81.07   44.05   29.22   0.0013717
   80.80   49.26   28.98   0.0013717
   80.42   54.60   28.79   0.0013717
   82.86   16.17   32.91   0.0013717
   83.58   20.83   33.19   0.0013717
   84.26   25.10   32.89   0.0013717
   85.29   29.53   31.35   0.0013717
   85.92   34.11   30.31   0.0013717
   86.17   38.86   29.63   0.0013717
   86.14   43.82   29.20   0.0013717
   85.89   48.99   28.92   0.0013717
   85.50   54.32   28.70   0.0013717
   87.59   16.50   33.30   0.0013717
   88.30   21.01   33.39   0.0013717
   88.88   25.20   32.97   0.0013717
   89.91   29.52   31.73   0.0013717
   90.75   34.02   30.47   0.0013717
   91.15   38.69   29.65   0.0013717
   91.20   43.58   29.14   0.0013717
   90.97   48.70   28.82   0.0013717
   90.54   54.03   28.59   0.0013717
   92.40   16.84   33.60   0.0013717
   93.19   21.13   33.12   0.0013717
   93.77   25.31   32.66   0.0013717
   94.28   29.50   32.22   0.0013717
   95.50   33.93   30.63   0.0013717
   96.08   38.51   29.65   0.0013717
   96.24   43.32   29.04   0.0013717
   96.02   48.39   28.70   0.0013717
   95.51   53.73   28.51   0.0013717
   97.38   17.01   33.37   0.0013717
   98.27   21.23   32.59   0.0013717
   98.94   25.42   32.00   0.0013717
   99.47   29.61   31.50   0.0013717
  100.03   33.85   30.90   0.0013717
  100.92   38.34   29.66   0.0013717
  101.22   43.05   28.94   0.0013717
  101.02   48.08   28.59   0.0013717
  100.36   53.48   28.55   0.0013717
  102.56   17.06   32.78   0.0013717
  103.47   21.29   31.94   0.0013717
  104.13   25.50   31.31   0.0013717
  104.66   29.70   30.79   0.0013717
  105.10   33.91   30.31   0.0013717
  105.55   38.19   29.79   0.0013717
  106.15   42.78   28.84   0.0013717
  105.90   47.78   28.52   0.0013717
  105.46   53.45   28.80   0.0013717
  107.72   17.07   32.22   0.0013717
  108.63   21.31   31.33   0.0013717
  109.29   25.53   30.68   0.0013717
  109.81   29.75   30.14   0.0013717
  110.23   33.98   29.67   0.0013717
  110.59   38.24   29.24   0.0013717
  110.92   42.58   28.82   0.0013717
  110.84   47.73   28.67   0.0013717
  110.60   53.46   29.03   0.0013717
   68.90   15.59   36.65   0.0013717
   69.57   20.33   36.65   0.0013717
   70.50   24.82   36.56   0.0013717
   70.93   29.33   35.60   0.0013717
   71.17   34.05   34.94   0.0013717
   71.17   38.98   34.53   0.0013717
   71.00   44.11   34.25   0.0013717
   70.72   49.41   34.04   0.0013717
   70.37   54.84   33.86   0.0013717
   73.62   15.90   37.04   0.0013717
   74.24   20.60   37.24   0.0013717
   74.97   24.97   37.30   0.0013717
   75.58   29.38   36.10   0.0013717
   75.99   34.00   35.25   0.0013717
   76.11   38.84   34.69   0.0013717
   76.00   43.90   34.34   0.0013717
   75.73   49.17   34.09   0.0013717
   75.38   54.59   33.87   0.0013717
   78.39   16.23   37.38   0.0013717
   78.98   20.86   37.78   0.0013717
   79.45   25.09   37.59   0.0013717
   80.20   29.40   36.54   0.0013717
   80.81   33.93   35.48   0.0013717
   81.06   38.67   34.79   0.0013717
   81.01   43.66   34.36   0.0013717
   80.76   48.90   34.08   0.0013717
   80.38   54.32   33.84   0.0013717
   83.23   16.57   37.66   0.0013717
   83.75   21.03   37.81   0.0013717
   84.16   25.21   37.53   0.0013717
   84.70   29.41   36.99   0.0013717
   85.59   33.84   35.68   0.0013717
   85.99   38.49   34.85   0.0013717
   86.02   43.40   34.34   0.0013717
   85.77   48.61   34.03   0.0013717
   85.34   54.04   33.79   0.0013717
   88.14   16.92   37.86   0.0013717
   88.69   21.14   37.48   0.0013717
   89.09   25.31   37.18   0.0013717
   89.40   29.47   36.95   0.0013717
   90.25   33.75   35.90   0.0013717
   90.87   38.29   34.87   0.0013717
   91.01   43.12   34.28   0.0013717
   90.75   48.30   33.96   0.0013717
   90.20   53.76   33.78   0.0013717
   93.20   17.03   37.44   0.0013717
   93.78   21.22   36.95   0.0013717
   94.20   25.39   36.60   0.0013717
   94.54   29.55   36.29   0.0013717
   94.84   33.73   36.00   0.0013717
   95.65   38.10   34.93   0.0013717
   95.95   42.83   34.20   0.0013717
   95.64   47.99   33.91   0.0013717
   95.07   53.59   33.95   0.0013717
   98.37   17.07   36.85   0.0013717
   98.98   21.28   36.29   0.0013717
   99.43   25.45   35.87   0.0013717
   99.78   29.61   35.52   0.0013717
  100.08   33.79   35.21   0.0013717
  100.34   38.01   34.91   0.0013717
  100.85   42.52   34.12   0.0013717
  100.44   47.80   34.02   0.0013717
  100.26   53.58   34.22   0.0013717
  103.56   17.07   36.26   0.0013717
  104.19   21.29   35.63   0.0013717
  104.65   25.47   35.16   0.0013717
  105.00   29.65   34.78   0.0013717
  105.29   33.84   34.45   0.0013717
  105.53   38.06   34.16   0.0013717
  105.73   42.35   33.90   0.0013717
  105.61   47.83   34.22   0.0013717
  105.46   53.60   34.49   0.0013717
  108.75   17.02   35.67   0.0013717
  109.39   21.26   35.00   0.0013717
  109.85   25.46   34.49   0.0013717
  110.20   29.65   34.09   0.0013717
  110.47   33.86   33.76   0.0013717
  110.65   38.09   33.53   0.0013717
  110.42   42.56   33.94   0.0013717
  110.43   47.91   34.40   0.0013717
  110.51   53.65   34.72   0.0013717
   69.02   15.94   41.62   0.0013717
   69.50   20.63   41.94   0.0013717
   70.05   24.97   42.08   0.0013717
   70.48   29.28   41.36   0.0013717
   70.87   33.83   40.49   0.0013717
   70.99   38.65   39.92   0.0013717
   70.90   43.73   39.54   0.0013717
   70.67   49.05   39.26   0.0013717
   70.37   54.54   39.01   0.0013717
   73.92   16.28   41.83   0.0013717
   74.35   20.91   42.37   0.0013717
   74.61   25.11   42.26   0.0013717
   75.00   29.32   41.85   0.0013717
   75.62   33.78   40.77   0.0013717
   75.88   38.49   40.06   0.0013717
   75.85   43.50   39.61   0.0013717
   75.63   48.79   39.30   0.0013717
   75.30   54.29   39.03   0.0013717
   78.89   16.63   41.99   0.0013717
   79.18   21.05   42.24   0.0013717
   79.39   25.22   42.14   0.0013717
   79.60   29.39   42.02   0.0013717
   80.32   33.70   41.02   0.0013717
   80.75   38.30   40.15   0.0013717
   80.80   43.24   39.62   0.0013717
   80.57   48.51   39.30   0.0013717
   80.19   54.02   39.04   0.0013717
   83.91   16.96   42.01   0.0013717
   84.17   21.16   41.86   0.0013717
   84.37   25.32   41.75   0.0013717
   84.53   29.47   41.65   0.0013717
   84.83   33.64   41.34   0.0013717
   85.57   38.11   40.22   0.0013717
   85.73   42.95   39.60   0.0013717
   85.47   48.21   39.28   0.0013717
   84.94   53.78   39.09   0.0013717
   89.01   17.04   41.52   0.0013717
   89.29   21.23   41.30   0.0013717
   89.49   25.38   41.15   0.0013717
   89.65   29.52   41.03   0.0013717
   89.78   33.68   40.92   0.0013717
   90.25   37.93   40.34   0.0013717
   90.62   42.64   39.55   0.0013717
   90.24   47.93   39.31   0.0013717
   89.87   53.68   39.33   0.0013717
   94.19   17.07   40.93   0.0013717
   94.49   21.27   40.64   0.0013717
   94.72   25.42   40.43   0.0013717
   94.89   29.56   40.26   0.0013717
   95.04   33.72   40.11   0.0013717
   95.16   37.91   39.96   0.0013717
   95.46   42.30   39.51   0.0013717
   95.19   47.86   39.52   0.0013717
   95.11   53.66   39.62   0.0013717
   99.38   17.06   40.32   0.0013717
   99.71   21.26   39.97   0.0013717
   99.95   25.42   39.70   0.0013717
  100.14   29.57   39.49   0.0013717
  100.29   33.74   39.30   0.0013717
  100.40   37.94   39.15   0.0013717
  100.22   42.35   39.47   0.0013717
  100.39   47.89   39.73   0.0013717
  100.33   53.69   39.90   0.0013717
  104.55   17.00   39.76   0.0013717
  104.89   21.22   39.36   0.0013717
  105.13   25.39   39.06   0.0013717
  105.31   29.56   38.82   0.0013717
  105.43   33.73   38.66   0.0013717
  105.37   37.94   38.71   0.0013717
  104.97   42.66   39.51   0.0013717
  105.11   48.02   39.90   0.0013717
  105.39   53.74   40.17   0.0013717
  109.75   16.74   39.48   0.0013717
  109.98   21.13   38.88   0.0013717
  110.20   25.32   38.57   0.0013717
  110.34   29.50   38.37   0.0013717
  110.37   33.69   38.29   0.0013717
  109.97   38.06   38.93   0.0013717
  109.78   42.93   39.56   0.0013717
  109.87   48.26   39.96   0.0013717
  110.08   53.88   40.30   0.0013717
   69.47   16.33   46.24   0.0013717
   69.69   20.95   46.91   0.0013717
   69.74   25.15   46.97   0.0013717
   69.87   29.34   46.92   0.0013717
   70.33   33.66   46.18   0.0013717
   70.64   38.32   45.42   0.0013717
   70.65   43.33   44.94   0.0013717
   70.48   48.66   44.59   0.0013717
   70.23   54.20   44.29   0.0013717
   74.56   16.69   46.27   0.0013717
   74.59   21.09   46.68   0.0013717
   74.59   25.26   46.79   0.0013717
   74.64   29.43   46.81   0.0013717
   74.91   33.63   46.50   0.0013717
   75.44   38.15   45.55   0.0013717
   75.54   43.08   44.99   0.0013717
   75.36   48.39   44.63   0.0013717
   75.05   53.97   44.34   0.0013717
   79.68   16.98   46.13   0.0013717
   79.64   21.18   46.25   0.0013717
   79.62   25.34   46.35   0.0013717
   79.61   29.49   46.41   0.0013717
   79.64   33.65   46.42   0.0013717
   80.17   37.98   45.68   0.0013717
   80.40   42.79   45.00   0.0013717
   80.18   48.12   44.66   0.0013717
   79.72   53.78   44.43   0.0013717
   84.81   17.05   45.60   0.0013717
   84.79   21.24   45.67   0.0013717
   84.77   25.39   45.73   0.0013717
   84.76   29.53   45.77   0.0013717
   84.75   33.68   45.80   0.0013717
   84.77   37.88   45.81   0.0013717
   85.23   42.48   45.00   0.0013717
   84.81   47.91   44.78   0.0013717
   84.78   53.71   44.71   0.0013717
   90.00   17.08   45.00   0.0013717
   90.00   21.26   45.00   0.0013717
   90.00   25.41   45.00   0.0013717
   90.00   29.54   45.00   0.0013717
   90.00   33.69   45.00   0.0013717
   90.00   37.88   45.00   0.0013717
   90.00   42.13   45.00   0.0013717
   90.00   47.88   45.00   0.0013717
   90.00   53.69   45.00   0.0013717
   95.19   17.05   44.40   0.0013717
   95.21   21.24   44.33   0.0013717
   95.23   25.39   44.27   0.0013717
   95.24   29.53   44.23   0.0013717
   95.25   33.68   44.20   0.0013717
   95.23   37.88   44.19   0.0013717
   94.77   42.48   45.00   0.0013717
   95.19   47.91   45.22   0.0013717
   95.22   53.71   45.29   0.0013717
  100.32   16.98   43.87   0.0013717
  100.36   21.18   43.75   0.0013717
  100.38   25.34   43.65   0.0013717
  100.39   29.49   43.59   0.0013717
  100.36   33.65   43.58   0.0013717
   99.83   37.98   44.32   0.0013717
   99.60   42.79   45.00   0.0013717
   99.82   48.12   45.34   0.0013717
  100.28   53.78   45.57   0.0013717
  105.44   16.69   43.73   0.0013717
  105.41   21.09   43.32   0.0013717
  105.41   25.26   43.21   0.0013717
  105.36   29.43   43.19   0.0013717
  105.09   33.63   43.50   0.0013717
  104.56   38.15   44.45   0.0013717
  104.46   43.08   45.01   0.0013717
  104.64   48.39   45.37   0.0013717
  104.95   53.97   45.66   0.0013717
  110.53   16.33   43.76   0.0013717
  110.31   20.95   43.09   0.0013717
  110.26   25.15   43.03   0.0013717
  110.13   29.34   43.08   0.0013717
  109.67   33.66   43.82   0.0013717
  109.36   38.32   44.58   0.0013717
  109.35   43.33   45.06   0.0013717
  109.52   48.66   45.41   0.0013717
  109.77   54.20   45.71   0.0013717
   70.25   16.74   50.52   0.0013717
   70.02   21.13   51.12   0.0013717
   69.80   25.32   51.43   0.0013717
   69.66   29.50   51.63   0.0013717
   69.63   33.69   51.71   0.0013717
   70.03   38.06   51.07   0.0013717
   70.22   42.93   50.44   0.0013717
   70.13   48.26   50.04   0.0013717
   69.92   53.88   49.70   0.0013717
   75.45   17.00   50.24   0.0013717
   75.11   21.22   50.64   0.0013717
   74.87   25.39   50.94   0.0013717
   74.69   29.56   51.18   0.0013717
   74.57   33.73   51.34   0.0013717
   74.63   37.94   51.29   0.0013717
   75.03   42.66   50.49   0.0013717
   74.89   48.02   50.10   0.0013717
   74.61   53.74   49.83   0.0013717
   80.62   17.06   49.68   0.0013717
   80.29   21.26   50.03   0.0013717
   80.05   25.42   50.30   0.0013717
   79.86   29.57   50.51   0.0013717
   79.71   33.74   50.70   0.0013717
   79.60   37.94   50.85   0.0013717
   79.78   42.35   50.53   0.0013717
   79.61   47.89   50.27   0.0013717
   79.67   53.69   50.10   0.0013717
   85.81   17.07   49.07   0.0013717
   85.51   21.27   49.36   0.0013717
   85.28   25.42   49.57   0.0013717
   85.11   29.56   49.74   0.0013717
   84.96   33.72   49.89   0.0013717
   84.84   37.91   50.04   0.0013717
   84.54   42.30   50.49   0.0013717
   84.81   47.86   50.48   0.0013717
   84.89   53.66   50.38   0.0013717
   90.99   17.04   48.48   0.0013717
   90.71   21.23   48.70   0.0013717
   90.51   25.38   48.85   0.0013717
   90.35   29.52   48.97   0.0013717
   90.22   33.68   49.08   0.0013717
   89.75   37.93   49.66   0.0013717
   89.38   42.64   50.45   0.0013717
   89.76   47.93   50.69   0.0013717
   90.13   53.68   50.67   0.0013717
   96.09   16.96   47.99   0.0013717
   95.83   21.16   48.14   0.0013717
   95.63   25.32   48.25   0.0013717
   95.47   29.47   48.35   0.0013717
   95.17   33.64   48.66   0.0013717
   94.43   38.11   49.78   0.0013717
   94.27   42.95   50.40   0.0013717
   94.53   48.21   50.72   0.0013717
   95.06   53.78   50.91   0.0013717
  101.11   16.63   48.01   0.0013717
  100.82   21.05   47.76   0.0013717
  100.61   25.22   47.86   0.0013717
  100.40   29.39   47.98   0.0013717
   99.68   33.70   48.98   0.0013717
   99.25   38.30   49.85   0.0013717
   99.20   43.24   50.38   0.0013717
   99.43   48.51   50.70   0.0013717
   99.81   54.02   50.96   0.0013717
  106.08   16.28   48.17   0.0013717
  105.65   20.91   47.63   0.0013717
  105.39   25.11   47.74   0.0013717
  105.00   29.32   48.15   0.0013717
  104.38   33.78   49.23   0.0013717
  104.12   38.49   49.94   0.0013717
  104.15   43.50   50.39   0.0013717
  104.37   48.79   50.70   0.0013717
  104.70   54.29   50.97   0.0013717
  110.98   15.94   48.38   0.0013717
  110.50   20.63   48.06   0.0013717
  109.95   24.97   47.92   0.0013717
  109.52   29.28   48.64   0.0013717
  109.13   33.83   49.51   0.0013717
  109.01   38.65   50.08   0.0013717
  109.10   43.73   50.46   0.0013717
  109.33   49.05   50.74   0.0013717
  109.63   54.54   50.99   0.0013717
   71.25   17.02   54.33   0.0013717
   70.61   21.26   55.00   0.0013717
   70.15   25.46   55.51   0.0013717
   69.80   29.65   55.91   0.0013717
   69.53   33.86   56.24   0.0013717
   69.35   38.09   56.47   0.0013717
   69.58   42.56   56.06   0.0013717
   69.57   47.91   55.60   0.0013717
   69.49   53.65   55.28   0.0013717
   76.44   17.07   53.74   0.0013717
   75.81   21.29   54.37   0.0013717
   75.35   25.47   54.84   0.0013717
   75.00   29.65   55.22   0.0013717
   74.71   33.84   55.55   0.0013717
   74.47   38.06   55.84   0.0013717
   74.27   42.35   56.10   0.0013717
   74.39   47.83   55.78   0.0013717
   74.54   53.60   55.51   0.0013717
   81.63   17.07   53.15   0.0013717
   81.02   21.28   53.71   0.0013717
   80.57   25.45   54.13   0.0013717
   80.22   29.61   54.48   0.0013717
   79.92   33.79   54.79   0.0013717
   79.66   38.01   55.09   0.0013717
   79.15   42.52   55.88   0.0013717
   79.56   47.80   55.98   0.0013717
   79.74   53.58   55.78   0.0013717
   86.80   17.03   52.56   0.0013717
   86.22   21.22   53.05   0.0013717
   85.80   25.39   53.40   0.0013717
   85.46   29.55   53.71   0.0013717
   85.16   33.73   54.00   0.0013717
   84.35   38.10   55.07   0.0013717
   84.05   42.83   55.80   0.0013717
   84.36   47.99   56.09   0.0013717
   84.93   53.59   56.05   0.0013717
   91.86   16.92   52.14   0.0013717
   91.31   21.14   52.52   0.0013717
   90.91   25.31   52.82   0.0013717
   90.60   29.47   53.05   0.0013717
   89.75   33.75   54.10   0.0013717
   89.13   38.29   55.13   0.0013717
   88.99   43.12   55.72   0.0013717
   89.25   48.30   56.04   0.0013717
   89.80   53.76   56.22   0.0013717
   96.77   16.57   52.34   0.0013717
   96.25   21.03   52.19   0.0013717
   95.84   25.21   52.47   0.0013717
   95.30   29.41   53.01   0.0013717
   94.41   33.84   54.32   0.0013717
   94.01   38.49   55.15   0.0013717
   93.98   43.40   55.66   0.0013717
   94.23   48.61   55.97   0.0013717
   94.66   54.04   56.21   0.0013717
  101.61   16.23   52.62   0.0013717
  101.02   20.86   52.22   0.0013717
  100.55   25.09   52.41   0.0013717
   99.80   29.40   53.46   0.0013717
   99.19   33.93   54.52   0.0013717
   98.94   38.67   55.21   0.0013717
   98.99   43.66   55.64   0.0013717
   99.24   48.90   55.92   0.0013717
   99.62   54.32   56.16   0.0013717
  106.38   15.90   52.96   0.0013717
  105.76   20.60   52.76   0.0013717
  105.03   24.97   52.70   0.0013717
  104.42   29.38   53.90   0.0013717
  104.01   34.00   54.75   0.0013717
  103.89   38.84   55.31   0.0013717
  104.00   43.90   55.66   0.0013717
  104.27   49.17   55.91   0.0013717
  104.62   54.59   56.13   0.0013717
  111.10   15.59   53.35   0.0013717
  110.43   20.33   53.35   0.0013717
  109.50   24.82   53.44   0.0013717
  109.07   29.33   54.40   0.0013717
  108.83   34.05   55.06   0.0013717
  108.83   38.98   55.47   0.0013717
  109.00   44.11   55.75   0.0013717
  109.28   49.41   55.96   0.0013717
  109.63   54.84   56.14   0.0013717
   72.28   17.07   57.78   0.0013717
   71.37   21.31   58.67   0.0013717
   70.71   25.53   59.32   0.0013717
   70.19   29.75   59.86   0.0013717
   69.77   33.98   60.33   0.0013717
   69.41   38.24   60.76   0.0013717
   69.08   42.58   61.18   0.0013717
   69.16   47.73   61.33   0.0013717
   69.40   53.46   60.97   0.0013717
   77.44   17.06   57.22   0.0013717
   76.53   21.29   58.06   0.0013717
   75.87   25.50   58.69   0.0013717
   75.34   29.70   59.21   0.0013717
   74.90   33.91   59.69   0.0013717
   74.45   38.19   60.21   0.0013717
   73.85   42.78   61.16   0.0013717
   74.10   47.78   61.48   0.0013717
   74.54   53.45   61.20   0.0013717
   82.62   17.01   56.63   0.0013717
   81.73   21.23   57.41   0.0013717
   81.06   25.42   58.00   0.0013717
   80.53   29.61   58.50   0.0013717
   79.97   33.85   59.10   0.0013717
   79.08   38.34   60.34   0.0013717
   78.78   43.05   61.06   0.0013717
   78.98   48.08   61.41   0.0013717
   79.64   53.48   61.45   0.0013717
   87.60   16.84   56.40   0.0013717
   86.81   21.13   56.88   0.0013717
   86.23   25.31   57.34   0.0013717
   85.72   29.50   57.78   0.0013717
   84.50   33.93   59.37   0.0013717
   83.92   38.51   60.35   0.0013717
   83.76   43.32   60.96   0.0013717
   83.98   48.39   61.30   0.0013717
   84.49   53.73   61.49   0.0013717
   92.41   16.50   56.70   0.0013717
   91.70   21.01   56.61   0.0013717
   91.12   25.20   57.03   0.0013717
   90.09   29.52   58.27   0.0013717
   89.25   34.02   59.53   0.0013717
   88.85   38.69   60.35   0.0013717
   88.80   43.58   60.86   0.0013717
   89.03   48.70   61.18   0.0013717
   89.46   54.03   61.41   0.0013717
   97.14   16.17   57.09   0.0013717
   96.42   20.83   56.81   0.0013717
   95.74   25.10   57.11   0.0013717
   94.71   29.53   58.65   0.0013717
   94.08   34.11   59.69   0.0013717
   93.83   38.86   60.37   0.0013717
   93.86   43.82   60.80   0.0013717
   94.11   48.99   61.08   0.0013717
   94.50   54.32   61.30   0.0013717
  101.79   15.85   57.56   0.0013717
  101.06   20.58   57.45   0.0013717
  100.20   25.00   57.77   0.0013717
   99.40   29.51   59.04   0.0013717
   98.96   34.18   59.89   0.0013717
   98.83   39.02   60.44   0.0013717
   98.93   44.05   60.78   0.0013717
   99.20   49.26   61.02   0.0013717
   99.58   54.60   61.21   0.0013717
  106.37   15.56   58.09   0.0013717
  105.62   20.33   58.15   0.0013717
  104.69   24.87   58.49   0.0013717
  104.11   29.47   59.51   0.0013717
  103.84   34.24   60.16   0.0013717
  103.82   39.17   60.57   0.0013717
  104.00   44.27   60.83   0.0013717
  104.29   49.50   61.01   0.0013717
  104.67   54.86   61.16   0.0013717
  110.88   15.30   58.66   0.0013717
  110.11   20.09   58.91   0.0013717
  109.10   24.72   59.35   0.0013717
  108.77   29.43   60.06   0.0013717
  108.68   34.29   60.50   0.0013717
  108.79   39.31   60.77   0.0013717
  109.04   44.46   60.94   0.0013717
  109.36   49.73   61.06   0.0013717
  109.75   55.09   61.17   0.0013717
   73.26   17.04   61.30   0.0013717
   72.06   21.31   62.41   0.0013717
   71.19   25.56   63.24   0.0013717
   70.49   29.81   63.93   0.0013717
   69.90   34.09   64.56   0.0013717
   69.22   38.48   65.40   0.0013717
   68.66   43.09   66.31   0.0013717
   68.65   47.94   66.78   0.0013717
   69.22   53.30   66.67   0.0013717
   78.42   16.98   60.72   0.0013717
   77.21   21.23   61.80   0.0013717
   76.33   25.47   62.61   0.0013717
   75.62   29.71   63.29   0.0013717
   74.74   34.06   64.30   0.0013717
   73.94   38.61   65.46   0.0013717
   73.59   43.31   66.21   0.0013717
   73.66   48.23   66.64   0.0013717
   74.18   53.42   66.82   0.0013717
   83.33   16.73   60.71   0.0013717
   82.35   21.12   61.21   0.0013717
   81.60   25.33   61.81   0.0013717
   80.49   29.64   63.01   0.0013717
   79.39   34.15   64.48   0.0013717
   78.81   38.76   65.46   0.0013717
   78.60   43.54   66.09   0.0013717
   78.72   48.52   66.47   0.0013717
   79.14   53.72   66.71   0.0013717
   88.04   16.41   61.09   0.0013717
   87.19   20.99   60.98   0.0013717
   86.47   25.21   61.52   0.0013717
   85.02   29.67   63.38   0.0013717
   84.19   34.23   64.61   0.0013717
   83.76   38.91   65.44   0.0013717
   83.66   43.76   65.97   0.0013717
   83.83   48.80   66.32   0.0013717
   84.21   54.02   66.56   0.0013717
   92.66   16.10   61.59   0.0013717
   91.85   20.79   61.41   0.0013717
   90.83   25.16   62.14   0.0013717
   89.72   29.67   63.71   0.0013717
   89.07   34.30   64.75   0.0013717
   88.77   39.06   65.44   0.0013717
   88.76   43.99   65.88   0.0013717
   88.97   49.07   66.18   0.0013717
   89.34   54.31   66.40   0.0013717
   97.19   15.80   62.17   0.0013717
   96.41   20.56   62.12   0.0013717
   95.37   25.06   62.76   0.0013717
   94.47   29.65   64.08   0.0013717
   93.98   34.36   64.93   0.0013717
   93.81   39.21   65.48   0.0013717
   93.88   44.20   65.83   0.0013717
   94.12   49.33   66.07   0.0013717
   94.49   54.58   66.25   0.0013717
  101.65   15.52   62.82   0.0013717
  100.87   20.33   62.92   0.0013717
   99.90   24.94   63.47   0.0013717
   99.21   29.62   64.52   0.0013717
   98.90   34.42   65.17   0.0013717
   98.86   39.34   65.58   0.0013717
   99.01   44.39   65.84   0.0013717
   99.28   49.56   66.01   0.0013717
   99.66   54.83   66.14   0.0013717
  106.04   15.28   63.52   0.0013717
  105.26   20.11   63.79   0.0013717
  104.33   24.81   64.32   0.0013717
  103.92   29.58   65.04   0.0013717
  103.81   34.47   65.48   0.0013717
  103.89   39.47   65.74   0.0013717
  104.11   44.58   65.90   0.0013717
  104.43   49.78   66.00   0.0013717
  104.82   55.06   66.07   0.0013717
  110.37   15.07   64.26   0.0013717
  109.59   19.92   64.69   0.0013717
  108.66   24.68   65.29   0.0013717
  108.58   29.55   65.66   0.0013717
  108.67   34.53   65.85   0.0013717
  108.89   39.60   65.96   0.0013717
  109.19   44.75   66.02   0.0013717
  109.54   49.98   66.05   0.0013717
  109.95   55.27   66.05   0.0013717
TEXTURE AT STRAIN =    0.0500
   1.000   1.000   1.000  <-- length of phase ellipsoid axes
  180.00   90.00  180.00  <-- Euler angles (deg) of phase ellipsoid axes
B       729
   69.63   15.07   25.74   0.0013717
   70.41   19.92   25.31   0.0013717
   71.34   24.68   24.71   0.0013717
   71.42   29.55   24.34   0.0013717
   71.33   34.53   24.15   0.0013717
   71.11   39.60   24.04   0.0013717
   70.81   44.75   23.98   0.0013717
   70.46   49.98   23.95   0.0013717
   70.05   55.27   23.95   0.0013717
   73.96   15.28   26.48   0.0013717
   74.74   20.11   26.21   0.0013717
   75.67   24.81   25.68   0.0013717
   76.08   29.58   24.96   0.0013717
   76.19   34.47   24.52   0.0013717
   76.11   39.47   24.26   0.0013717
   75.89   44.58   24.10   0.0013717
   75.57   49.78   24.00   0.0013717
   75.18   55.06   23.93   0.0013717
   78.35   15.52   27.18   0.0013717
   79.13   20.33   27.08   0.0013717
   80.10   24.94   26.53   0.0013717
   80.79   29.62   25.48   0.0013717
   81.10   34.42   24.83   0.0013717
   81.14   39.34   24.42   0.0013717
   80.99   44.39   24.16   0.0013717
   80.72   49.56   23.99   0.0013717
   80.34   54.83   23.86   0.0013717
   82.81   15.80   27.83   0.0013717
   83.59   20.56   27.88   0.0013717
   84.63   25.06   27.24   0.0013717
   85.53   29.65   25.92   0.0013717
   86.02   34.36   25.07   0.0013717
   86.19   39.21   24.52   0.0013717
   86.12   44.20   24.17   0.0013717
   85.88   49.33   23.93   0.0013717
   85.51   54.58   23.75   0.0013717
   87.34   16.10   28.41   0.0013717
   88.15   20.79   28.59   0.0013717
   89.17   25.16   27.86   0.0013717
   90.28   29.67   26.29   0.0013717
   90.93   34.30   25.25   0.0013717
   91.23   39.06   24.56   0.0013717
   91.24   43.99   24.12   0.0013717
   91.03   49.07   23.82   0.0013717
   90.66   54.31   23.60   0.0013717
   91.96   16.41   28.91   0.0013717
   92.81   20.99   29.02   0.0013717
   93.53   25.21   28.48   0.0013717
   94.98   29.67   26.62   0.0013717
   95.81   34.23   25.39   0.0013717
   96.24   38.91   24.56   0.0013717
   96.34   43.76   24.03   0.0013717
   96.17   48.80   23.68   0.0013717
   95.79   54.02   23.44   0.0013717
   96.67   16.73   29.29   0.0013717
   97.65   21.12   28.79   0.0013717
   98.40   25.33   28.19   0.0013717
   99.51   29.64   26.99   0.0013717
  100.61   34.15   25.52   0.0013717
  101.19   38.76   24.54   0.0013717
  101.40   43.54   23.91   0.0013717
  101.28   48.52   23.53   0.0013717
  100.86   53.72   23.29   0.0013717
  101.58   16.98   29.28   0.0013717
  102.79   21.23   28.20   0.0013717
  103.67   25.47   27.39   0.0013717
  104.38   29.71   26.71   0.0013717
  105.26   34.06   25.70   0.0013717
  106.06   38.61   24.54   0.0013717
  106.41   43.31   23.79   0.0013717
  106.34   48.23   23.36   0.0013717
  105.82   53.42   23.18   0.0013717
  106.74   17.04   28.70   0.0013717
  107.94   21.31   27.59   0.0013717
  108.81   25.56   26.76   0.0013717
  109.51   29.81   26.07   0.0013717
  110.10   34.09   25.44   0.0013717
  110.78   38.48   24.60   0.0013717
  111.34   43.09   23.69   0.0013717
  111.35   47.94   23.22   0.0013717
  110.78   53.30   23.33   0.0013717
   69.12   15.30   31.34   0.0013717
   69.89   20.09   31.09   0.0013717
   70.90   24.72   30.65   0.0013717
   71.23   29.43   29.94   0.0013717
   71.32   34.29   29.50   0.0013717
   71.21   39.31   29.23   0.0013717
   70.96   44.46   29.06   0.0013717
   70.64   49.73   28.94   0.0013717
   70.25   55.09   28.83   0.0013717
   73.63   15.56   31.91   0.0013717
   74.38   20.33   31.85   0.0013717
   75.31   24.87   31.51   0.0013717
   75.89   29.47   30.49   0.0013717
   76.16   34.24   29.84   0.0013717
   76.18   39.17   29.43   0.0013717
   76.00   44.27   29.17   0.0013717
   75.71   49.50   28.99   0.0013717
   75.33   54.86   28.84   0.0013717
   78.21   15.85   32.44   0.0013717
   78.94   20.58   32.55   0.0013717
   79.80   25.00   32.23   0.0013717
   80.60   29.51   30.96   0.0013717
   81.04   34.18   30.11   0.0013717
   81.17   39.02   29.56   0.0013717
   81.07   44.05   29.22   0.0013717
   80.80   49.26   28.98   0.0013717
   80.42   54.60   28.79   0.0013717
   82.86   16.17   32.91   0.0013717
   83.58   20.83   33.19   0.0013717
   84.26   25.10   32.89   0.0013717
   85.29   29.53   31.35   0.0013717
   85.92   34.11   30.31   0.0013717
   86.17   38.86   29.63   0.0013717
   86.14   43.82   29.20   0.0013717
   85.89   48.99   28.92   0.0013717
   85.50   54.32   28.70   0.0013717
   87.59   16.50   33.30   0.0013717
   88.30   21.01   33.39   0.0013717
   88.88   25.20   32.97   0.0013717
   89.91   29.52   31.73   0.0013717
   90.75   34.02   30.47   0.0013717
   91.15   38.69   29.65   0.0013717
   91.20   43.58   29.14   0.0013717
   90.97   48.70   28.82   0.0013717
   90.54   54.03   28.59   0.0013717
   92.40   16.84   33.60   0.0013717
   93.19   21.13   33.12   0.0013717
   93.77   25.31   32.66   0.0013717
   94.28   29.50   32.22   0.0013717
   95.50   33.93   30.63   0.0013717
   96.08   38.51   29.65   0.0013717
   96.24   43.32   29.04   0.0013717
   96.02   48.39   28.70   0.0013717
   95.51   53.73   28.51   0.0013717
   97.38   17.01   33.37   0.0013717
   98.27   21.23   32.59   0.0013717
   98.94   25.42   32.00   0.0013717
   99.47   29.61   31.50   0.0013717
  100.03   33.85   30.90   0.0013717
  100.92   38.34   29.66   0.0013717
  101.22   43.05   28.94   0.0013717
  101.02   48.08   28.59   0.0013717
  100.36   53.48   28.55   0.0013717
  102.56   17.06   32.78   0.0013717
  103.47   21.29   31.94   0.0013717
  104.13   25.50   31.31   0.0013717
  104.66   29.70   30.79   0.0013717
  105.10   33.91   30.31   0.0013717
  105.55   38.19   29.79   0.0013717
  106.15   42.78   28.84   0.0013717
  105.90   47.78   28.52   0.0013717
  105.46   53.45   28.80   0.0013717
  107.72   17.07   32.22   0.0013717
  108.63   21.31   31.33   0.0013717
  109.29   25.53   30.68   0.0013717
  109.81   29.75   30.14   0.0013717
  110.23   33.98   29.67   0.0013717
  110.59   38.24   29.24   0.0013717
  110.92   42.58   28.82   0.0013717
  110.84   47.73   28.67   0.0013717
  110.60   53.46   29.03   0.0013717
   68.90   15.59   36.65   0.0013717
   69.57   20.33   36.65   0.0013717
   70.50   24.82   36.56   0.0013717
   70.93   29.33   35.60   0.0013717
   71.17   34.05   34.94   0.0013717
   71.17   38.98   34.53   0.0013717
   71.00   44.11   34.25   0.0013717
   70.72   49.41   34.04   0.0013717
   70.37   54.84   33.86   0.0013717
   73.62   15.90   37.04   0.0013717
   74.24   20.60   37.24   0.0013717
   74.97   24.97   37.30   0.0013717
   75.58   29.38   36.10   0.0013717
   75.99   34.00   35.25   0.0013717
   76.11   38.84   34.69   0.0013717
   76.00   43.90   34.34   0.0013717
   75.73   49.17   34.09   0.0013717
   75.38   54.59   33.87   0.0013717
   78.39   16.23   37.38   0.0013717
   78.98   20.86   37.78   0.0013717
   79.45   25.09   37.59   0.0013717
   80.20   29.40   36.54   0.0013717
   80.81   33.93   35.48   0.0013717
   81.06   38.67   34.79   0.0013717
   81.01   43.66   34.36   0.0013717
   80.76   48.90   34.08   0.0013717
   80.38   54.32   33.84   0.0013717
   83.23   16.57   37.66   0.0013717
   83.75   21.03   37.81   0.0013717
   84.16   25.21   37.53   0.0013717
   84.70   29.41   36.99   0.0013717
   85.59   33.84   35.68   0.0013717
   85.99   38.49   34.85   0.0013717
   86.02   43.40   34.34   0.0013717
   85.77   48.61   34.03   0.0013717
   85.34   54.04   33.79   0.0013717
   88.14   16.92   37.86   0.0013717
   88.69   21.14   37.48   0.0013717
   89.09   25.31   37.18   0.0013717
   89.40   29.47   36.95   0.0013717
   90.25   33.75   35.90   0.0013717
   90.87   38.29   34.87   0.0013717
   91.01   43.12   34.28   0.0013717
   90.75   48.30   33.96   0.0013717
   90.20   53.76   33.78   0.0013717
   93.20   17.03   37.44   0.0013717
   93.78   21.22   36.95   0.0013717
   94.20   25.39   36.60   0.0013717
   94.54   29.55   36.29   0.0013717
   94.84   33.73   36.00   0.0013717
   95.65   38.10   34.93   0.0013717
   95.95   42.83   34.20   0.0013717
   95.64   47.99   33.91   0.0013717
   95.07   53.59   33.95   0.0013717
   98.37   17.07   36.85   0.0013717
   98.98   21.28   36.29   0.0013717
   99.43   25.45   35.87   0.0013717
   99.78   29.61   35.52   0.0013717
  100.08   33.79   35.21   0.0013717
  100.34   38.01   34.91   0.0013717
  100.85   42.52   34.12   0.0013717
  100.44   47.80   34.02   0.0013717
  100.26   53.58   34.22   0.0013717
  103.56   17.07   36.26   0.0013717
  104.19   21.29   35.63   0.0013717
  104.65   25.47   35.16   0.0013717
  105.00   29.65   34.78   0.0013717
  105.29   33.84   34.45   0.0013717
  105.53   38.06   34.16   0.0013717
  105.73   42.35   33.90   0.0013717
  105.61   47.83   34.22   0.0013717
  105.46   53.60   34.49   0.0013717
  108.75   17.02   35.67   0.0013717
  109.39   21.26   35.00   0.0013717
  109.85   25.46   34.49   0.0013717
  110.20   29.65   34.09   0.0013717
  110.47   33.86   33.76   0.0013717
  110.65   38.09   33.53   0.0013717
  110.42   42.56   33.94   0.0013717
  110.43   47.91   34.40   0.0013717
  110.51   53.65   34.72   0.0013717
   69.02   15.94   41.62   0.0013717
   69.50   20.63   41.94   0.0013717
   70.05   24.97   42.08   0.0013717
   70.48   29.28   41.36   0.0013717
   70.87   33.83   40.49   0.0013717
   70.99   38.65   39.92   0.0013717
   70.90   43.73   39.54   0.0013717
   70.67   49.05   39.26   0.0013717
   70.37   54.54   39.01   0.0013717
   73.92   16.28   41.83   0.0013717
   74.35   20.91   42.37   0.0013717
   74.61   25.11   42.26   0.0013717
   75.00   29.32   41.85   0.0013717
   75.62   33.78   40.77   0.0013717
   75.88   38.49   40.06   0.0013717
   75.85   43.50   39.61   0.0013717
   75.63   48.79   39.30   0.0013717
   75.30   54.29   39.03   0.0013717
   78.89   16.63   41.99   0.0013717
   79.18   21.05   42.24   0.0013717
   79.39   25.22   42.14   0.0013717
   79.60   29.39   42.02   0.0013717
   80.32   33.70   41.02   0.0013717
   80.75   38.30   40.15   0.0013717
   80.80   43.24   39.62   0.0013717
   80.57   48.51   39.30   0.0013717
   80.19   54.02   39.04   0.0013717
   83.91   16.96   42.01   0.0013717
   84.17   21.16   41.86   0.0013717
   84.37   25.32   41.75   0.0013717
   84.53   29.47   41.65   0.0013717
   84.83   33.64   41.34   0.0013717
   85.57   38.11   40.22   0.0013717
   85.73   42.95   39.60   0.0013717
   85.47   48.21   39.28   0.0013717
   84.94   53.78   39.09   0.0013717
   89.01   17.04   41.52   0.0013717
   89.29   21.23   41.30   0.0013717
   89.49   25.38   41.15   0.0013717
   89.65   29.52   41.03   0.0013717
   89.78   33.68   40.92   0.0013717
   90.25   37.93   40.34   0.0013717
   90.62   42.64   39.55   0.0013717
   90.24   47.93   39.31   0.0013717
   89.87   53.68   39.33   0.0013717
   94.19   17.07   40.93   0.0013717
   94.49   21.27   40.64   0.0013717
   94.72   25.42   40.43   0.0013717
   94.89   29.56   40.26   0.0013717
   95.04   33.72   40.11   0.0013717
   95.16   37.91   39.96   0.0013717
   95.46   42.30   39.51   0.0013717
   95.19   47.86   39.52   0.0013717
   95.11   53.66   39.62   0.0013717
   99.38   17.06   40.32   0.0013717
   99.71   21.26   39.97   0.0013717
   99.95   25.42   39.70   0.0013717
  100.14   29.57   39.49   0.0013717
  100.29   33.74   39.30   0.0013717
  100.40   37.94   39.15   0.0013717
  100.22   42.35   39.47   0.0013717
  100.39   47.89   39.73   0.0013717
  100.33   53.69   39.90   0.0013717
  104.55   17.00   39.76   0.0013717
  104.89   21.22   39.36   0.0013717
  105.13   25.39   39.06   0.0013717
  105.31   29.56   38.82   0.0013717
  105.43   33.73   38.66   0.0013717
  105.37   37.94   38.71   0.0013717
  104.97   42.66   39.51   0.0013717
  105.11   48.02   39.90   0.0013717
  105.39   53.74   40.17   0.0013717
  109.75   16.74   39.48   0.0013717
  109.98   21.13   38.88   0.0013717
  110.20   25.32   38.57   0.0013717
  110.34   29.50   38.37   0.0013717
  110.37   33.69   38.29   0.0013717
  109.97   38.06   38.93   0.0013717
  109.78   42.93   39.56   0.0013717
  109.87   48.26   39.96   0.0013717
  110.08   53.88   40.30   0.0013717
   69.47   16.33   46.24   0.0013717
   69.69   20.95   46.91   0.0013717
   69.74   25.15   46.97   0.0013717
   69.87   29.34   46.92   0.0013717
   70.33   33.66   46.18   0.0013717
   70.64   38.32   45.42   0.0013717
   70.65   43.33   44.94   0.0013717
   70.48   48.66   44.59   0.0013717
   70.23   54.20   44.29   0.0013717
   74.56   16.69   46.27   0.0013717
   74.59   21.09   46.68   0.0013717
   74.59   25.26   46.79   0.0013717
   74.64   29.43   46.81   0.0013717
   74.91   33.63   46.50   0.0013717
   75.44   38.15   45.55   0.0013717
   75.54   43.08   44.99   0.0013717
   75.36   48.39   44.63   0.0013717
   75.05   53.97   44.34   0.0013717
   79.68   16.98   46.13   0.0013717
   79.64   21.18   46.25   0.0013717
   79.62   25.34   46.35   0.0013717
   79.61   29.49   46.41   0.0013717
   79.64   33.65   46.42   0.0013717
   80.17   37.98   45.68   0.0013717
   80.40   42.79   45.00   0.0013717
   80.18   48.12   44.66   0.0013717
   79.72   53.78   44.43   0.0013717
   84.81   17.05   45.60   0.0013717
   84.79   21.24   45.67   0.0013717
   84.77   25.39   45.73   0.0013717
   84.76   29.53   45.77   0.0013717
   84.75   33.68   45.80   0.0013717
   84.77   37.88   45.81   0.0013717
   85.23   42.48   45.00   0.0013717
   84.81   47.91   44.78   0.0013717
   84.78   53.71   44.71   0.0013717
   90.00   17.08   45.00   0.0013717
   90.00   21.26   45.00   0.0013717
   90.00   25.41   45.00   0.0013717
   90.00   29.54   45.00   0.0013717
   90.00   33.69   45.00   0.0013717
   90.00   37.88   45.00   0.0013717
   90.00   42.13   45.00   0.0013717
   90.00   47.88   45.00   0.0013717
   90.00   53.69   45.00   0.0013717
   95.19   17.05   44.40   0.0013717
   95.21   21.24   44.33   0.0013717
   95.23   25.39   44.27   0.0013717
   95.24   29.53   44.23   0.0013717
   95.25   33.68   44.20   0.0013717
   95.23   37.88   44.19   0.0013717
   94.77   42.48   45.00   0.0013717
   95.19   47.91   45.22   0.0013717
   95.22   53.71   45.29   0.0013717
  100.32   16.98   43.87   0.0013717
  100.36   21.18   43.75   0.0013717
  100.38   25.34   43.65   0.0013717
  100.39   29.49   43.59   0.0013717
  100.36   33.65   43.58   0.0013717
   99.83   37.98   44.32   0.0013717
   99.60   42.79   45.00   0.0013717
   99.82   48.12   45.34   0.0013717
  100.28   53.78   45.57   0.0013717
  105.44   16.69   43.73   0.0013717
  105.41   21.09   43.32   0.0013717
  105.41   25.26   43.21   0.0013717
  105.36   29.43   43.19   0.0013717
  105.09   33.63   43.50   0.0013717
  104.56   38.15   44.45   0.0013717
  104.46   43.08   45.01   0.0013717
  104.64   48.39   45.37   0.0013717
  104.95   53.97   45.66   0.0013717
  110.53   16.33   43.76   0.0013717
  110.31   20.95   43.09   0.0013717
  110.26   25.15   43.03   0.0013717
  110.13   29.34   43.08   0.0013717
  109.67   33.66   43.82   0.0013717
  109.36   38.32   44.58   0.0013717
  109.35   43.33   45.06   0.0013717
  109.52   48.66   45.41   0.0013717
  109.77   54.20   45.71   0.0013717
   70.25   16.74   50.52   0.0013717
   70.02   21.13   51.12   0.0013717
   69.80   25.32   51.43   0.0013717
   69.66   29.50   51.63   0.0013717
   69.63   33.69   51.71   0.0013717
   70.03   38.06   51.07   0.0013717
   70.22   42.93   50.44   0.0013717
   70.13   48.26   50.04   0.0013717
   69.92   53.88   49.70   0.0013717
   75.45   17.00   50.24   0.0013717
   75.11   21.22   50.64   0.0013717
   74.87   25.39   50.94   0.0013717
   74.69   29.56   51.18   0.0013717
   74.57   33.73   51.34   0.0013717
   74.63   37.94   51.29   0.0013717
   75.03   42.66   50.49   0.0013717
   74.89   48.02   50.10   0.0013717
   74.61   53.74   49.83   0.0013717
   80.62   17.06   49.68   0.0013717
   80.29   21.26   50.03   0.0013717
   80.05   25.42   50.30   0.0013717
   79.86   29.57   50.51   0.0013717
   79.71   33.74   50.70   0.0013717
   79.60   37.94   50.85   0.0013717
   79.78   42.35   50.53   0.0013717
   79.61   47.89   50.27   0.0013717
   79.67   53.69   50.10   0.0013717
   85.81   17.07   49.07   0.0013717
   85.51   21.27   49.36   0.0013717
   85.28   25.42   49.57   0.0013717
   85.11   29.56   49.74   0.0013717
   84.96   33.72   49.89   0.0013717
   84.84   37.91   50.04   0.0013717
   84.54   42.30   50.49   0.0013717
   84.81   47.86   50.48   0.0013717
   84.89   53.66   50.38   0.0013717
   90.99   17.04   48.48   0.0013717
   90.71   21.23   48.70   0.0013717
   90.51   25.38   48.85   0.0013717
   90.35   29.52   48.97   0.0013717
   90.22   33.68   49.08   0.0013717
   89.75   37.93   49.66   0.0013717
   89.38   42.64   50.45   0.0013717
   89.76   47.93   50.69   0.0013717
   90.13   53.68   50.67   0.0013717
   96.09   16.96   47.99   0.0013717
   95.83   21.16   48.14   0.0013717
   95.63   25.32   48.25   0.0013717
   95.47   29.47   48.35   0.0013717
   95.17   33.64   48.66   0.0013717
   94.43   38.11   49.78   0.0013717
   94.27   42.95   50.40   0.0013717
   94.53   48.21   50.72   0.0013717
   95.06   53.78   50.91   0.0013717
  101.11   16.63   48.01   0.0013717
  100.82   21.05   47.76   0.0013717
  100.61   25.22   47.86   0.0013717
  100.40   29.39   47.98   0.0013717
   99.68   33.70   48.98   0.0013717
   99.25   38.30   49.85   0.0013717
   99.20   43.24   50.38   0.0013717
   99.43   48.51   50.70   0.0013717
   99.81   54.02   50.96   0.0013717
  106.08   16.28   48.17   0.0013717
  105.65   20.91   47.63   0.0013717
  105.39   25.11   47.74   0.0013717
  105.00   29.32   48.15   0.0013717
  104.38   33.78   49.23   0.0013717
  104.12   38.49   49.94   0.0013717
  104.15   43.50   50.39   0.0013717
  104.37   48.79   50.70   0.0013717
  104.70   54.29   50.97   0.0013717
  110.98   15.94   48.38   0.0013717
  110.50   20.63   48.06   0.0013717
  109.95   24.97   47.92   0.0013717
  109.52   29.28   48.64   0.0013717
  109.13   33.83   49.51   0.0013717
  109.01   38.65   50.08   0.0013717
  109.10   43.73   50.46   0.0013717
  109.33   49.05   50.74   0.0013717
  109.63   54.54   50.99   0.0013717
   71.25   17.02   54.33   0.0013717
   70.61   21.26   55.00   0.0013717
   70.15   25.46   55.51   0.0013717
   69.80   29.65   55.91   0.0013717
   69.53   33.86   56.24   0.0013717
   69.35   38.09   56.47   0.0013717
   69.58   42.56   56.06   0.0013717
   69.57   47.91   55.60   0.0013717
   69.49   53.65   55.28   0.0013717
   76.44   17.07   53.74   0.0013717
   75.81   21.29   54.37   0.0013717
   75.35   25.47   54.84   0.0013717
   75.00   29.65   55.22   0.0013717
   74.71   33.84   55.55   0.0013717
   74.47   38.06   55.84   0.0013717
   74.27   42.35   56.10   0.0013717
   74.39   47.83   55.78   0.0013717
   74.54   53.60   55.51   0.0013717
   81.63   17.07   53.15   0.0013717
   81.02   21.28   53.71   0.0013717
   80.57   25.45   54.13   0.0013717
   80.22   29.61   54.48   0.0013717
   79.92   33.79   54.79   0.0013717
   79.66   38.01   55.09   0.0013717
   79.15   42.52   55.88   0.0013717
   79.56   47.80   55.98   0.0013717
   79.74   53.58   55.78   0.0013717
   86.80   17.03   52.56   0.0013717
   86.22   21.22   53.05   0.0013717
   85.80   25.39   53.40   0.0013717
   85.46   29.55   53.71   0.0013717
   85.16   33.73   54.00   0.0013717
   84.35   38.10   55.07   0.0013717
   84.05   42.83   55.80   0.0013717
   84.36   47.99   56.09   0.0013717
   84.93   53.59   56.05   0.0013717
   91.86   16.92   52.14   0.0013717
   91.31   21.14   52.52   0.0013717
   90.91   25.31   52.82   0.0013717
   90.60   29.47   53.05   0.0013717
   89.75   33.75   54.10   0.0013717
   89.13   38.29   55.13   0.0013717
   88.99   43.12   55.72   0.0013717
   89.25   48.30   56.04   0.0013717
   89.80   53.76   56.22   0.0013717
   96.77   16.57   52.34   0.0013717
   96.25   21.03   52.19   0.0013717
   95.84   25.21   52.47   0.0013717
   95.30   29.41   53.01   0.0013717
   94.41   33.84   54.32   0.0013717
   94.01   38.49   55.15   0.0013717
   93.98   43.40   55.66   0.0013717
   94.23   48.61   55.97   0.0013717
   94.66   54.04   56.21   0.0013717
  101.61   16.23   52.62   0.0013717
  101.02   20.86   52.22   0.0013717
  100.55   25.09   52.41   0.0013717
   99.80   29.40   53.46   0.0013717
   99.19   33.93   54.52   0.0013717
   98.94   38.67   55.21   0.0013717
   98.99   43.66   55.64   0.0013717
   99.24   48.90   55.92   0.0013717
   99.62   54.32   56.16   0.0013717
  106.38   15.90   52.96   0.0013717
  105.76   20.60   52.76   0.0013717
  105.03   24.97   52.70   0.0013717
  104.42   29.38   53.90   0.0013717
  104.01   34.00   54.75   0.0013717
  103.89   38.84   55.31   0.0013717
  104.00   43.90   55.66   0.0013717
  104.27   49.17   55.91   0.0013717
  104.62   54.59   56.13   0.0013717
  111.10   15.59   53.35   0.0013717
  110.43   20.33   53.35   0.0013717
  109.50   24.82   53.44   0.0013717
  109.07   29.33   54.40   0.0013717
  108.83   34.05   55.06   0.0013717
  108.83   38.98   55.47   0.0013717
  109.00   44.11   55.75   0.0013717
  109.28   49.41   55.96   0.0013717
  109.63   54.84   56.14   0.0013717
   72.28   17.07   57.78   0.0013717
   71.37   21.31   58.67   0.0013717
   70.71   25.53   59.32   0.0013717
   70.19   29.75   59.86   0.0013717
   69.77   33.98   60.33   0.0013717
   69.41   38.24   60.76   0.0013717
   69.08   42.58   61.18   0.0013717
   69.16   47.73   61.33   0.0013717
   69.40   53.46   60.97   0.0013717
   77.44   17.06   57.22   0.0013717
   76.53   21.29   58.06   0.0013717
   75.87   25.50   58.69   0.0013717
   75.34   29.70   59.21   0.0013717
   74.90   33.91   59.69   0.0013717
   74.45   38.19   60.21   0.0013717
   73.85   42.78   61.16   0.0013717
   74.10   47.78   61.48   0.0013717
   74.54   53.45   61.20   0.0013717
   82.62   17.01   56.63   0.0013717
   81.73   21.23   57.41   0.0013717
   81.06   25.42   58.00   0.0013717
   80.53   29.61   58.50   0.0013717
   79.97   33.85   59.10   0.0013717
   79.08   38.34   60.34   0.0013717
   78.78   43.05   61.06   0.0013717
   78.98   48.08   61.41   0.0013717
   79.64   53.48   61.45   0.0013717
   87.60   16.84   56.40   0.0013717
   86.81   21.13   56.88   0.0013717
   86.23   25.31   57.34   0.0013717
   85.72   29.50   57.78   0.0013717
   84.50   33.93   59.37   0.0013717
   83.92   38.51   60.35   0.0013717
   83.76   43.32   60.96   0.0013717
   83.98   48.39   61.30   0.0013717
   84.49   53.73   61.49   0.0013717
   92.41   16.50   56.70   0.0013717
   91.70   21.01   56.61   0.0013717
   91.12   25.20   57.03   0.0013717
   90.09   29.52   58.27   0.0013717
   89.25   34.02   59.53   0.0013717
   88.85   38.69   60.35   0.0013717
   88.80   43.58   60.86   0.0013717
   89.03   48.70   61.18   0.0013717
   89.46   54.03   61.41   0.0013717
   97.14   16.17   57.09   0.0013717
   96.42   20.83   56.81   0.0013717
   95.74   25.10   57.11   0.0013717
   94.71   29.53   58.65   0.0013717
   94.08   34.11   59.69   0.0013717
   93.83   38.86   60.37   0.0013717
   93.86   43.82   60.80   0.0013717
   94.11   48.99   61.08   0.0013717
   94.50   54.32   61.30   0.0013717
  101.79   15.85   57.56   0.0013717
  101.06   20.58   57.45   0.0013717
  100.20   25.00   57.77   0.0013717
   99.40   29.51   59.04   0.0013717
   98.96   34.18   59.89   0.0013717
   98.83   39.02   60.44   0.0013717
   98.93   44.05   60.78   0.0013717
   99.20   49.26   61.02   0.0013717
   99.58   54.60   61.21   0.0013717
  106.37   15.56   58.09   0.0013717
  105.62   20.33   58.15   0.0013717
  104.69   24.87   58.49   0.0013717
  104.11   29.47   59.51   0.0013717
  103.84   34.24   60.16   0.0013717
  103.82   39.17   60.57   0.0013717
  104.00   44.27   60.83   0.0013717
  104.29   49.50   61.01   0.0013717
  104.67   54.86   61.16   0.0013717
  110.88   15.30   58.66   0.0013717
  110.11   20.09   58.91   0.0013717
  109.10   24.72   59.35   0.0013717
  108.77   29.43   60.06   0.0013717
  108.68   34.29   60.50   0.0013717
  108.79   39.31   60.77   0.0013717
  109.04   44.46   60.94   0.0013717
  109.36   49.73   61.06   0.0013717
  109.75   55.09   61.17   0.0013717
   73.26   17.04   61.30   0.0013717
   72.06   21.31   62.41   0.0013717
   71.19   25.56   63.24   0.0013717
   70.49   29.81   63.93   0.0013717
   69.90   34.09   64.56   0.0013717
   69.22   38.48   65.40   0.0013717
   68.66   43.09   66.31   0.0013717
   68.65   47.94   66.78   0.0013717
   69.22   53.30   66.67   0.0013717
   78.42   16.98   60.72   0.0013717
   77.21   21.23   61.80   0.0013717
   76.33   25.47   62.61   0.0013717
   75.62   29.71   63.29   0.0013717
   74.74   34.06   64.30   0.0013717
   73.94   38.61   65.46   0.0013717
   73.59   43.31   66.21   0.0013717
   73.66   48.23   66.64   0.0013717
   74.18   53.42   66.82   0.0013717
   83.33   16.73   60.71   0.0013717
   82.35   21.12   61.21   0.0013717
   81.60   25.33   61.81   0.0013717
   80.49   29.64   63.01   0.0013717
   79.39   34.15   64.48   0.0013717
   78.81   38.76   65.46   0.0013717
   78.60   43.54   66.09   0.0013717
   78.72   48.52   66.47   0.0013717
   79.14   53.72   66.71   0.0013717
   88.04   16.41   61.09   0.0013717
   87.19   20.99   60.98   0.0013717
   86.47   25.21   61.52   0.0013717
   85.02   29.67   63.38   0.0013717
   84.19   34.23   64.61   0.0013717
   83.76   38.91   65.44   0.0013717
   83.66   43.76   65.97   0.0013717
   83.83   48.80   66.32   0.0013717
   84.21   54.02   66.56   0.0013717
   92.66   16.10   61.59   0.0013717
   91.85   20.79   61.41   0.0013717
   90.83   25.16   62.14   0.0013717
   89.72   29.67   63.71   0.0013717
   89.07   34.30   64.75   0.0013717
   88.77   39.06   65.44   0.0013717
   88.76   43.99   65.88   0.0013717
   88.97   49.07   66.18   0.0013717
   89.34   54.31   66.40   0.0013717
   97.19   15.80   62.17   0.0013717
   96.41   20.56   62.12   0.0013717
   95.37   25.06   62.76   0.0013717
   94.47   29.65   64.08   0.0013717
   93.98   34.36   64.93   0.0013717
   93.81   39.21   65.48   0.0013717
   93.88   44.20   65.83   0.0013717
   94.12   49.33   66.07   0.0013717
   94.49   54.58   66.25   0.0013717
  101.65   15.52   62.82   0.0013717
  100.87   20.33   62.92   0.0013717
   99.90   24.94   63.47   0.0013717
   99.21   29.62   64.52   0.0013717
   98.90   34.42   65.17   0.0013717
   98.86   39.34   65.58   0.0013717
   99.01   44.39   65.84   0.0013717
   99.28   49.56   66.01   0.0013717
   99.66   54.83   66.14   0.0013717
  106.04   15.28   63.52   0.0013717
  105.26   20.11   63.79   0.0013717
  104.33   24.81   64.32   0.0013717
  103.92   29.58   65.04   0.0013717
  103.81   34.47   65.48   0.0013717
  103.89   39.47   65.74   0.0013717
  104.11   44.58   65.90   0.0013717
  104.43   49.78   66.00   0.0013717
  104.82   55.06   66.07   0.0013717
  110.37   15.07   64.26   0.0013717
  109.59   19.92   64.69   0.0013717
  108.66   24.68   65.29   0.0013717
  108.58   29.55   65.66   0.0013717
  108.67   34.53   65.85   0.0013717
  108.89   39.60   65.96   0.0013717
  109.19   44.75   66.02   0.0013717
  109.54   49.98   66.05   0.0013717
  109.95   55.27   66.05   0.0013717
