This file is created by TexTools software, Resmat Corp.
ODF file name: file Created at Texture lab IITK

B 729 0
	16.850 25.300 0.000 1
	12.890 30.150 17.230 1
	13.480 34.810 17.940 1
	13.970 39.430 18.270 1
	14.040 44.620 18.400 1
	14.090 49.830 18.660 1
	14.080 55.080 18.910 1
	14.050 60.340 19.130 1
	14.010 65.620 19.420 1
	17.570 24.980 16.790 1
	18.070 30.070 17.350 1
	18.770 34.810 17.960 1
	19.060 39.500 18.260 1
	19.310 44.340 18.600 1
	19.340 49.570 18.730 1
	19.380 54.800 18.910 1
	19.470 60.030 19.090 1
	19.250 65.400 19.400 1
	23.060 25.050 17.190 1
	23.340 30.010 17.400 1
	23.760 34.880 17.840 1
	24.080 39.550 18.300 1
	24.390 44.210 18.530 1
	24.630 49.290 18.810 1
	24.610 54.560 19.050 1
	24.630 59.830 19.290 1
	24.750 65.070 19.430 1
	31.710 24.890 21.550 1
	31.050 29.670 20.660 1
	28.770 34.940 17.880 1
	29.040 39.600 18.030 1
	29.700 44.130 18.900 1
	29.820 49.070 18.760 1
	29.890 54.320 18.990 1
	29.830 59.630 19.280 1
	29.860 64.920 19.500 1
	36.440 25.030 21.220 1
	35.950 29.760 20.430 1
	35.580 34.500 20.000 1
	33.960 39.660 18.010 1
	34.840 44.090 19.210 1
	34.720 48.960 18.830 1
	35.010 54.140 18.970 1
	35.090 59.420 19.260 1
	34.990 64.780 19.540 1
	41.200 25.150 20.870 1
	40.740 29.860 20.350 1
	40.380 34.590 20.010 1
	40.090 39.330 19.640 1
	39.870 44.080 19.330 1
	39.620 48.890 18.810 1
	39.790 54.120 19.050 1
	39.900 59.400 19.350 1
	40.000 64.700 19.500 1
	46.000 25.240 20.550 1
	45.560 29.940 20.160 1
	45.210 34.650 19.920 1
	44.930 39.380 19.350 1
	44.200 44.300 18.460 1
	44.520 48.900 19.000 1
	44.610 54.100 19.100 1
	44.740 59.400 19.380 1
	44.850 64.720 19.520 1
	50.870 25.310 20.480 1
	50.410 30.000 20.200 1
	50.080 34.690 19.740 1
	49.810 39.410 19.500 1
	49.580 44.150 19.060 1
	49.310 48.940 18.780 1
	49.470 54.090 19.100 1
	49.610 59.400 19.380 1
	49.730 64.740 19.500 1
	55.760 25.350 20.680 1
	55.330 30.020 20.150 1
	55.010 34.700 19.810 1
	54.720 39.410 19.570 1
	54.490 44.140 19.150 1
	54.300 48.900 19.050 1
	54.390 54.080 19.090 1
	54.530 59.420 19.340 1
	54.650 64.760 19.660 1
	12.910 25.080 12.460 1
	13.290 30.060 12.750 1
	13.500 35.000 13.020 1
	13.600 39.900 12.670 1
	13.790 44.670 13.060 1
	13.960 49.660 13.260 1
	14.070 54.860 13.640 1
	14.210 60.050 13.660 1
	14.360 65.230 13.990 1
	21.110 24.970 15.700 1
	18.690 30.130 13.090 1
	18.830 35.060 12.880 1
	18.820 39.900 12.850 1
	18.860 44.690 12.990 1
	19.140 49.400 13.320 1
	19.250 54.610 13.560 1
	19.380 59.820 13.720 1
	19.530 65.010 13.950 1
	26.610 24.960 16.350 1
	25.820 29.830 15.310 1
	25.240 34.690 14.740 1
	24.020 39.870 13.240 1
	23.930 44.680 13.070 1
	24.170 49.370 13.420 1
	24.510 54.330 13.540 1
	24.490 59.620 13.970 1
	24.650 64.820 14.090 1
	31.650 25.050 16.410 1
	31.120 29.820 15.730 1
	30.510 34.660 15.240 1
	30.050 39.510 14.480 1
	29.110 44.620 13.210 1
	29.160 49.370 13.440 1
	29.580 54.150 13.820 1
	29.740 59.370 13.770 1
	29.730 64.680 14.160 1
	36.420 25.180 15.970 1
	35.910 29.930 15.630 1
	35.510 34.700 15.100 1
	35.170 39.480 14.830 1
	34.810 44.320 14.380 1
	34.130 49.360 13.460 1
	34.510 54.060 13.830 1
	34.740 59.270 14.050 1
	34.850 64.530 14.200 1
	41.240 25.280 16.000 1
	40.730 30.020 15.360 1
	40.340 34.770 14.950 1
	40.030 39.530 14.830 1
	39.770 44.320 14.450 1
	39.530 49.140 13.890 1
	39.410 54.010 13.720 1
	39.560 59.280 14.090 1
	39.690 64.560 14.180 1
	46.100 25.350 15.880 1
	45.600 30.080 15.360 1
	45.210 34.820 15.030 1
	44.900 39.570 14.640 1
	44.640 44.350 14.320 1
	44.420 49.150 13.860 1
	44.270 54.010 13.730 1
	44.430 59.290 14.050 1
	44.560 64.590 14.110 1
	51.000 25.390 16.110 1
	50.580 30.090 15.490 1
	50.250 34.790 15.430 1
	49.980 39.510 14.870 1
	49.530 44.350 14.360 1
	49.320 49.140 13.910 1
	49.170 54.010 13.710 1
	49.330 59.310 14.050 1
	49.530 64.600 14.240 1
	56.190 25.340 16.420 1
	55.750 30.020 15.890 1
	55.390 34.710 15.510 1
	54.800 39.530 14.750 1
	54.470 44.320 14.480 1
	54.240 49.110 13.950 1
	54.120 54.020 13.650 1
	54.700 59.120 13.850 1
	54.430 64.660 14.360 1
	15.090 25.360 9.910 1
	15.240 30.060 9.940 1
	14.230 35.150 8.890 1
	14.230 40.020 8.620 1
	14.180 44.860 8.370 1
	14.130 49.730 8.440 1
	14.060 54.600 8.350 1
	14.190 59.440 8.450 1
	14.420 64.390 8.830 1
	21.450 25.090 11.240 1
	20.680 30.010 10.300 1
	20.130 34.930 10.030 1
	19.740 39.840 9.480 1
	19.330 44.820 8.780 1
	19.240 49.680 8.370 1
	19.150 54.570 8.540 1
	19.240 59.560 8.430 1
	19.470 64.540 8.790 1
	26.880 25.070 11.950 1
	26.020 29.970 11.090 1
	25.420 34.870 10.260 1
	24.980 39.770 9.730 1
	24.670 44.660 9.200 1
	24.450 49.560 8.850 1
	24.240 54.490 8.530 1
	24.400 59.350 8.390 1
	24.520 64.580 8.710 1
	31.680 25.210 11.600 1
	31.110 30.000 10.940 1
	30.610 34.830 10.300 1
	30.130 39.720 9.800 1
	29.790 44.600 9.280 1
	29.550 49.480 8.930 1
	29.390 54.360 8.900 1
	29.380 59.240 8.430 1
	29.630 64.410 8.870 1
	36.510 25.320 11.630 1
	35.950 30.100 10.520 1
	35.510 34.890 10.340 1
	35.170 39.700 10.070 1
	34.820 44.560 9.650 1
	34.580 49.420 8.870 1
	34.420 54.280 8.870 1
	34.340 59.180 8.740 1
	34.470 64.430 8.770 1
	41.360 25.400 11.420 1
	40.810 30.170 11.070 1
	40.390 34.940 10.470 1
	40.120 39.700 10.100 1
	39.750 44.560 9.680 1
	39.520 49.400 9.020 1
	39.330 54.270 8.940 1
	39.260 59.160 8.860 1
	39.510 64.370 9.120 1
	46.360 25.410 11.450 1
	45.910 30.130 11.100 1
	45.550 34.850 10.390 1
	45.060 39.690 10.270 1
	44.630 44.560 9.670 1
	44.390 49.400 9.020 1
	44.200 54.260 8.970 1
	44.160 59.190 8.780 1
	44.420 64.410 9.050 1
	51.530 25.350 11.770 1
	51.040 30.050 11.520 1
	50.430 34.860 10.980 1
	49.860 39.720 9.990 1
	49.550 44.540 9.300 1
	49.300 49.370 9.100 1
	49.100 54.240 8.570 1
	49.030 59.260 8.950 1
	49.760 64.200 8.750 1
	56.620 25.290 12.080 1
	55.970 30.030 11.280 1
	55.160 34.900 10.490 1
	54.790 39.680 10.170 1
	54.490 44.480 9.520 1
	54.240 49.320 8.790 1
	54.020 54.190 8.670 1
	54.020 59.300 8.800 1
	54.180 64.610 8.910 1
	16.370 25.230 5.990 1
	15.620 30.200 5.330 1
	15.110 35.170 4.780 1
	14.870 40.070 4.760 1
	14.770 44.910 4.090 1
	14.680 49.790 4.390 1
	14.600 54.690 4.010 1
	14.440 59.530 4.070 1
	14.750 64.370 4.430 1
	21.830 25.180 6.220 1
	20.990 30.140 5.720 1
	20.410 35.090 5.300 1
	20.040 40.020 4.680 1
	19.900 44.860 3.900 1
	19.780 49.730 4.050 1
	19.670 54.620 3.500 1
	19.570 59.550 3.840 1
	19.640 64.380 4.150 1
	26.950 25.230 6.640 1
	26.280 30.090 5.770 1
	25.630 35.030 5.450 1
	25.220 39.960 4.650 1
	25.020 44.780 4.060 1
	24.870 49.640 4.170 1
	24.730 54.530 3.440 1
	24.610 59.450 3.510 1
	24.480 64.420 3.740 1
	31.790 25.350 6.650 1
	31.190 30.170 6.610 1
	30.730 35.010 5.990 1
	30.410 39.920 5.490 1
	30.060 44.730 4.840 1
	29.820 49.630 4.420 1
	29.620 54.550 4.410 1
	29.440 59.490 4.270 1
	29.320 64.450 3.360 1
	36.660 25.430 6.210 1
	36.110 30.220 5.810 1
	35.760 34.990 5.370 1
	35.270 39.880 4.960 1
	34.920 44.770 4.410 1
	34.670 49.660 4.110 1
	34.460 54.570 4.180 1
	34.290 59.510 3.990 1
	34.300 64.350 3.090 1
	41.770 25.400 6.950 1
	41.260 30.150 6.270 1
	40.720 34.980 5.640 1
	40.180 39.880 4.980 1
	39.800 44.780 4.330 1
	39.540 49.660 4.090 1
	39.320 54.570 4.130 1
	39.140 59.510 3.960 1
	39.250 64.270 3.760 1
	46.900 25.350 7.270 1
	46.330 30.090 6.460 1
	45.550 35.010 6.210 1
	45.000 39.910 5.580 1
	44.690 44.770 4.500 1
	44.420 49.640 4.280 1
	44.200 54.550 4.390 1
	44.020 59.480 3.130 1
	44.160 64.310 3.610 1
	51.970 25.280 7.600 1
	51.080 30.130 6.690 1
	50.350 35.050 5.430 1
	50.090 39.980 5.770 1
	49.610 44.710 5.020 1
	49.330 49.600 3.700 1
	49.110 54.500 3.770 1
	48.920 59.440 3.630 1
	49.030 64.450 3.640 1
	56.850 25.250 8.110 1
	55.830 30.190 6.590 1
	55.560 35.160 6.270 1
	55.280 40.080 5.620 1
	54.560 44.630 4.850 1
	54.280 49.520 4.430 1
	54.040 54.430 3.260 1
	53.850 59.380 4.030 1
	53.930 64.600 3.540 1
	16.850 25.300 0.000 1
	16.050 30.310 2.280 1
	15.830 35.310 0.420 1
	15.760 40.220 1.740 1
	15.630 45.100 0.000 1
	15.240 49.780 1.910 1
	15.140 54.690 0.000 1
	14.970 59.700 0.000 1
	14.830 64.720 0.000 1
	22.240 25.240 0.000 1
	21.340 30.240 2.540 1
	20.970 35.230 1.580 1
	20.970 40.200 0.000 1
	20.860 45.150 0.610 1
	20.190 49.800 1.320 1
	19.980 54.770 1.070 1
	19.810 59.770 0.810 1
	19.660 64.780 1.900 1
	27.110 25.360 0.000 1
	26.460 30.230 0.000 1
	26.080 35.170 1.000 1
	25.780 40.130 2.300 1
	25.480 45.070 0.650 1
	25.030 49.880 1.860 1
	24.810 54.840 2.110 1
	24.680 59.780 0.000 1
	24.680 64.650 1.740 1
	32.010 25.450 3.190 1
	31.520 30.220 0.000 1
	30.930 35.130 0.000 1
	30.480 40.080 0.940 1
	30.190 45.020 0.000 1
	29.880 49.920 0.000 1
	29.660 54.870 1.280 1
	29.540 59.790 0.000 1
	29.620 64.570 0.000 1
	37.190 25.390 3.300 1
	36.620 30.170 3.220 1
	35.880 35.130 0.000 1
	35.370 40.070 1.610 1
	35.010 45.000 0.000 1
	34.740 49.930 0.000 1
	34.520 54.880 1.020 1
	34.330 59.850 1.800 1
	34.400 64.640 2.010 1
	42.300 25.320 3.580 1
	41.490 30.180 2.580 1
	40.740 35.150 2.230 1
	40.230 40.090 0.440 1
	39.930 45.020 0.000 1
	39.610 49.910 0.000 1
	39.380 54.860 1.600 1
	39.190 59.830 2.120 1
	39.160 64.710 0.730 1
	47.330 25.260 3.920 1
	46.260 30.220 0.000 1
	45.590 35.190 0.000 1
	45.280 40.140 2.010 1
	44.960 45.060 1.120 1
	44.500 49.860 2.100 1
	44.270 54.810 0.000 1
	44.070 59.790 0.000 1
	43.920 64.780 2.030 1
	52.020 25.300 1.890 1
	51.100 30.290 0.000 1
	50.780 35.270 0.000 1
	50.450 40.220 2.020 1
	50.110 45.140 1.290 1
	49.420 49.790 1.800 1
	49.170 54.750 2.020 1
	48.970 59.730 1.960 1
	48.800 64.740 0.000 1
	56.770 25.370 1.050 1
	56.450 30.380 2.920 1
	56.090 35.360 2.330 1
	55.730 40.320 0.820 1
	55.350 45.250 0.000 1
	54.360 49.690 2.170 1
	54.100 54.650 2.000 1
	53.900 59.640 1.510 1
	53.730 64.660 1.750 1
	17.340 25.340 2.850 1
	16.710 30.370 3.940 1
	16.670 35.320 3.190 1
	16.340 40.230 4.030 1
	15.860 45.130 4.690 1
	15.440 50.020 4.470 1
	15.220 55.040 5.450 1
	15.050 60.080 5.700 1
	14.850 65.080 5.880 1
	22.440 25.370 0.000 1
	21.850 30.310 3.670 1
	21.500 35.320 3.430 1
	21.150 40.300 4.260 1
	20.730 45.220 4.660 1
	20.290 50.110 4.750 1
	20.070 55.110 5.110 1
	19.970 60.050 5.220 1
	19.980 64.920 5.870 1
	27.460 25.400 2.350 1
	26.810 30.270 2.670 1
	26.150 35.280 4.290 1
	25.820 40.260 3.830 1
	25.490 45.220 4.790 1
	25.160 50.160 5.160 1
	25.000 55.070 5.410 1
	24.950 59.950 5.760 1
	24.950 64.810 5.720 1
	32.620 25.340 1.900 1
	31.810 30.260 3.070 1
	31.110 35.260 3.100 1
	30.610 40.240 4.190 1
	30.280 45.190 5.120 1
	30.000 50.170 5.120 1
	29.810 55.130 5.120 1
	29.840 59.910 5.330 1
	29.860 64.740 5.410 1
	37.570 25.340 2.170 1
	36.710 30.270 2.660 1
	35.990 35.270 2.820 1
	35.510 40.250 4.080 1
	35.160 45.200 5.090 1
	34.860 50.160 5.230 1
	34.630 55.160 5.740 1
	34.570 60.020 5.580 1
	34.650 64.780 5.980 1
	42.310 25.400 2.410 1
	41.500 30.300 3.640 1
	40.870 35.310 3.670 1
	40.530 40.280 4.690 1
	40.160 45.230 4.710 1
	39.740 50.120 4.800 1
	39.500 55.120 5.270 1
	39.300 60.130 5.790 1
	39.400 64.880 5.700 1
	47.030 25.430 0.000 1
	46.390 30.360 1.490 1
	46.040 35.360 3.890 1
	45.660 40.330 3.680 1
	45.270 45.280 4.930 1
	44.630 50.050 5.610 1
	44.380 55.050 5.780 1
	44.180 60.070 6.060 1
	44.130 64.970 6.020 1
	51.300 24.790 0.000 1
	51.720 30.420 0.810 1
	51.330 35.430 3.640 1
	50.910 40.410 3.450 1
	50.490 45.360 3.750 1
	49.540 49.950 5.130 1
	49.290 54.960 5.930 1
	49.070 59.990 5.900 1
	48.900 65.040 6.360 1
	57.050 25.240 0.000 1
	57.160 30.510 2.960 1
	56.720 35.520 2.860 1
	56.280 40.500 2.700 1
	55.810 45.450 4.410 1
	54.470 49.830 5.720 1
	54.210 54.840 6.280 1
	53.990 59.890 6.090 1
	53.820 64.950 6.120 1
	17.780 25.360 6.680 1
	17.310 30.380 7.770 1
	16.750 35.330 7.890 1
	16.210 40.270 8.420 1
	15.850 45.270 8.920 1
	15.600 50.310 9.370 1
	15.380 55.350 10.080 1
	15.320 60.280 10.010 1
	15.330 65.150 10.190 1
	22.900 25.340 6.700 1
	22.040 30.360 7.310 1
	21.570 35.390 8.160 1
	21.180 40.390 8.780 1
	20.730 45.340 9.130 1
	20.450 50.360 9.650 1
	20.340 55.280 9.950 1
	20.290 60.170 9.960 1
	20.300 65.020 10.130 1
	27.740 25.440 7.290 1
	27.070 30.330 7.530 1
	26.390 35.370 8.380 1
	25.960 40.380 8.930 1
	25.610 45.360 9.520 1
	25.390 50.310 9.440 1
	25.270 55.220 9.790 1
	25.220 60.090 10.180 1
	25.220 64.930 10.350 1
	32.540 25.520 7.120 1
	31.980 30.330 7.460 1
	31.280 35.370 8.350 1
	30.820 40.380 8.940 1
	30.480 45.360 9.080 1
	30.180 50.390 9.640 1
	30.090 55.240 10.150 1
	30.080 60.060 10.310 1
	30.080 64.890 10.140 1
	37.270 25.470 7.110 1
	36.790 30.360 7.090 1
	36.180 35.400 8.090 1
	35.800 40.390 8.750 1
	35.410 45.370 9.450 1
	35.040 50.350 9.780 1
	34.800 55.390 10.210 1
	34.820 60.160 10.150 1
	34.890 64.900 10.510 1
	41.940 25.320 7.540 1
	41.710 30.410 7.330 1
	41.320 35.430 8.290 1
	40.910 40.430 8.360 1
	40.490 45.400 9.160 1
	40.050 50.360 9.680 1
	39.660 55.330 10.000 1
	39.530 60.300 10.650 1
	39.610 65.030 10.380 1
	46.110 24.590 6.740 1
	46.950 30.430 6.800 1
	46.580 35.470 7.560 1
	46.130 40.470 8.360 1
	45.670 45.450 9.190 1
	45.200 50.400 9.760 1
	44.540 55.240 10.470 1
	44.320 60.310 10.620 1
	44.340 65.140 10.570 1
	49.470 22.920 6.050 1
	52.140 30.380 7.330 1
	51.960 35.530 7.330 1
	51.460 40.540 8.190 1
	50.960 45.520 8.570 1
	50.440 50.470 9.270 1
	49.100 55.530 10.280 1
	49.220 60.210 10.690 1
	49.080 65.250 10.750 1
	57.240 25.070 7.420 1
	57.420 30.340 6.920 1
	57.440 35.600 6.920 1
	56.900 40.610 7.840 1
	56.340 45.600 8.300 1
	55.770 50.560 9.100 1
	53.760 55.700 10.580 1
	54.130 60.100 11.000 1
	53.940 65.210 10.940 1
	17.830 25.320 12.010 1
	17.340 30.400 12.290 1
	16.860 35.360 12.940 1
	16.400 40.420 13.250 1
	16.080 45.460 13.920 1
	15.820 50.520 14.340 1
	15.720 55.440 14.640 1
	16.130 59.660 13.920 1
	16.150 64.450 14.010 1
	22.630 25.400 12.090 1
	22.280 30.440 12.510 1
	21.720 35.450 12.930 1
	21.290 40.460 13.450 1
	20.960 45.490 13.870 1
	20.770 50.450 14.220 1
	20.660 55.360 14.550 1
	20.900 59.810 14.100 1
	20.920 64.590 14.270 1
	27.410 25.390 12.340 1
	27.120 30.470 12.300 1
	26.620 35.440 12.950 1
	26.170 40.470 13.420 1
	25.850 45.470 13.930 1
	25.650 50.420 14.310 1
	25.530 55.320 14.380 1
	25.470 60.190 14.780 1
	25.660 64.730 14.490 1
	32.130 25.320 12.540 1
	31.900 30.410 12.350 1
	31.530 35.450 12.830 1
	31.120 40.480 13.340 1
	30.690 45.490 13.900 1
	30.470 50.440 14.310 1
	30.350 55.340 14.680 1
	30.300 60.190 14.830 1
	30.300 65.010 14.850 1
	36.790 25.200 12.690 1
	36.040 29.640 12.070 1
	36.630 35.470 12.580 1
	36.190 40.500 13.140 1
	35.740 45.500 13.760 1
	35.270 50.490 14.500 1
	35.030 55.530 14.710 1
	35.040 60.290 15.020 1
	35.090 65.040 15.100 1
	40.850 24.380 12.130 1
	39.360 27.900 10.110 1
	41.860 35.490 12.630 1
	41.380 40.520 13.200 1
	40.890 45.530 13.840 1
	40.390 50.520 14.320 1
	39.870 55.490 14.770 1
	39.740 60.450 15.130 1
	39.810 65.170 15.280 1
	44.240 22.730 10.100 1
	46.980 30.240 12.600 1
	47.050 35.470 12.260 1
	46.690 40.550 12.770 1
	46.150 45.570 13.500 1
	45.600 50.560 14.060 1
	44.550 55.630 14.840 1
	44.510 60.500 15.090 1
	44.540 65.310 15.420 1
	47.680 21.150 9.080 1
	52.250 30.180 12.390 1
	52.290 35.430 12.440 1
	52.090 40.600 12.630 1
	51.500 45.610 13.400 1
	50.900 50.600 14.010 1
	49.210 55.820 15.110 1
	49.220 60.640 15.410 1
	49.270 65.430 15.330 1
	57.450 24.880 12.380 1
	57.600 30.130 12.150 1
	57.600 35.380 12.170 1
	57.510 40.620 12.240 1
	56.930 45.670 12.890 1
	56.280 50.670 13.600 1
	53.870 56.030 15.320 1
	53.910 60.840 15.430 1
	54.040 65.530 15.450 1
	17.500 25.160 17.150 1
	17.130 30.250 17.580 1
	16.940 35.430 17.850 1
	16.660 40.520 18.110 1
	16.350 45.570 18.460 1
	16.160 50.530 18.790 1
	16.280 55.060 18.640 1
	16.210 59.940 18.930 1
	16.170 64.830 19.090 1
	22.210 25.230 17.340 1
	21.930 30.310 17.770 1
	21.770 35.430 17.860 1
	21.540 40.530 18.080 1
	21.250 45.540 18.520 1
	21.230 50.220 18.560 1
	21.150 55.040 18.710 1
	21.130 59.840 18.870 1
	21.100 64.680 19.040 1
	26.920 25.190 17.850 1
	26.710 30.270 17.730 1
	26.000 34.710 16.890 1
	26.460 40.530 18.050 1
	26.080 45.560 18.520 1
	25.890 50.510 18.890 1
	25.770 55.410 19.040 1
	25.840 60.030 19.000 1
	25.850 64.800 19.250 1
	31.580 25.080 17.880 1
	30.780 29.420 16.940 1
	29.320 33.000 15.400 1
	31.500 40.540 17.950 1
	31.030 45.570 18.450 1
	30.660 50.560 18.850 1
	30.550 55.460 19.230 1
	30.500 60.310 19.450 1
	30.570 64.970 19.420 1
	35.650 24.290 17.150 1
	34.180 27.780 15.320 1
	36.680 35.350 17.860 1
	36.660 40.540 17.760 1
	36.140 45.580 18.310 1
	35.620 50.610 18.970 1
	35.240 55.650 19.500 1
	35.240 60.410 19.610 1
	35.260 65.180 19.750 1
	39.030 22.630 15.770 1
	37.560 26.130 13.470 1
	41.840 35.310 17.670 1
	41.810 40.510 17.780 1
	41.370 45.600 18.100 1
	40.790 50.620 18.820 1
	40.220 55.630 19.270 1
	39.940 60.600 19.710 1
	39.990 65.320 19.900 1
	42.390 20.980 14.130 1
	47.010 30.030 17.740 1
	47.070 35.250 17.490 1
	47.020 40.470 17.580 1
	46.680 45.610 18.080 1
	46.070 50.640 18.620 1
	44.680 55.880 19.720 1
	44.670 60.700 19.840 1
	44.710 65.470 20.020 1
	45.830 19.400 12.530 1
	52.350 29.970 17.220 1
	52.370 35.200 17.310 1
	52.290 40.430 17.390 1
	52.090 45.640 17.750 1
	51.420 50.670 18.360 1
	49.350 56.100 19.920 1
	49.370 60.910 20.080 1
	49.430 65.650 20.130 1
	57.160 24.740 17.900 1
	57.760 29.900 17.050 1
	57.740 35.130 17.130 1
	57.630 40.370 17.500 1
	57.440 45.610 17.710 1
	56.840 50.700 18.290 1
	54.010 56.340 20.090 1
	54.100 61.040 20.150 1
	54.220 65.710 20.070 1
