
*******   STEP   1
    1   0.590E+00   0.334E+00   0.816E+00
    2   0.822E-01   0.100E+01   0.464E+00
    3   0.161E-01   0.984E+00   0.798E-01
    4   0.252E-01   0.960E+00   0.150E+00
    5   0.140E-01   0.764E+00   0.758E-01
    6   0.118E-01   0.623E+00   0.513E-01
    7   0.103E-01   0.561E+00   0.444E-01
    8   0.879E-02   0.510E+00   0.374E-01
    9   0.802E-02   0.459E+00   0.334E-01
   10   0.714E-02   0.415E+00   0.291E-01
   11   0.643E-02   0.380E+00   0.257E-01
   12   0.585E-02   0.353E+00   0.232E-01
   13   0.539E-02   0.331E+00   0.213E-01
   14   0.501E-02   0.314E+00   0.198E-01
   15   0.470E-02   0.300E+00   0.185E-01
   16   0.444E-02   0.289E+00   0.175E-01
   17   0.424E-02   0.280E+00   0.167E-01
   18   0.407E-02   0.273E+00   0.161E-01
   19   0.393E-02   0.267E+00   0.155E-01
   20   0.381E-02   0.261E+00   0.151E-01
   21   0.371E-02   0.257E+00   0.147E-01
   22   0.363E-02   0.252E+00   0.144E-01
   23   0.355E-02   0.248E+00   0.140E-01
   24   0.348E-02   0.244E+00   0.138E-01
   25   0.342E-02   0.241E+00   0.135E-01
   26   0.336E-02   0.238E+00   0.133E-01
   27   0.330E-02   0.234E+00   0.130E-01
   28   0.325E-02   0.231E+00   0.128E-01
   29   0.320E-02   0.228E+00   0.126E-01
   30   0.316E-02   0.226E+00   0.124E-01
   31   0.311E-02   0.223E+00   0.122E-01
   32   0.307E-02   0.220E+00   0.120E-01
   33   0.303E-02   0.217E+00   0.119E-01
   34   0.299E-02   0.214E+00   0.117E-01
   35   0.295E-02   0.212E+00   0.115E-01
   36   0.291E-02   0.209E+00   0.113E-01
   37   0.288E-02   0.207E+00   0.112E-01
   38   0.284E-02   0.204E+00   0.110E-01
   39   0.280E-02   0.202E+00   0.109E-01
   40   0.277E-02   0.199E+00   0.107E-01
   41   0.274E-02   0.197E+00   0.106E-01
   42   0.270E-02   0.195E+00   0.104E-01
   43   0.267E-02   0.192E+00   0.103E-01
   44   0.264E-02   0.190E+00   0.102E-01
   45   0.261E-02   0.188E+00   0.100E-01
   46   0.258E-02   0.185E+00   0.991E-02
   47   0.255E-02   0.183E+00   0.979E-02
   48   0.252E-02   0.181E+00   0.966E-02
   49   0.249E-02   0.179E+00   0.954E-02
   50   0.246E-02   0.176E+00   0.942E-02
   51   0.243E-02   0.174E+00   0.930E-02
   52   0.240E-02   0.172E+00   0.919E-02
   53   0.237E-02   0.170E+00   0.907E-02
   54   0.234E-02   0.168E+00   0.896E-02
   55   0.232E-02   0.166E+00   0.885E-02
   56   0.229E-02   0.164E+00   0.874E-02
   57   0.226E-02   0.162E+00   0.863E-02
   58   0.224E-02   0.160E+00   0.852E-02
   59   0.221E-02   0.158E+00   0.842E-02
   60   0.218E-02   0.156E+00   0.832E-02
   61   0.216E-02   0.154E+00   0.821E-02
   62   0.213E-02   0.152E+00   0.811E-02
   63   0.211E-02   0.150E+00   0.801E-02
   64   0.208E-02   0.149E+00   0.792E-02
   65   0.206E-02   0.147E+00   0.782E-02
   66   0.203E-02   0.145E+00   0.772E-02
   67   0.201E-02   0.143E+00   0.763E-02
   68   0.199E-02   0.141E+00   0.754E-02
   69   0.196E-02   0.140E+00   0.744E-02
   70   0.194E-02   0.138E+00   0.735E-02
   71   0.192E-02   0.136E+00   0.726E-02
   72   0.189E-02   0.134E+00   0.717E-02
   73   0.187E-02   0.133E+00   0.709E-02
   74   0.185E-02   0.131E+00   0.700E-02
   75   0.183E-02   0.129E+00   0.691E-02
   76   0.180E-02   0.128E+00   0.683E-02
   77   0.178E-02   0.126E+00   0.674E-02
   78   0.176E-02   0.125E+00   0.666E-02
   79   0.174E-02   0.123E+00   0.658E-02
   80   0.172E-02   0.121E+00   0.650E-02
   81   0.170E-02   0.120E+00   0.642E-02
   82   0.168E-02   0.118E+00   0.634E-02
   83   0.166E-02   0.117E+00   0.626E-02
   84   0.164E-02   0.115E+00   0.618E-02
   85   0.162E-02   0.114E+00   0.611E-02
   86   0.160E-02   0.112E+00   0.603E-02
   87   0.158E-02   0.111E+00   0.596E-02
   88   0.156E-02   0.110E+00   0.588E-02
   89   0.154E-02   0.108E+00   0.581E-02
   90   0.152E-02   0.107E+00   0.574E-02
   91   0.150E-02   0.106E+00   0.567E-02
   92   0.148E-02   0.104E+00   0.560E-02
   93   0.146E-02   0.103E+00   0.553E-02
   94   0.145E-02   0.102E+00   0.546E-02
   95   0.143E-02   0.100E+00   0.539E-02
   96   0.141E-02   0.989E-01   0.533E-02
   97   0.139E-02   0.976E-01   0.526E-02
   98   0.138E-02   0.964E-01   0.519E-02
   99   0.136E-02   0.951E-01   0.513E-02
  100   0.134E-02   0.939E-01   0.507E-02

*******   STEP   2
    1   0.695E-01   0.117E+00   0.187E+00
    2   0.175E-01   0.238E+00   0.688E-01
    3   0.847E-02   0.142E+00   0.224E-01
    4   0.616E-02   0.147E+00   0.230E-01
    5   0.201E-02   0.136E+00   0.813E-02
    6   0.242E-02   0.118E+00   0.901E-02
    7   0.177E-02   0.109E+00   0.737E-02
    8   0.154E-02   0.104E+00   0.647E-02
    9   0.148E-02   0.101E+00   0.623E-02
   10   0.144E-02   0.986E-01   0.603E-02
   11   0.141E-02   0.959E-01   0.590E-02
   12   0.138E-02   0.938E-01   0.576E-02
   13   0.135E-02   0.922E-01   0.563E-02
   14   0.133E-02   0.908E-01   0.552E-02
   15   0.131E-02   0.895E-01   0.542E-02
   16   0.129E-02   0.882E-01   0.533E-02
   17   0.127E-02   0.871E-01   0.525E-02
   18   0.126E-02   0.859E-01   0.517E-02
   19   0.124E-02   0.848E-01   0.509E-02
   20   0.122E-02   0.837E-01   0.501E-02
   21   0.121E-02   0.827E-01   0.494E-02
   22   0.119E-02   0.816E-01   0.486E-02
   23   0.118E-02   0.806E-01   0.479E-02
   24   0.116E-02   0.796E-01   0.472E-02
   25   0.115E-02   0.785E-01   0.465E-02
   26   0.113E-02   0.775E-01   0.458E-02
   27   0.112E-02   0.765E-01   0.452E-02
   28   0.110E-02   0.755E-01   0.445E-02
   29   0.109E-02   0.746E-01   0.439E-02
   30   0.107E-02   0.736E-01   0.432E-02
   31   0.106E-02   0.726E-01   0.426E-02
   32   0.104E-02   0.717E-01   0.420E-02
   33   0.103E-02   0.708E-01   0.414E-02
   34   0.102E-02   0.698E-01   0.408E-02
   35   0.100E-02   0.689E-01   0.402E-02
   36   0.988E-03   0.680E-01   0.396E-02
   37   0.975E-03   0.671E-01   0.390E-02
   38   0.962E-03   0.662E-01   0.384E-02
   39   0.949E-03   0.654E-01   0.379E-02
   40   0.936E-03   0.645E-01   0.373E-02
   41   0.924E-03   0.637E-01   0.368E-02
   42   0.911E-03   0.628E-01   0.363E-02
   43   0.899E-03   0.620E-01   0.357E-02
   44   0.887E-03   0.612E-01   0.352E-02
   45   0.875E-03   0.604E-01   0.347E-02
   46   0.985E-03   0.595E-01   0.333E-02
   47   0.853E-03   0.588E-01   0.336E-02
   48   0.957E-03   0.578E-01   0.323E-02
   49   0.836E-03   0.571E-01   0.328E-02
   50   0.932E-03   0.561E-01   0.313E-02
   51   0.808E-03   0.555E-01   0.317E-02
   52   0.904E-03   0.546E-01   0.303E-02
   53   0.783E-03   0.539E-01   0.307E-02
   54   0.877E-03   0.531E-01   0.294E-02
   55   0.762E-03   0.524E-01   0.298E-02
   56   0.852E-03   0.516E-01   0.286E-02
   57   0.855E-03   0.508E-01   0.279E-02
   58   0.845E-03   0.501E-01   0.275E-02
   59   0.830E-03   0.494E-01   0.271E-02
   60   0.816E-03   0.486E-01   0.266E-02
   61   0.804E-03   0.478E-01   0.261E-02
   62   0.792E-03   0.471E-01   0.257E-02
   63   0.781E-03   0.463E-01   0.253E-02
   64   0.769E-03   0.456E-01   0.248E-02
   65   0.756E-03   0.449E-01   0.244E-02
   66   0.743E-03   0.443E-01   0.241E-02
   67   0.730E-03   0.436E-01   0.237E-02
   68   0.718E-03   0.429E-01   0.233E-02
   69   0.707E-03   0.422E-01   0.229E-02
   70   0.696E-03   0.416E-01   0.225E-02
   71   0.686E-03   0.409E-01   0.221E-02
   72   0.676E-03   0.402E-01   0.217E-02
   73   0.665E-03   0.396E-01   0.214E-02
   74   0.653E-03   0.391E-01   0.211E-02
   75   0.642E-03   0.385E-01   0.208E-02
   76   0.631E-03   0.379E-01   0.205E-02
   77   0.621E-03   0.373E-01   0.201E-02
   78   0.612E-03   0.367E-01   0.198E-02
   79   0.603E-03   0.361E-01   0.194E-02
   80   0.594E-03   0.355E-01   0.191E-02
   81   0.585E-03   0.350E-01   0.188E-02
   82   0.575E-03   0.345E-01   0.185E-02
   83   0.565E-03   0.339E-01   0.183E-02
   84   0.556E-03   0.334E-01   0.180E-02
   85   0.547E-03   0.329E-01   0.176E-02
   86   0.538E-03   0.324E-01   0.174E-02
   87   0.531E-03   0.318E-01   0.171E-02
   88   0.523E-03   0.313E-01   0.168E-02
   89   0.514E-03   0.309E-01   0.165E-02
   90   0.506E-03   0.304E-01   0.163E-02
   91   0.497E-03   0.299E-01   0.160E-02
   92   0.489E-03   0.295E-01   0.158E-02
   93   0.481E-03   0.290E-01   0.155E-02
   94   0.474E-03   0.286E-01   0.152E-02
   95   0.467E-03   0.281E-01   0.150E-02
   96   0.460E-03   0.277E-01   0.147E-02
   97   0.452E-03   0.272E-01   0.145E-02
   98   0.445E-03   0.268E-01   0.143E-02
   99   0.437E-03   0.264E-01   0.141E-02
  100   0.430E-03   0.260E-01   0.139E-02
