TEXTURE AT STRAIN =    0.0500
   1.000   1.000   1.000  <-- length of phase ellipsoid axes
  180.00   90.00  180.00  <-- Euler angles (deg) of phase ellipsoid axes
B       729
   35.97    8.83   43.46   0.0013717
   36.34   13.62   43.13   0.0013717
   36.88   18.32   42.66   0.0013717
   37.63   22.92   42.02   0.0013717
   38.65   27.45   41.10   0.0013717
   38.60   32.73   41.10   0.0013717
   38.46   38.08   41.14   0.0013717
   38.25   43.51   41.19   0.0013717
   37.95   48.99   41.22   0.0013717
   40.57    8.92   43.73   0.0013717
   41.02   13.75   43.40   0.0013717
   41.60   18.46   42.98   0.0013717
   42.37   23.07   42.39   0.0013717
   43.44   27.59   41.50   0.0013717
   44.01   32.49   40.96   0.0013717
   43.48   37.88   41.23   0.0013717
   43.07   43.30   41.32   0.0013717
   42.73   48.77   41.31   0.0013717
   45.29    9.04   43.90   0.0013717
   45.74   13.91   43.63   0.0013717
   46.32   18.64   43.30   0.0013717
   47.10   23.25   42.81   0.0013717
   48.20   27.74   42.00   0.0013717
   48.42   32.59   41.64   0.0013717
   48.03   37.81   41.69   0.0013717
   47.69   43.17   41.66   0.0013717
   47.39   48.62   41.58   0.0013717
   50.10    9.19   43.97   0.0013717
   50.53   14.10   43.83   0.0013717
   51.08   18.86   43.63   0.0013717
   51.84   23.45   43.28   0.0013717
   52.95   27.91   42.60   0.0013717
   52.90   32.69   42.29   0.0013717
   52.66   37.78   42.14   0.0013717
   52.40   43.05   42.01   0.0013717
   52.13   48.47   41.86   0.0013717
   54.99    9.38   43.98   0.0013717
   55.37   14.34   43.99   0.0013717
   55.87   19.10   43.96   0.0013717
   56.58   23.67   43.80   0.0013717
   57.49   28.08   43.34   0.0013717
   57.46   32.76   42.87   0.0013717
   57.36   37.73   42.55   0.0013717
   57.17   42.93   42.32   0.0013717
   56.93   48.31   42.11   0.0013717
   59.95    9.61   43.96   0.0013717
   60.26   14.61   44.13   0.0013717
   60.70   19.38   44.29   0.0013717
   61.35   23.90   44.36   0.0013717
   61.94   28.23   44.04   0.0013717
   62.09   32.81   43.36   0.0013717
   62.12   37.67   42.89   0.0013717
   62.00   42.79   42.57   0.0013717
   61.79   48.13   42.31   0.0013717
   64.96    9.88   43.92   0.0013717
   65.20   14.92   44.25   0.0013717
   65.58   19.68   44.62   0.0013717
   66.11   24.12   44.94   0.0013717
   66.42   28.34   44.65   0.0013717
   66.76   32.82   43.77   0.0013717
   66.92   37.57   43.16   0.0013717
   66.87   42.62   42.75   0.0013717
   66.69   47.92   42.44   0.0013717
   69.99   10.19   43.87   0.0013717
   70.19   15.26   44.35   0.0013717
   70.50   19.99   44.92   0.0013717
   70.72   24.27   45.10   0.0013717
   70.92   28.46   44.98   0.0013717
   71.43   32.81   44.12   0.0013717
   71.75   37.45   43.35   0.0013717
   71.78   42.41   42.86   0.0013717
   71.61   47.68   42.52   0.0013717
   75.06   10.53   43.82   0.0013717
   75.23   15.63   44.41   0.0013717
   75.42   20.21   44.96   0.0013717
   75.51   24.39   44.98   0.0013717
   75.63   28.56   44.95   0.0013717
   76.03   32.78   44.46   0.0013717
   76.56   37.30   43.50   0.0013717
   76.68   42.18   42.91   0.0013717
   76.52   47.41   42.55   0.0013717
   35.26    8.95   49.06   0.0013717
   35.61   13.78   48.83   0.0013717
   36.06   18.49   48.54   0.0013717
   36.67   23.09   48.14   0.0013717
   37.50   27.57   47.51   0.0013717
   38.29   32.25   46.84   0.0013717
   38.20   37.61   46.85   0.0013717
   38.01   43.04   46.88   0.0013717
   37.61   48.55   46.89   0.0013717
   40.15    9.07   49.04   0.0013717
   40.51   13.94   48.88   0.0013717
   40.96   18.68   48.68   0.0013717
   41.56   23.27   48.36   0.0013717
   42.41   27.73   47.81   0.0013717
   43.50   32.18   46.93   0.0013717
   43.13   37.43   46.99   0.0013717
   42.83   42.83   46.98   0.0013717
   42.59   48.31   46.90   0.0013717
   45.14    9.22   48.93   0.0013717
   45.46   14.14   48.89   0.0013717
   45.88   18.89   48.82   0.0013717
   46.45   23.47   48.64   0.0013717
   47.30   27.91   48.21   0.0013717
   47.90   32.41   47.62   0.0013717
   47.67   37.44   47.45   0.0013717
   47.44   42.73   47.30   0.0013717
   47.23   48.18   47.13   0.0013717
   50.21    9.41   48.76   0.0013717
   50.46   14.37   48.87   0.0013717
   50.83   19.14   48.97   0.0013717
   51.35   23.70   48.97   0.0013717
   52.17   28.08   48.73   0.0013717
   52.39   32.55   48.22   0.0013717
   52.29   37.46   47.88   0.0013717
   52.14   42.65   47.62   0.0013717
   51.96   48.05   47.38   0.0013717
   55.34    9.64   48.55   0.0013717
   55.51   14.65   48.84   0.0013717
   55.81   19.42   49.13   0.0013717
   56.26   23.94   49.36   0.0013717
   56.79   28.24   49.30   0.0013717
   56.94   32.66   48.75   0.0013717
   56.97   37.44   48.25   0.0013717
   56.90   42.55   47.89   0.0013717
   56.75   47.90   47.59   0.0013717
   60.52    9.91   48.33   0.0013717
   60.61   14.96   48.80   0.0013717
   60.82   19.72   49.30   0.0013717
   61.13   24.17   49.75   0.0013717
   61.26   28.39   49.70   0.0013717
   61.53   32.72   49.20   0.0013717
   61.71   37.39   48.55   0.0013717
   61.71   42.41   48.10   0.0013717
   61.59   47.73   47.75   0.0013717
   65.73   10.22   48.10   0.0013717
   65.75   15.30   48.74   0.0013717
   65.87   20.04   49.47   0.0013717
   65.86   24.32   49.80   0.0013717
   65.88   28.52   49.86   0.0013717
   66.10   32.74   49.60   0.0013717
   66.46   37.30   48.78   0.0013717
   66.54   42.24   48.24   0.0013717
   66.44   47.52   47.86   0.0013717
   70.97   10.56   47.88   0.0013717
   70.93   15.67   48.66   0.0013717
   70.88   20.25   49.36   0.0013717
   70.74   24.44   49.60   0.0013717
   70.68   28.62   49.74   0.0013717
   70.71   32.80   49.76   0.0013717
   71.19   37.19   48.98   0.0013717
   71.39   42.02   48.33   0.0013717
   71.30   47.27   47.93   0.0013717
   76.22   10.94   47.65   0.0013717
   76.15   16.06   48.54   0.0013717
   75.93   20.35   48.94   0.0013717
   75.77   24.53   49.18   0.0013717
   75.66   28.69   49.35   0.0013717
   75.60   32.85   49.46   0.0013717
   75.82   37.07   49.19   0.0013717
   76.21   41.76   48.39   0.0013717
   76.11   47.01   47.97   0.0013717
   35.03    9.10   54.16   0.0013717
   35.28   13.99   54.10   0.0013717
   35.59   18.74   54.04   0.0013717
   36.00   23.35   53.91   0.0013717
   36.59   27.82   53.62   0.0013717
   37.46   32.19   53.01   0.0013717
   37.91   37.12   52.61   0.0013717
   37.54   42.58   52.66   0.0013717
   37.19   48.11   52.61   0.0013717
   40.19    9.25   53.86   0.0013717
   40.40   14.18   53.93   0.0013717
   40.67   18.95   53.99   0.0013717
   41.06   23.55   53.99   0.0013717
   41.63   27.99   53.82   0.0013717
   42.54   32.31   53.27   0.0013717
   42.60   37.07   52.88   0.0013717
   42.42   42.37   52.74   0.0013717
   42.28   47.84   52.58   0.0013717
   45.44    9.43   53.51   0.0013717
   45.57   14.41   53.73   0.0013717
   45.78   19.20   53.96   0.0013717
   46.11   23.78   54.13   0.0013717
   46.64   28.17   54.13   0.0013717
   47.23   32.45   53.75   0.0013717
   47.15   37.17   53.32   0.0013717
   47.03   42.33   53.04   0.0013717
   46.92   47.74   52.79   0.0013717
   50.74    9.66   53.11   0.0013717
   50.78   14.68   53.53   0.0013717
   50.91   19.47   53.95   0.0013717
   51.16   24.02   54.34   0.0013717
   51.44   28.35   54.49   0.0013717
   51.70   32.60   54.24   0.0013717
   51.76   37.23   53.72   0.0013717
   51.73   42.29   53.32   0.0013717
   51.65   47.64   52.99   0.0013717
   56.10    9.92   52.71   0.0013717
   56.04   14.99   53.32   0.0013717
   56.07   19.78   53.95   0.0013717
   56.17   24.26   54.56   0.0013717
   56.09   28.50   54.71   0.0013717
   56.21   32.73   54.63   0.0013717
   56.42   37.24   54.05   0.0013717
   56.47   42.20   53.55   0.0013717
   56.43   47.51   53.17   0.0013717
   61.48   10.23   52.31   0.0013717
   61.33   15.33   53.10   0.0013717
   61.26   20.10   53.97   0.0013717
   61.02   24.40   54.48   0.0013717
   60.84   28.63   54.74   0.0013717
   60.82   32.84   54.81   0.0013717
   61.09   37.21   54.33   0.0013717
   61.25   42.06   53.72   0.0013717
   61.23   47.33   53.29   0.0013717
   66.89   10.58   51.92   0.0013717
   66.65   15.71   52.87   0.0013717
   66.35   20.29   53.75   0.0013717
   65.98   24.51   54.20   0.0013717
   65.73   28.72   54.52   0.0013717
   65.59   32.92   54.72   0.0013717
   65.70   37.16   54.59   0.0013717
   66.03   41.88   53.84   0.0013717
   66.03   47.12   53.38   0.0013717
   72.31   10.95   51.53   0.0013717
   71.99   16.10   52.62   0.0013717
   71.46   20.39   53.27   0.0013717
   71.07   24.59   53.73   0.0013717
   70.77   28.77   54.08   0.0013717
   70.56   32.96   54.35   0.0013717
   70.44   37.17   54.51   0.0013717
   70.78   41.66   53.93   0.0013717
   70.80   46.89   53.45   0.0013717
   77.73   11.36   51.12   0.0013717
   77.20   16.21   52.11   0.0013717
   76.65   20.43   52.68   0.0013717
   76.25   24.62   53.09   0.0013717
   75.95   28.78   53.43   0.0013717
   75.70   32.96   53.71   0.0013717
   75.50   37.17   53.96   0.0013717
   75.44   41.43   54.05   0.0013717
   75.45   46.71   53.58   0.0013717
   35.27    9.28   58.76   0.0013717
   35.37   14.24   58.92   0.0013717
   35.50   19.04   59.12   0.0013717
   35.69   23.68   59.29   0.0013717
   36.01   28.16   59.35   0.0013717
   36.53   32.52   59.17   0.0013717
   37.12   36.82   58.64   0.0013717
   36.93   42.14   58.50   0.0013717
   36.70   47.69   58.37   0.0013717
   40.69    9.45   58.23   0.0013717
   40.70   14.46   58.55   0.0013717
   40.76   19.27   58.91   0.0013717
   40.90   23.89   59.24   0.0013717
   41.17   28.34   59.45   0.0013717
   41.44   32.66   59.40   0.0013717
   41.86   36.94   58.95   0.0013717
   41.85   41.97   58.59   0.0013717
   41.81   47.39   58.33   0.0013717
   46.16    9.67   57.66   0.0013717
   46.07   14.72   58.18   0.0013717
   46.05   19.54   58.72   0.0013717
   46.10   24.13   59.26   0.0013717
   46.15   28.51   59.62   0.0013717
   46.15   32.80   59.65   0.0013717
   46.47   37.07   59.31   0.0013717
   46.48   42.00   58.87   0.0013717
   46.47   47.34   58.51   0.0013717
   51.69    9.93   57.08   0.0013717
   51.48   15.02   57.80   0.0013717
   51.35   19.84   58.56   0.0013717
   51.26   24.37   59.31   0.0013717
   50.96   28.66   59.67   0.0013717
   50.86   32.93   59.82   0.0013717
   51.03   37.19   59.65   0.0013717
   51.16   41.99   59.11   0.0013717
   51.20   47.26   58.68   0.0013717
   57.25   10.23   56.50   0.0013717
   56.92   15.36   57.42   0.0013717
   56.68   20.16   58.42   0.0013717
   56.22   24.51   59.11   0.0013717
   55.85   28.77   59.56   0.0013717
   55.63   33.03   59.83   0.0013717
   55.64   37.29   59.86   0.0013717
   55.88   41.92   59.30   0.0013717
   55.96   47.13   58.81   0.0013717
   62.82   10.57   55.93   0.0013717
   62.38   15.73   57.05   0.0013717
   61.86   20.35   58.10   0.0013717
   61.27   24.60   58.75   0.0013717
   60.83   28.85   59.25   0.0013717
   60.53   33.09   59.63   0.0013717
   60.37   37.35   59.84   0.0013717
   60.59   41.80   59.45   0.0013717
   60.72   46.96   58.91   0.0013717
   68.40   10.95   55.38   0.0013717
   67.87   16.12   56.66   0.0013717
   67.02   20.43   57.57   0.0013717
   66.41   24.66   58.23   0.0013717
   65.94   28.88   58.75   0.0013717
   65.57   33.11   59.17   0.0013717
   65.29   37.36   59.52   0.0013717
   65.24   41.66   59.61   0.0013717
   65.44   46.76   58.99   0.0013717
   73.99   11.36   54.81   0.0013717
   73.10   16.21   56.09   0.0013717
   72.23   20.46   56.95   0.0013717
   71.62   24.67   57.57   0.0013717
   71.14   28.87   58.07   0.0013717
   70.76   33.08   58.50   0.0013717
   70.44   37.32   58.88   0.0013717
   70.17   41.62   59.22   0.0013717
   70.18   46.64   59.13   0.0013717
   79.34   11.51   54.64   0.0013717
   78.29   16.22   55.51   0.0013717
   77.43   20.45   56.32   0.0013717
   76.82   24.65   56.90   0.0013717
   76.34   28.83   57.37   0.0013717
   75.95   33.03   57.79   0.0013717
   75.60   37.26   58.18   0.0013717
   75.06   41.68   58.92   0.0013717
   75.21   46.63   59.31   0.0013717
   35.96    9.47   62.92   0.0013717
   35.86   14.50   63.33   0.0013717
   35.80   19.36   63.78   0.0013717
   35.77   24.04   64.25   0.0013717
   35.81   28.56   64.65   0.0013717
   35.82   32.96   64.87   0.0013717
   35.89   37.32   64.81   0.0013717
   36.23   41.75   64.40   0.0013717
   36.13   47.29   64.17   0.0013717
   41.60    9.67   62.18   0.0013717
   41.38   14.75   62.79   0.0013717
   41.23   19.61   63.43   0.0013717
   41.11   24.27   64.08   0.0013717
   40.97   28.72   64.63   0.0013717
   40.74   33.08   64.90   0.0013717
   40.73   37.42   64.94   0.0013717
   41.10   41.72   64.53   0.0013717
   41.18   47.01   64.15   0.0013717
   47.29    9.92   61.43   0.0013717
   46.94   15.03   62.25   0.0013717
   46.67   19.90   63.10   0.0013717
   46.42   24.51   63.97   0.0013717
   45.94   28.85   64.52   0.0013717
   45.63   33.19   64.88   0.0013717
   45.52   37.52   65.04   0.0013717
   45.77   41.82   64.77   0.0013717
   45.88   47.00   64.29   0.0013717
   53.01   10.22   60.68   0.0013717
   52.53   15.36   61.71   0.0013717
   52.14   20.22   62.80   0.0013717
   51.49   24.63   63.67   0.0013717
   50.95   28.95   64.28   0.0013717
   50.56   33.27   64.74   0.0013717
   50.33   37.59   65.03   0.0013717
   50.41   41.90   64.97   0.0013717
   50.60   46.94   64.42   0.0013717
   58.75   10.55   59.94   0.0013717
   58.14   15.73   61.18   0.0013717
   57.42   20.40   62.39   0.0013717
   56.62   24.71   63.23   0.0013717
   56.02   29.00   63.89   0.0013717
   55.56   33.30   64.42   0.0013717
   55.23   37.62   64.83   0.0013717
   55.09   41.96   65.03   0.0013717
   55.34   46.81   64.52   0.0013717
   64.50   10.93   59.22   0.0013717
   63.77   16.13   60.65   0.0013717
   62.63   20.46   61.82   0.0013717
   61.81   24.74   62.66   0.0013717
   61.18   29.01   63.33   0.0013717
   60.68   33.29   63.89   0.0013717
   60.28   37.60   64.38   0.0013717
   59.96   41.95   64.79   0.0013717
   60.04   46.64   64.60   0.0013717
   70.24   11.33   58.51   0.0013717
   69.03   16.20   60.05   0.0013717
   67.86   20.48   61.18   0.0013717
   67.04   24.73   61.99   0.0013717
   66.41   28.98   62.64   0.0013717
   65.89   33.23   63.21   0.0013717
   65.45   37.53   63.72   0.0013717
   65.07   41.88   64.20   0.0013717
   64.85   46.54   64.73   0.0013717
   75.52   11.39   58.46   0.0013717
   74.19   16.20   59.51   0.0013717
   73.01   20.46   60.61   0.0013717
   72.17   24.70   61.40   0.0013717
   71.52   28.93   62.05   0.0013717
   70.98   33.17   62.62   0.0013717
   70.49   37.46   63.18   0.0013717
   69.82   41.98   64.13   0.0013717
   69.73   46.79   64.67   0.0013717
   80.44   11.14   58.60   0.0013717
   79.34   16.15   58.96   0.0013717
   78.16   20.40   60.02   0.0013717
   77.32   24.63   60.78   0.0013717
   76.66   28.84   61.40   0.0013717
   76.09   33.09   61.98   0.0013717
   75.16   37.55   63.22   0.0013717
   74.69   42.20   64.07   0.0013717
   74.71   47.09   64.53   0.0013717
   37.04    9.67   66.69   0.0013717
   36.73   14.77   67.36   0.0013717
   36.46   19.68   68.06   0.0013717
   36.22   24.42   68.79   0.0013717
   35.93   28.97   69.48   0.0013717
   35.53   33.41   69.93   0.0013717
   35.28   37.85   70.23   0.0013717
   35.25   42.28   70.30   0.0013717
   35.48   46.95   69.99   0.0013717
   42.88    9.90   65.78   0.0013717
   42.43   15.04   66.66   0.0013717
   42.05   19.96   67.57   0.0013717
   41.68   24.65   68.53   0.0013717
   41.05   29.07   69.22   0.0013717
   40.58   33.48   69.75   0.0013717
   40.26   37.90   70.13   0.0013717
   40.14   42.32   70.31   0.0013717
   40.44   46.70   69.99   0.0013717
   48.77   10.19   64.86   0.0013717
   48.16   15.36   65.97   0.0013717
   47.65   20.27   67.12   0.0013717
   46.86   24.75   68.12   0.0013717
   46.17   29.14   68.87   0.0013717
   45.64   33.53   69.47   0.0013717
   45.24   37.93   69.95   0.0013717
   45.00   42.35   70.27   0.0013717
   45.16   46.77   70.11   0.0013717
   54.68   10.51   63.95   0.0013717
   53.92   15.72   65.29   0.0013717
   53.04   20.45   66.62   0.0013717
   52.06   24.81   67.62   0.0013717
   51.32   29.16   68.40   0.0013717
   50.74   33.53   69.05   0.0013717
   50.28   37.92   69.60   0.0013717
   49.92   42.35   70.07   0.0013717
   49.86   46.76   70.21   0.0013717
   60.59   10.88   63.06   0.0013717
   59.69   16.11   64.60   0.0013717
   58.29   20.50   66.01   0.0013717
   57.29   24.82   67.01   0.0013717
   56.53   29.15   67.79   0.0013717
   55.93   33.48   68.45   0.0013717
   55.44   37.85   69.04   0.0013717
   55.02   42.27   69.58   0.0013717
   54.66   46.75   70.08   0.0013717
   66.32   11.17   62.43   0.0013717
   65.00   16.18   63.98   0.0013717
   63.54   20.50   65.36   0.0013717
   62.50   24.80   66.38   0.0013717
   61.69   29.10   67.19   0.0013717
   61.04   33.42   67.90   0.0013717
   60.49   37.78   68.54   0.0013717
   59.99   42.21   69.18   0.0013717
   59.52   46.85   69.94   0.0013717
   71.61   11.23   62.39   0.0013717
   70.09   16.18   63.51   0.0013717
   68.61   20.48   64.89   0.0013717
   67.56   24.76   65.89   0.0013717
   66.73   29.05   66.70   0.0013717
   66.05   33.36   67.43   0.0013717
   65.41   37.73   68.17   0.0013717
   64.71   42.33   69.19   0.0013717
   64.46   47.07   69.82   0.0013717
   76.48   11.00   62.57   0.0013717
   75.17   16.10   63.07   0.0013717
   73.72   20.41   64.35   0.0013717
   72.65   24.68   65.32   0.0013717
   71.81   28.96   66.13   0.0013717
   71.01   33.29   66.99   0.0013717
   70.07   37.84   68.27   0.0013717
   69.58   42.50   69.13   0.0013717
   69.47   47.31   69.67   0.0013717
   81.05   10.67   63.01   0.0013717
   80.01   15.76   63.25   0.0013717
   78.92   20.28   63.67   0.0013717
   77.86   24.54   64.60   0.0013717
   76.87   28.84   65.58   0.0013717
   75.61   33.36   67.21   0.0013717
   74.90   37.96   68.29   0.0013717
   74.56   42.68   69.03   0.0013717
   74.53   47.56   69.50   0.0013717
   38.47    9.87   70.13   0.0013717
   37.94   15.03   71.04   0.0013717
   37.48   20.00   71.97   0.0013717
   37.04   24.78   72.95   0.0013717
   36.31   29.28   73.75   0.0013717
   35.73   33.78   74.39   0.0013717
   35.28   38.30   74.92   0.0013717
   34.96   42.83   75.34   0.0013717
   34.80   47.36   75.59   0.0013717
   44.51   10.14   69.05   0.0013717
   43.81   15.33   70.20   0.0013717
   43.21   20.30   71.37   0.0013717
   42.33   24.87   72.46   0.0013717
   41.52   29.32   73.31   0.0013717
   40.90   33.79   74.00   0.0013717
   40.39   38.28   74.59   0.0013717
   40.00   42.80   75.10   0.0013717
   39.74   47.34   75.48   0.0013717
   50.58   10.45   67.98   0.0013717
   49.70   15.68   69.37   0.0013717
   48.73   20.49   70.77   0.0013717
   47.59   24.90   71.90   0.0013717
   46.75   29.32   72.77   0.0013717
   46.09   33.75   73.49   0.0013717
   45.55   38.21   74.13   0.0013717
   45.09   42.72   74.71   0.0013717
   44.72   47.27   75.24   0.0013717
   56.66   10.81   66.91   0.0013717
   55.62   16.07   68.53   0.0013717
   54.02   20.52   70.13   0.0013717
   52.86   24.90   71.26   0.0013717
   52.00   29.27   72.13   0.0013717
   51.30   33.67   72.88   0.0013717
   50.69   38.12   73.60   0.0013717
   50.17   42.62   74.26   0.0013717
   49.71   47.19   74.90   0.0013717
   62.28   10.98   66.48   0.0013717
   60.99   16.15   67.87   0.0013717
   59.22   20.52   69.55   0.0013717
   57.98   24.88   70.75   0.0013717
   57.03   29.25   71.71   0.0013717
   56.25   33.64   72.54   0.0013717
   55.59   38.08   73.31   0.0013717
   54.98   42.60   74.09   0.0013717
   54.47   47.27   74.89   0.0013717
   67.56   11.03   66.44   0.0013717
   65.99   16.15   67.52   0.0013717
   64.23   20.49   69.15   0.0013717
   62.98   24.84   70.34   0.0013717
   62.00   29.19   71.31   0.0013717
   61.18   33.58   72.17   0.0013717
   60.39   38.07   73.12   0.0013717
   59.72   42.70   74.11   0.0013717
   59.36   47.41   74.80   0.0013717
   72.40   10.84   66.67   0.0013717
   70.89   15.95   67.42   0.0013717
   69.29   20.42   68.67   0.0013717
   68.02   24.75   69.85   0.0013717
   67.02   29.09   70.82   0.0013717
   66.01   33.54   71.96   0.0013717
   65.12   38.15   73.18   0.0013717
   64.58   42.83   74.06   0.0013717
   64.34   47.59   74.67   0.0013717
   76.90   10.53   67.18   0.0013717
   75.73   15.63   67.59   0.0013717
   74.48   20.27   68.01   0.0013717
   73.17   24.59   69.19   0.0013717
   71.88   29.01   70.56   0.0013717
   70.69   33.60   72.12   0.0013717
   69.95   38.24   73.20   0.0013717
   69.54   42.96   73.97   0.0013717
   69.39   47.78   74.51   0.0013717
   81.26   10.23   67.84   0.0013717
   80.28   15.32   68.09   0.0013717
   79.34   20.08   68.02   0.0013717
   78.11   24.45   68.84   0.0013717
   76.48   29.01   70.89   0.0013717
   75.48   33.64   72.26   0.0013717
   74.88   38.33   73.21   0.0013717
   74.58   43.11   73.87   0.0013717
   74.51   47.99   74.34   0.0013717
   40.22   10.08   73.26   0.0013717
   39.45   15.29   74.42   0.0013717
   38.82   20.30   75.55   0.0013717
   37.91   24.97   76.69   0.0013717
   37.03   29.48   77.58   0.0013717
   36.34   34.02   78.31   0.0013717
   35.80   38.57   78.95   0.0013717
   35.34   43.17   79.53   0.0013717
   34.96   47.81   80.07   0.0013717
   46.45   10.38   72.03   0.0013717
   45.49   15.62   73.44   0.0013717
   44.49   20.51   74.85   0.0013717
   43.23   24.98   76.07   0.0013717
   42.31   29.45   76.99   0.0013717
   41.60   33.94   77.75   0.0013717
   41.03   38.45   78.40   0.0013717
   40.55   43.02   79.02   0.0013717
   40.07   47.67   79.69   0.0013717
   52.47   10.64   71.08   0.0013717
   51.54   15.99   72.46   0.0013717
   49.81   20.52   74.19   0.0013717
   48.52   24.95   75.42   0.0013717
   47.49   29.41   76.45   0.0013717
   46.65   33.90   77.36   0.0013717
   45.95   38.43   78.18   0.0013717
   45.34   43.02   78.95   0.0013717
   44.82   47.68   79.68   0.0013717
   58.10   10.76   70.67   0.0013717
   56.98   16.11   71.78   0.0013717
   54.93   20.53   73.72   0.0013717
   53.50   24.95   75.09   0.0013717
   52.41   29.40   76.18   0.0013717
   51.53   33.88   77.13   0.0013717
   50.77   38.41   78.01   0.0013717
   50.10   43.03   78.89   0.0013717
   49.58   47.73   79.68   0.0013717
   63.35   10.81   70.65   0.0013717
   61.85   16.09   71.61   0.0013717
   59.88   20.51   73.40   0.0013717
   58.44   24.91   74.76   0.0013717
   57.32   29.35   75.87   0.0013717
   56.40   33.82   76.85   0.0013717
   55.53   38.41   77.92   0.0013717
   54.86   43.10   78.89   0.0013717
   54.41   47.81   79.62   0.0013717
   68.19   10.66   70.90   0.0013717
   66.54   15.79   71.87   0.0013717
   64.88   20.43   72.98   0.0013717
   63.43   24.82   74.33   0.0013717
   62.29   29.24   75.44   0.0013717
   61.16   33.81   76.76   0.0013717
   60.28   38.48   77.96   0.0013717
   59.70   43.18   78.85   0.0013717
   59.34   47.93   79.53   0.0013717
   72.63   10.38   71.48   0.0013717
   71.39   15.47   72.00   0.0013717
   70.02   20.27   72.40   0.0013717
   68.52   24.65   73.74   0.0013717
   67.05   29.18   75.37   0.0013717
   65.88   33.84   76.89   0.0013717
   65.12   38.53   77.98   0.0013717
   64.63   43.27   78.79   0.0013717
   64.36   48.06   79.39   0.0013717
   76.89   10.10   72.24   0.0013717
   75.86   15.19   72.59   0.0013717
   74.92   20.00   72.57   0.0013717
   73.35   24.52   73.63   0.0013717
   71.72   29.17   75.67   0.0013717
   70.69   33.86   77.03   0.0013717
   70.04   38.59   78.00   0.0013717
   69.64   43.37   78.71   0.0013717
   69.46   48.21   79.24   0.0013717
   81.06    9.84   73.08   0.0013717
   80.23   14.92   73.30   0.0013717
   79.43   19.78   73.24   0.0013717
   77.96   24.43   74.16   0.0013717
   76.46   29.12   75.99   0.0013717
   75.56   33.86   77.20   0.0013717
   75.02   38.64   78.03   0.0013717
   74.73   43.47   78.63   0.0013717
   74.62   48.36   79.08   0.0013717
   42.21   10.26   76.19   0.0013717
   41.25   15.53   77.52   0.0013717
   40.31   20.51   78.86   0.0013717
   38.95   25.03   80.15   0.0013717
   37.98   29.55   81.08   0.0013717
   37.22   34.09   81.87   0.0013717
   36.48   38.73   82.74   0.0013717
   35.84   43.43   83.56   0.0013717
   35.31   48.19   84.33   0.0013717
   48.03   10.41   75.52   0.0013717
   47.45   15.89   76.38   0.0013717
   45.65   20.51   78.19   0.0013717
   44.15   25.01   79.62   0.0013717
   42.99   29.55   80.79   0.0013717
   42.05   34.13   81.79   0.0013717
   41.28   38.76   82.71   0.0013717
   40.62   43.45   83.55   0.0013717
   40.07   48.18   84.32   0.0013717
   53.73   10.53   75.04   0.0013717
   52.94   16.05   75.72   0.0013717
   50.65   20.53   77.88   0.0013717
   49.06   25.02   79.40   0.0013717
   47.85   29.55   80.61   0.0013717
   46.88   34.12   81.65   0.0013717
   46.06   38.75   82.61   0.0013717
   45.36   43.46   83.53   0.0013717
   44.82   48.20   84.32   0.0013717
   58.96   10.57   75.04   0.0013717
   57.46   15.87   76.10   0.0013717
   55.55   20.51   77.63   0.0013717
   53.95   24.99   79.14   0.0013717
   52.72   29.51   80.36   0.0013717
   51.71   34.07   81.44   0.0013717
   50.80   38.76   82.57   0.0013717
   50.12   43.50   83.53   0.0013717
   49.62   48.24   84.30   0.0013717
   63.84   10.47   75.28   0.0013717
   62.09   15.60   76.42   0.0013717
   60.51   20.43   77.26   0.0013717
   58.89   24.89   78.77   0.0013717
   57.63   29.40   80.00   0.0013717
   56.45   34.07   81.42   0.0013717
   55.57   38.79   82.61   0.0013717
   54.94   43.54   83.51   0.0013717
   54.49   48.30   84.24   0.0013717
   68.26   10.21   75.88   0.0013717
   66.92   15.30   76.57   0.0013717
   65.49   20.19   77.15   0.0013717
   63.93   24.72   78.24   0.0013717
   62.36   29.35   80.05   0.0013717
   61.19   34.07   81.55   0.0013717
   60.39   38.82   82.64   0.0013717
   59.84   43.59   83.48   0.0013717
   59.45   48.38   84.14   0.0013717
   72.40    9.96   76.76   0.0013717
   71.37   15.04   77.16   0.0013717
   70.50   19.90   77.17   0.0013717
   68.75   24.58   78.29   0.0013717
   67.07   29.31   80.33   0.0013717
   66.00   34.06   81.70   0.0013717
   65.29   38.84   82.69   0.0013717
   64.81   43.64   83.43   0.0013717
   64.50   48.47   84.02   0.0013717
   76.47    9.72   77.71   0.0013717
   75.66   14.79   77.94   0.0013717
   74.95   19.69   77.87   0.0013717
   73.43   24.45   78.80   0.0013717
   71.83   29.24   80.67   0.0013717
   70.87   34.04   81.88   0.0013717
   70.25   38.85   82.75   0.0013717
   69.86   43.70   83.39   0.0013717
   69.62   48.57   83.89   0.0013717
   80.48    9.51   78.70   0.0013717
   79.85   14.56   78.81   0.0013717
   79.28   19.50   78.72   0.0013717
   78.03   24.32   79.44   0.0013717
   76.60   29.16   81.07   0.0013717
   75.77   34.01   82.11   0.0013717
   75.27   38.87   82.82   0.0013717
   74.97   43.75   83.35   0.0013717
   74.81   48.67   83.76   0.0013717
TEXTURE AT STRAIN =    0.0500
   1.000   1.000   1.000  <-- length of phase ellipsoid axes
  180.00   90.00  180.00  <-- Euler angles (deg) of phase ellipsoid axes
B       729
   35.97    8.83   43.46   0.0013717
   36.34   13.62   43.13   0.0013717
   36.88   18.32   42.66   0.0013717
   37.63   22.92   42.02   0.0013717
   38.65   27.45   41.10   0.0013717
   38.60   32.73   41.10   0.0013717
   38.46   38.08   41.14   0.0013717
   38.25   43.51   41.19   0.0013717
   37.95   48.99   41.22   0.0013717
   40.57    8.92   43.73   0.0013717
   41.02   13.75   43.40   0.0013717
   41.60   18.46   42.98   0.0013717
   42.37   23.07   42.39   0.0013717
   43.44   27.59   41.50   0.0013717
   44.01   32.49   40.96   0.0013717
   43.48   37.88   41.23   0.0013717
   43.07   43.30   41.32   0.0013717
   42.73   48.77   41.31   0.0013717
   45.29    9.04   43.90   0.0013717
   45.74   13.91   43.63   0.0013717
   46.32   18.64   43.30   0.0013717
   47.10   23.25   42.81   0.0013717
   48.20   27.74   42.00   0.0013717
   48.42   32.59   41.64   0.0013717
   48.03   37.81   41.69   0.0013717
   47.69   43.17   41.66   0.0013717
   47.39   48.62   41.58   0.0013717
   50.10    9.19   43.97   0.0013717
   50.53   14.10   43.83   0.0013717
   51.08   18.86   43.63   0.0013717
   51.84   23.45   43.28   0.0013717
   52.95   27.91   42.60   0.0013717
   52.90   32.69   42.29   0.0013717
   52.66   37.78   42.14   0.0013717
   52.40   43.05   42.01   0.0013717
   52.13   48.47   41.86   0.0013717
   54.99    9.38   43.98   0.0013717
   55.37   14.34   43.99   0.0013717
   55.87   19.10   43.96   0.0013717
   56.58   23.67   43.80   0.0013717
   57.49   28.08   43.34   0.0013717
   57.46   32.76   42.87   0.0013717
   57.36   37.73   42.55   0.0013717
   57.17   42.93   42.32   0.0013717
   56.93   48.31   42.11   0.0013717
   59.95    9.61   43.96   0.0013717
   60.26   14.61   44.13   0.0013717
   60.70   19.38   44.29   0.0013717
   61.35   23.90   44.36   0.0013717
   61.94   28.23   44.04   0.0013717
   62.09   32.81   43.36   0.0013717
   62.12   37.67   42.89   0.0013717
   62.00   42.79   42.57   0.0013717
   61.79   48.13   42.31   0.0013717
   64.96    9.88   43.92   0.0013717
   65.20   14.92   44.25   0.0013717
   65.58   19.68   44.62   0.0013717
   66.11   24.12   44.94   0.0013717
   66.42   28.34   44.65   0.0013717
   66.76   32.82   43.77   0.0013717
   66.92   37.57   43.16   0.0013717
   66.87   42.62   42.75   0.0013717
   66.69   47.92   42.44   0.0013717
   69.99   10.19   43.87   0.0013717
   70.19   15.26   44.35   0.0013717
   70.50   19.99   44.92   0.0013717
   70.72   24.27   45.10   0.0013717
   70.92   28.46   44.98   0.0013717
   71.43   32.81   44.12   0.0013717
   71.75   37.45   43.35   0.0013717
   71.78   42.41   42.86   0.0013717
   71.61   47.68   42.52   0.0013717
   75.06   10.53   43.82   0.0013717
   75.23   15.63   44.41   0.0013717
   75.42   20.21   44.96   0.0013717
   75.51   24.39   44.98   0.0013717
   75.63   28.56   44.95   0.0013717
   76.03   32.78   44.46   0.0013717
   76.56   37.30   43.50   0.0013717
   76.68   42.18   42.91   0.0013717
   76.52   47.41   42.55   0.0013717
   35.26    8.95   49.06   0.0013717
   35.61   13.78   48.83   0.0013717
   36.06   18.49   48.54   0.0013717
   36.67   23.09   48.14   0.0013717
   37.50   27.57   47.51   0.0013717
   38.29   32.25   46.84   0.0013717
   38.20   37.61   46.85   0.0013717
   38.01   43.04   46.88   0.0013717
   37.61   48.55   46.89   0.0013717
   40.15    9.07   49.04   0.0013717
   40.51   13.94   48.88   0.0013717
   40.96   18.68   48.68   0.0013717
   41.56   23.27   48.36   0.0013717
   42.41   27.73   47.81   0.0013717
   43.50   32.18   46.93   0.0013717
   43.13   37.43   46.99   0.0013717
   42.83   42.83   46.98   0.0013717
   42.59   48.31   46.90   0.0013717
   45.14    9.22   48.93   0.0013717
   45.46   14.14   48.89   0.0013717
   45.88   18.89   48.82   0.0013717
   46.45   23.47   48.64   0.0013717
   47.30   27.91   48.21   0.0013717
   47.90   32.41   47.62   0.0013717
   47.67   37.44   47.45   0.0013717
   47.44   42.73   47.30   0.0013717
   47.23   48.18   47.13   0.0013717
   50.21    9.41   48.76   0.0013717
   50.46   14.37   48.87   0.0013717
   50.83   19.14   48.97   0.0013717
   51.35   23.70   48.97   0.0013717
   52.17   28.08   48.73   0.0013717
   52.39   32.55   48.22   0.0013717
   52.29   37.46   47.88   0.0013717
   52.14   42.65   47.62   0.0013717
   51.96   48.05   47.38   0.0013717
   55.34    9.64   48.55   0.0013717
   55.51   14.65   48.84   0.0013717
   55.81   19.42   49.13   0.0013717
   56.26   23.94   49.36   0.0013717
   56.79   28.24   49.30   0.0013717
   56.94   32.66   48.75   0.0013717
   56.97   37.44   48.25   0.0013717
   56.90   42.55   47.89   0.0013717
   56.75   47.90   47.59   0.0013717
   60.52    9.91   48.33   0.0013717
   60.61   14.96   48.80   0.0013717
   60.82   19.72   49.30   0.0013717
   61.13   24.17   49.75   0.0013717
   61.26   28.39   49.70   0.0013717
   61.53   32.72   49.20   0.0013717
   61.71   37.39   48.55   0.0013717
   61.71   42.41   48.10   0.0013717
   61.59   47.73   47.75   0.0013717
   65.73   10.22   48.10   0.0013717
   65.75   15.30   48.74   0.0013717
   65.87   20.04   49.47   0.0013717
   65.86   24.32   49.80   0.0013717
   65.88   28.52   49.86   0.0013717
   66.10   32.74   49.60   0.0013717
   66.46   37.30   48.78   0.0013717
   66.54   42.24   48.24   0.0013717
   66.44   47.52   47.86   0.0013717
   70.97   10.56   47.88   0.0013717
   70.93   15.67   48.66   0.0013717
   70.88   20.25   49.36   0.0013717
   70.74   24.44   49.60   0.0013717
   70.68   28.62   49.74   0.0013717
   70.71   32.80   49.76   0.0013717
   71.19   37.19   48.98   0.0013717
   71.39   42.02   48.33   0.0013717
   71.30   47.27   47.93   0.0013717
   76.22   10.94   47.65   0.0013717
   76.15   16.06   48.54   0.0013717
   75.93   20.35   48.94   0.0013717
   75.77   24.53   49.18   0.0013717
   75.66   28.69   49.35   0.0013717
   75.60   32.85   49.46   0.0013717
   75.82   37.07   49.19   0.0013717
   76.21   41.76   48.39   0.0013717
   76.11   47.01   47.97   0.0013717
   35.03    9.10   54.16   0.0013717
   35.28   13.99   54.10   0.0013717
   35.59   18.74   54.04   0.0013717
   36.00   23.35   53.91   0.0013717
   36.59   27.82   53.62   0.0013717
   37.46   32.19   53.01   0.0013717
   37.91   37.12   52.61   0.0013717
   37.54   42.58   52.66   0.0013717
   37.19   48.11   52.61   0.0013717
   40.19    9.25   53.86   0.0013717
   40.40   14.18   53.93   0.0013717
   40.67   18.95   53.99   0.0013717
   41.06   23.55   53.99   0.0013717
   41.63   27.99   53.82   0.0013717
   42.54   32.31   53.27   0.0013717
   42.60   37.07   52.88   0.0013717
   42.42   42.37   52.74   0.0013717
   42.28   47.84   52.58   0.0013717
   45.44    9.43   53.51   0.0013717
   45.57   14.41   53.73   0.0013717
   45.78   19.20   53.96   0.0013717
   46.11   23.78   54.13   0.0013717
   46.64   28.17   54.13   0.0013717
   47.23   32.45   53.75   0.0013717
   47.15   37.17   53.32   0.0013717
   47.03   42.33   53.04   0.0013717
   46.92   47.74   52.79   0.0013717
   50.74    9.66   53.11   0.0013717
   50.78   14.68   53.53   0.0013717
   50.91   19.47   53.95   0.0013717
   51.16   24.02   54.34   0.0013717
   51.44   28.35   54.49   0.0013717
   51.70   32.60   54.24   0.0013717
   51.76   37.23   53.72   0.0013717
   51.73   42.29   53.32   0.0013717
   51.65   47.64   52.99   0.0013717
   56.10    9.92   52.71   0.0013717
   56.04   14.99   53.32   0.0013717
   56.07   19.78   53.95   0.0013717
   56.17   24.26   54.56   0.0013717
   56.09   28.50   54.71   0.0013717
   56.21   32.73   54.63   0.0013717
   56.42   37.24   54.05   0.0013717
   56.47   42.20   53.55   0.0013717
   56.43   47.51   53.17   0.0013717
   61.48   10.23   52.31   0.0013717
   61.33   15.33   53.10   0.0013717
   61.26   20.10   53.97   0.0013717
   61.02   24.40   54.48   0.0013717
   60.84   28.63   54.74   0.0013717
   60.82   32.84   54.81   0.0013717
   61.09   37.21   54.33   0.0013717
   61.25   42.06   53.72   0.0013717
   61.23   47.33   53.29   0.0013717
   66.89   10.58   51.92   0.0013717
   66.65   15.71   52.87   0.0013717
   66.35   20.29   53.75   0.0013717
   65.98   24.51   54.20   0.0013717
   65.73   28.72   54.52   0.0013717
   65.59   32.92   54.72   0.0013717
   65.70   37.16   54.59   0.0013717
   66.03   41.88   53.84   0.0013717
   66.03   47.12   53.38   0.0013717
   72.31   10.95   51.53   0.0013717
   71.99   16.10   52.62   0.0013717
   71.46   20.39   53.27   0.0013717
   71.07   24.59   53.73   0.0013717
   70.77   28.77   54.08   0.0013717
   70.56   32.96   54.35   0.0013717
   70.44   37.17   54.51   0.0013717
   70.78   41.66   53.93   0.0013717
   70.80   46.89   53.45   0.0013717
   77.73   11.36   51.12   0.0013717
   77.20   16.21   52.11   0.0013717
   76.65   20.43   52.68   0.0013717
   76.25   24.62   53.09   0.0013717
   75.95   28.78   53.43   0.0013717
   75.70   32.96   53.71   0.0013717
   75.50   37.17   53.96   0.0013717
   75.44   41.43   54.05   0.0013717
   75.45   46.71   53.58   0.0013717
   35.27    9.28   58.76   0.0013717
   35.37   14.24   58.92   0.0013717
   35.50   19.04   59.12   0.0013717
   35.69   23.68   59.29   0.0013717
   36.01   28.16   59.35   0.0013717
   36.53   32.52   59.17   0.0013717
   37.12   36.82   58.64   0.0013717
   36.93   42.14   58.50   0.0013717
   36.70   47.69   58.37   0.0013717
   40.69    9.45   58.23   0.0013717
   40.70   14.46   58.55   0.0013717
   40.76   19.27   58.91   0.0013717
   40.90   23.89   59.24   0.0013717
   41.17   28.34   59.45   0.0013717
   41.44   32.66   59.40   0.0013717
   41.86   36.94   58.95   0.0013717
   41.85   41.97   58.59   0.0013717
   41.81   47.39   58.33   0.0013717
   46.16    9.67   57.66   0.0013717
   46.07   14.72   58.18   0.0013717
   46.05   19.54   58.72   0.0013717
   46.10   24.13   59.26   0.0013717
   46.15   28.51   59.62   0.0013717
   46.15   32.80   59.65   0.0013717
   46.47   37.07   59.31   0.0013717
   46.48   42.00   58.87   0.0013717
   46.47   47.34   58.51   0.0013717
   51.69    9.93   57.08   0.0013717
   51.48   15.02   57.80   0.0013717
   51.35   19.84   58.56   0.0013717
   51.26   24.37   59.31   0.0013717
   50.96   28.66   59.67   0.0013717
   50.86   32.93   59.82   0.0013717
   51.03   37.19   59.65   0.0013717
   51.16   41.99   59.11   0.0013717
   51.20   47.26   58.68   0.0013717
   57.25   10.23   56.50   0.0013717
   56.92   15.36   57.42   0.0013717
   56.68   20.16   58.42   0.0013717
   56.22   24.51   59.11   0.0013717
   55.85   28.77   59.56   0.0013717
   55.63   33.03   59.83   0.0013717
   55.64   37.29   59.86   0.0013717
   55.88   41.92   59.30   0.0013717
   55.96   47.13   58.81   0.0013717
   62.82   10.57   55.93   0.0013717
   62.38   15.73   57.05   0.0013717
   61.86   20.35   58.10   0.0013717
   61.27   24.60   58.75   0.0013717
   60.83   28.85   59.25   0.0013717
   60.53   33.09   59.63   0.0013717
   60.37   37.35   59.84   0.0013717
   60.59   41.80   59.45   0.0013717
   60.72   46.96   58.91   0.0013717
   68.40   10.95   55.38   0.0013717
   67.87   16.12   56.66   0.0013717
   67.02   20.43   57.57   0.0013717
   66.41   24.66   58.23   0.0013717
   65.94   28.88   58.75   0.0013717
   65.57   33.11   59.17   0.0013717
   65.29   37.36   59.52   0.0013717
   65.24   41.66   59.61   0.0013717
   65.44   46.76   58.99   0.0013717
   73.99   11.36   54.81   0.0013717
   73.10   16.21   56.09   0.0013717
   72.23   20.46   56.95   0.0013717
   71.62   24.67   57.57   0.0013717
   71.14   28.87   58.07   0.0013717
   70.76   33.08   58.50   0.0013717
   70.44   37.32   58.88   0.0013717
   70.17   41.62   59.22   0.0013717
   70.18   46.64   59.13   0.0013717
   79.34   11.51   54.64   0.0013717
   78.29   16.22   55.51   0.0013717
   77.43   20.45   56.32   0.0013717
   76.82   24.65   56.90   0.0013717
   76.34   28.83   57.37   0.0013717
   75.95   33.03   57.79   0.0013717
   75.60   37.26   58.18   0.0013717
   75.06   41.68   58.92   0.0013717
   75.21   46.63   59.31   0.0013717
   35.96    9.47   62.92   0.0013717
   35.86   14.50   63.33   0.0013717
   35.80   19.36   63.78   0.0013717
   35.77   24.04   64.25   0.0013717
   35.81   28.56   64.65   0.0013717
   35.82   32.96   64.87   0.0013717
   35.89   37.32   64.81   0.0013717
   36.23   41.75   64.40   0.0013717
   36.13   47.29   64.17   0.0013717
   41.60    9.67   62.18   0.0013717
   41.38   14.75   62.79   0.0013717
   41.23   19.61   63.43   0.0013717
   41.11   24.27   64.08   0.0013717
   40.97   28.72   64.63   0.0013717
   40.74   33.08   64.90   0.0013717
   40.73   37.42   64.94   0.0013717
   41.10   41.72   64.53   0.0013717
   41.18   47.01   64.15   0.0013717
   47.29    9.92   61.43   0.0013717
   46.94   15.03   62.25   0.0013717
   46.67   19.90   63.10   0.0013717
   46.42   24.51   63.97   0.0013717
   45.94   28.85   64.52   0.0013717
   45.63   33.19   64.88   0.0013717
   45.52   37.52   65.04   0.0013717
   45.77   41.82   64.77   0.0013717
   45.88   47.00   64.29   0.0013717
   53.01   10.22   60.68   0.0013717
   52.53   15.36   61.71   0.0013717
   52.14   20.22   62.80   0.0013717
   51.49   24.63   63.67   0.0013717
   50.95   28.95   64.28   0.0013717
   50.56   33.27   64.74   0.0013717
   50.33   37.59   65.03   0.0013717
   50.41   41.90   64.97   0.0013717
   50.60   46.94   64.42   0.0013717
   58.75   10.55   59.94   0.0013717
   58.14   15.73   61.18   0.0013717
   57.42   20.40   62.39   0.0013717
   56.62   24.71   63.23   0.0013717
   56.02   29.00   63.89   0.0013717
   55.56   33.30   64.42   0.0013717
   55.23   37.62   64.83   0.0013717
   55.09   41.96   65.03   0.0013717
   55.34   46.81   64.52   0.0013717
   64.50   10.93   59.22   0.0013717
   63.77   16.13   60.65   0.0013717
   62.63   20.46   61.82   0.0013717
   61.81   24.74   62.66   0.0013717
   61.18   29.01   63.33   0.0013717
   60.68   33.29   63.89   0.0013717
   60.28   37.60   64.38   0.0013717
   59.96   41.95   64.79   0.0013717
   60.04   46.64   64.60   0.0013717
   70.24   11.33   58.51   0.0013717
   69.03   16.20   60.05   0.0013717
   67.86   20.48   61.18   0.0013717
   67.04   24.73   61.99   0.0013717
   66.41   28.98   62.64   0.0013717
   65.89   33.23   63.21   0.0013717
   65.45   37.53   63.72   0.0013717
   65.07   41.88   64.20   0.0013717
   64.85   46.54   64.73   0.0013717
   75.52   11.39   58.46   0.0013717
   74.19   16.20   59.51   0.0013717
   73.01   20.46   60.61   0.0013717
   72.17   24.70   61.40   0.0013717
   71.52   28.93   62.05   0.0013717
   70.98   33.17   62.62   0.0013717
   70.49   37.46   63.18   0.0013717
   69.82   41.98   64.13   0.0013717
   69.73   46.79   64.67   0.0013717
   80.44   11.14   58.60   0.0013717
   79.34   16.15   58.96   0.0013717
   78.16   20.40   60.02   0.0013717
   77.32   24.63   60.78   0.0013717
   76.66   28.84   61.40   0.0013717
   76.09   33.09   61.98   0.0013717
   75.16   37.55   63.22   0.0013717
   74.69   42.20   64.07   0.0013717
   74.71   47.09   64.53   0.0013717
   37.04    9.67   66.69   0.0013717
   36.73   14.77   67.36   0.0013717
   36.46   19.68   68.06   0.0013717
   36.22   24.42   68.79   0.0013717
   35.93   28.97   69.48   0.0013717
   35.53   33.41   69.93   0.0013717
   35.28   37.85   70.23   0.0013717
   35.25   42.28   70.30   0.0013717
   35.48   46.95   69.99   0.0013717
   42.88    9.90   65.78   0.0013717
   42.43   15.04   66.66   0.0013717
   42.05   19.96   67.57   0.0013717
   41.68   24.65   68.53   0.0013717
   41.05   29.07   69.22   0.0013717
   40.58   33.48   69.75   0.0013717
   40.26   37.90   70.13   0.0013717
   40.14   42.32   70.31   0.0013717
   40.44   46.70   69.99   0.0013717
   48.77   10.19   64.86   0.0013717
   48.16   15.36   65.97   0.0013717
   47.65   20.27   67.12   0.0013717
   46.86   24.75   68.12   0.0013717
   46.17   29.14   68.87   0.0013717
   45.64   33.53   69.47   0.0013717
   45.24   37.93   69.95   0.0013717
   45.00   42.35   70.27   0.0013717
   45.16   46.77   70.11   0.0013717
   54.68   10.51   63.95   0.0013717
   53.92   15.72   65.29   0.0013717
   53.04   20.45   66.62   0.0013717
   52.06   24.81   67.62   0.0013717
   51.32   29.16   68.40   0.0013717
   50.74   33.53   69.05   0.0013717
   50.28   37.92   69.60   0.0013717
   49.92   42.35   70.07   0.0013717
   49.86   46.76   70.21   0.0013717
   60.59   10.88   63.06   0.0013717
   59.69   16.11   64.60   0.0013717
   58.29   20.50   66.01   0.0013717
   57.29   24.82   67.01   0.0013717
   56.53   29.15   67.79   0.0013717
   55.93   33.48   68.45   0.0013717
   55.44   37.85   69.04   0.0013717
   55.02   42.27   69.58   0.0013717
   54.66   46.75   70.08   0.0013717
   66.32   11.17   62.43   0.0013717
   65.00   16.18   63.98   0.0013717
   63.54   20.50   65.36   0.0013717
   62.50   24.80   66.38   0.0013717
   61.69   29.10   67.19   0.0013717
   61.04   33.42   67.90   0.0013717
   60.49   37.78   68.54   0.0013717
   59.99   42.21   69.18   0.0013717
   59.52   46.85   69.94   0.0013717
   71.61   11.23   62.39   0.0013717
   70.09   16.18   63.51   0.0013717
   68.61   20.48   64.89   0.0013717
   67.56   24.76   65.89   0.0013717
   66.73   29.05   66.70   0.0013717
   66.05   33.36   67.43   0.0013717
   65.41   37.73   68.17   0.0013717
   64.71   42.33   69.19   0.0013717
   64.46   47.07   69.82   0.0013717
   76.48   11.00   62.57   0.0013717
   75.17   16.10   63.07   0.0013717
   73.72   20.41   64.35   0.0013717
   72.65   24.68   65.32   0.0013717
   71.81   28.96   66.13   0.0013717
   71.01   33.29   66.99   0.0013717
   70.07   37.84   68.27   0.0013717
   69.58   42.50   69.13   0.0013717
   69.47   47.31   69.67   0.0013717
   81.05   10.67   63.01   0.0013717
   80.01   15.76   63.25   0.0013717
   78.92   20.28   63.67   0.0013717
   77.86   24.54   64.60   0.0013717
   76.87   28.84   65.58   0.0013717
   75.61   33.36   67.21   0.0013717
   74.90   37.96   68.29   0.0013717
   74.56   42.68   69.03   0.0013717
   74.53   47.56   69.50   0.0013717
   38.47    9.87   70.13   0.0013717
   37.94   15.03   71.04   0.0013717
   37.48   20.00   71.97   0.0013717
   37.04   24.78   72.95   0.0013717
   36.31   29.28   73.75   0.0013717
   35.73   33.78   74.39   0.0013717
   35.28   38.30   74.92   0.0013717
   34.96   42.83   75.34   0.0013717
   34.80   47.36   75.59   0.0013717
   44.51   10.14   69.05   0.0013717
   43.81   15.33   70.20   0.0013717
   43.21   20.30   71.37   0.0013717
   42.33   24.87   72.46   0.0013717
   41.52   29.32   73.31   0.0013717
   40.90   33.79   74.00   0.0013717
   40.39   38.28   74.59   0.0013717
   40.00   42.80   75.10   0.0013717
   39.74   47.34   75.48   0.0013717
   50.58   10.45   67.98   0.0013717
   49.70   15.68   69.37   0.0013717
   48.73   20.49   70.77   0.0013717
   47.59   24.90   71.90   0.0013717
   46.75   29.32   72.77   0.0013717
   46.09   33.75   73.49   0.0013717
   45.55   38.21   74.13   0.0013717
   45.09   42.72   74.71   0.0013717
   44.72   47.27   75.24   0.0013717
   56.66   10.81   66.91   0.0013717
   55.62   16.07   68.53   0.0013717
   54.02   20.52   70.13   0.0013717
   52.86   24.90   71.26   0.0013717
   52.00   29.27   72.13   0.0013717
   51.30   33.67   72.88   0.0013717
   50.69   38.12   73.60   0.0013717
   50.17   42.62   74.26   0.0013717
   49.71   47.19   74.90   0.0013717
   62.28   10.98   66.48   0.0013717
   60.99   16.15   67.87   0.0013717
   59.22   20.52   69.55   0.0013717
   57.98   24.88   70.75   0.0013717
   57.03   29.25   71.71   0.0013717
   56.25   33.64   72.54   0.0013717
   55.59   38.08   73.31   0.0013717
   54.98   42.60   74.09   0.0013717
   54.47   47.27   74.89   0.0013717
   67.56   11.03   66.44   0.0013717
   65.99   16.15   67.52   0.0013717
   64.23   20.49   69.15   0.0013717
   62.98   24.84   70.34   0.0013717
   62.00   29.19   71.31   0.0013717
   61.18   33.58   72.17   0.0013717
   60.39   38.07   73.12   0.0013717
   59.72   42.70   74.11   0.0013717
   59.36   47.41   74.80   0.0013717
   72.40   10.84   66.67   0.0013717
   70.89   15.95   67.42   0.0013717
   69.29   20.42   68.67   0.0013717
   68.02   24.75   69.85   0.0013717
   67.02   29.09   70.82   0.0013717
   66.01   33.54   71.96   0.0013717
   65.12   38.15   73.18   0.0013717
   64.58   42.83   74.06   0.0013717
   64.34   47.59   74.67   0.0013717
   76.90   10.53   67.18   0.0013717
   75.73   15.63   67.59   0.0013717
   74.48   20.27   68.01   0.0013717
   73.17   24.59   69.19   0.0013717
   71.88   29.01   70.56   0.0013717
   70.69   33.60   72.12   0.0013717
   69.95   38.24   73.20   0.0013717
   69.54   42.96   73.97   0.0013717
   69.39   47.78   74.51   0.0013717
   81.26   10.23   67.84   0.0013717
   80.28   15.32   68.09   0.0013717
   79.34   20.08   68.02   0.0013717
   78.11   24.45   68.84   0.0013717
   76.48   29.01   70.89   0.0013717
   75.48   33.64   72.26   0.0013717
   74.88   38.33   73.21   0.0013717
   74.58   43.11   73.87   0.0013717
   74.51   47.99   74.34   0.0013717
   40.22   10.08   73.26   0.0013717
   39.45   15.29   74.42   0.0013717
   38.82   20.30   75.55   0.0013717
   37.91   24.97   76.69   0.0013717
   37.03   29.48   77.58   0.0013717
   36.34   34.02   78.31   0.0013717
   35.80   38.57   78.95   0.0013717
   35.34   43.17   79.53   0.0013717
   34.96   47.81   80.07   0.0013717
   46.45   10.38   72.03   0.0013717
   45.49   15.62   73.44   0.0013717
   44.49   20.51   74.85   0.0013717
   43.23   24.98   76.07   0.0013717
   42.31   29.45   76.99   0.0013717
   41.60   33.94   77.75   0.0013717
   41.03   38.45   78.40   0.0013717
   40.55   43.02   79.02   0.0013717
   40.07   47.67   79.69   0.0013717
   52.47   10.64   71.08   0.0013717
   51.54   15.99   72.46   0.0013717
   49.81   20.52   74.19   0.0013717
   48.52   24.95   75.42   0.0013717
   47.49   29.41   76.45   0.0013717
   46.65   33.90   77.36   0.0013717
   45.95   38.43   78.18   0.0013717
   45.34   43.02   78.95   0.0013717
   44.82   47.68   79.68   0.0013717
   58.10   10.76   70.67   0.0013717
   56.98   16.11   71.78   0.0013717
   54.93   20.53   73.72   0.0013717
   53.50   24.95   75.09   0.0013717
   52.41   29.40   76.18   0.0013717
   51.53   33.88   77.13   0.0013717
   50.77   38.41   78.01   0.0013717
   50.10   43.03   78.89   0.0013717
   49.58   47.73   79.68   0.0013717
   63.35   10.81   70.65   0.0013717
   61.85   16.09   71.61   0.0013717
   59.88   20.51   73.40   0.0013717
   58.44   24.91   74.76   0.0013717
   57.32   29.35   75.87   0.0013717
   56.40   33.82   76.85   0.0013717
   55.53   38.41   77.92   0.0013717
   54.86   43.10   78.89   0.0013717
   54.41   47.81   79.62   0.0013717
   68.19   10.66   70.90   0.0013717
   66.54   15.79   71.87   0.0013717
   64.88   20.43   72.98   0.0013717
   63.43   24.82   74.33   0.0013717
   62.29   29.24   75.44   0.0013717
   61.16   33.81   76.76   0.0013717
   60.28   38.48   77.96   0.0013717
   59.70   43.18   78.85   0.0013717
   59.34   47.93   79.53   0.0013717
   72.63   10.38   71.48   0.0013717
   71.39   15.47   72.00   0.0013717
   70.02   20.27   72.40   0.0013717
   68.52   24.65   73.74   0.0013717
   67.05   29.18   75.37   0.0013717
   65.88   33.84   76.89   0.0013717
   65.12   38.53   77.98   0.0013717
   64.63   43.27   78.79   0.0013717
   64.36   48.06   79.39   0.0013717
   76.89   10.10   72.24   0.0013717
   75.86   15.19   72.59   0.0013717
   74.92   20.00   72.57   0.0013717
   73.35   24.52   73.63   0.0013717
   71.72   29.17   75.67   0.0013717
   70.69   33.86   77.03   0.0013717
   70.04   38.59   78.00   0.0013717
   69.64   43.37   78.71   0.0013717
   69.46   48.21   79.24   0.0013717
   81.06    9.84   73.08   0.0013717
   80.23   14.92   73.30   0.0013717
   79.43   19.78   73.24   0.0013717
   77.96   24.43   74.16   0.0013717
   76.46   29.12   75.99   0.0013717
   75.56   33.86   77.20   0.0013717
   75.02   38.64   78.03   0.0013717
   74.73   43.47   78.63   0.0013717
   74.62   48.36   79.08   0.0013717
   42.21   10.26   76.19   0.0013717
   41.25   15.53   77.52   0.0013717
   40.31   20.51   78.86   0.0013717
   38.95   25.03   80.15   0.0013717
   37.98   29.55   81.08   0.0013717
   37.22   34.09   81.87   0.0013717
   36.48   38.73   82.74   0.0013717
   35.84   43.43   83.56   0.0013717
   35.31   48.19   84.33   0.0013717
   48.03   10.41   75.52   0.0013717
   47.45   15.89   76.38   0.0013717
   45.65   20.51   78.19   0.0013717
   44.15   25.01   79.62   0.0013717
   42.99   29.55   80.79   0.0013717
   42.05   34.13   81.79   0.0013717
   41.28   38.76   82.71   0.0013717
   40.62   43.45   83.55   0.0013717
   40.07   48.18   84.32   0.0013717
   53.73   10.53   75.04   0.0013717
   52.94   16.05   75.72   0.0013717
   50.65   20.53   77.88   0.0013717
   49.06   25.02   79.40   0.0013717
   47.85   29.55   80.61   0.0013717
   46.88   34.12   81.65   0.0013717
   46.06   38.75   82.61   0.0013717
   45.36   43.46   83.53   0.0013717
   44.82   48.20   84.32   0.0013717
   58.96   10.57   75.04   0.0013717
   57.46   15.87   76.10   0.0013717
   55.55   20.51   77.63   0.0013717
   53.95   24.99   79.14   0.0013717
   52.72   29.51   80.36   0.0013717
   51.71   34.07   81.44   0.0013717
   50.80   38.76   82.57   0.0013717
   50.12   43.50   83.53   0.0013717
   49.62   48.24   84.30   0.0013717
   63.84   10.47   75.28   0.0013717
   62.09   15.60   76.42   0.0013717
   60.51   20.43   77.26   0.0013717
   58.89   24.89   78.77   0.0013717
   57.63   29.40   80.00   0.0013717
   56.45   34.07   81.42   0.0013717
   55.57   38.79   82.61   0.0013717
   54.94   43.54   83.51   0.0013717
   54.49   48.30   84.24   0.0013717
   68.26   10.21   75.88   0.0013717
   66.92   15.30   76.57   0.0013717
   65.49   20.19   77.15   0.0013717
   63.93   24.72   78.24   0.0013717
   62.36   29.35   80.05   0.0013717
   61.19   34.07   81.55   0.0013717
   60.39   38.82   82.64   0.0013717
   59.84   43.59   83.48   0.0013717
   59.45   48.38   84.14   0.0013717
   72.40    9.96   76.76   0.0013717
   71.37   15.04   77.16   0.0013717
   70.50   19.90   77.17   0.0013717
   68.75   24.58   78.29   0.0013717
   67.07   29.31   80.33   0.0013717
   66.00   34.06   81.70   0.0013717
   65.29   38.84   82.69   0.0013717
   64.81   43.64   83.43   0.0013717
   64.50   48.47   84.02   0.0013717
   76.47    9.72   77.71   0.0013717
   75.66   14.79   77.94   0.0013717
   74.95   19.69   77.87   0.0013717
   73.43   24.45   78.80   0.0013717
   71.83   29.24   80.67   0.0013717
   70.87   34.04   81.88   0.0013717
   70.25   38.85   82.75   0.0013717
   69.86   43.70   83.39   0.0013717
   69.62   48.57   83.89   0.0013717
   80.48    9.51   78.70   0.0013717
   79.85   14.56   78.81   0.0013717
   79.28   19.50   78.72   0.0013717
   78.03   24.32   79.44   0.0013717
   76.60   29.16   81.07   0.0013717
   75.77   34.01   82.11   0.0013717
   75.27   38.87   82.82   0.0013717
   74.97   43.75   83.35   0.0013717
   74.81   48.67   83.76   0.0013717
