TEXTURE AT STRAIN =    0.0500
   1.000   1.000   1.000  <-- length of phase ellipsoid axes
  180.00   90.00  180.00  <-- Euler angles (deg) of phase ellipsoid axes
B       729
   17.05   25.84   -2.01   0.0013717
   13.09   29.63  -17.14   0.0013717
   13.00   34.30  -16.88   0.0013717
   12.93   38.95  -16.66   0.0013717
   13.06   44.26  -16.99   0.0013717
   13.17   49.68  -17.38   0.0013717
   13.26   55.13  -17.79   0.0013717
   13.37   60.59  -18.22   0.0013717
   13.52   66.04  -18.66   0.0013717
   18.76   24.97  -18.00   0.0013717
   18.66   29.67  -17.65   0.0013717
   18.57   34.30  -17.34   0.0013717
   18.53   38.88  -17.12   0.0013717
   18.50   43.74  -17.14   0.0013717
   18.62   49.16  -17.51   0.0013717
   18.70   54.64  -17.91   0.0013717
   18.77   60.15  -18.35   0.0013717
   18.86   65.65  -18.79   0.0013717
   24.30   25.09  -18.50   0.0013717
   24.17   29.75  -18.05   0.0013717
   24.07   34.33  -17.66   0.0013717
   23.89   38.87  -17.40   0.0013717
   23.82   43.41  -17.31   0.0013717
   23.95   48.70  -17.63   0.0013717
   24.11   54.18  -18.02   0.0013717
   24.17   59.72  -18.44   0.0013717
   24.19   65.28  -18.90   0.0013717
   29.83   25.25  -18.92   0.0013717
   29.64   29.87  -18.33   0.0013717
   29.33   34.39  -17.88   0.0013717
   29.08   38.89  -17.59   0.0013717
   29.01   43.39  -17.47   0.0013717
   29.15   48.31  -17.71   0.0013717
   29.34   53.81  -18.11   0.0013717
   29.52   59.33  -18.51   0.0013717
   29.55   64.92  -18.97   0.0013717
   35.34   25.45  -19.27   0.0013717
   34.90   29.98  -18.58   0.0013717
   34.46   34.45  -18.08   0.0013717
   34.16   38.93  -17.72   0.0013717
   34.04   43.40  -17.55   0.0013717
   34.22   48.00  -17.75   0.0013717
   34.42   53.52  -18.17   0.0013717
   34.64   59.06  -18.59   0.0013717
   34.86   64.61  -19.00   0.0013717
   40.71   25.62  -19.60   0.0013717
   40.05   30.06  -18.89   0.0013717
   39.54   34.50  -18.32   0.0013717
   39.18   38.96  -17.88   0.0013717
   38.98   43.42  -17.60   0.0013717
   39.16   47.81  -17.75   0.0013717
   39.37   53.32  -18.20   0.0013717
   39.61   58.89  -18.65   0.0013717
   39.87   64.47  -19.08   0.0013717
   45.91   25.69  -20.05   0.0013717
   45.20   30.10  -19.29   0.0013717
   44.64   34.52  -18.66   0.0013717
   44.20   38.96  -18.13   0.0013717
   43.90   43.43  -17.72   0.0013717
   43.93   47.85  -17.68   0.0013717
   44.20   53.21  -18.20   0.0013717
   44.45   58.82  -18.68   0.0013717
   44.72   64.44  -19.15   0.0013717
   51.14   25.73  -20.60   0.0013717
   50.38   30.10  -19.80   0.0013717
   49.79   34.49  -19.14   0.0013717
   49.30   38.92  -18.55   0.0013717
   48.90   43.38  -18.02   0.0013717
   48.67   47.88  -17.66   0.0013717
   48.93   53.19  -18.17   0.0013717
   49.21   58.82  -18.69   0.0013717
   49.50   64.47  -19.18   0.0013717
   56.38   25.72  -21.23   0.0013717
   55.62   30.06  -20.45   0.0013717
   55.00   34.42  -19.77   0.0013717
   54.46   38.82  -19.12   0.0013717
   53.99   43.28  -18.52   0.0013717
   53.56   47.84  -17.90   0.0013717
   53.85   53.14  -18.09   0.0013717
   54.15   58.80  -18.62   0.0013717
   54.36   64.50  -19.15   0.0013717
   13.69   25.24  -13.05   0.0013717
   13.50   30.04  -12.64   0.0013717
   13.30   34.79  -12.25   0.0013717
   13.10   39.51  -11.88   0.0013717
   12.87   44.24  -11.57   0.0013717
   12.91   49.35  -11.69   0.0013717
   13.06   54.78  -12.15   0.0013717
   13.30   60.14  -12.71   0.0013717
   13.63   65.35  -13.35   0.0013717
   19.34   25.31  -13.69   0.0013717
   19.12   30.07  -13.19   0.0013717
   18.89   34.77  -12.71   0.0013717
   18.60   39.43  -12.30   0.0013717
   18.35   44.11  -11.99   0.0013717
   18.22   48.84  -11.79   0.0013717
   18.47   54.24  -12.23   0.0013717
   18.58   59.73  -12.71   0.0013717
   18.69   65.22  -13.20   0.0013717
   24.98   25.43  -14.27   0.0013717
   24.70   30.16  -13.63   0.0013717
   24.31   34.78  -13.07   0.0013717
   23.94   39.40  -12.64   0.0013717
   23.66   44.03  -12.29   0.0013717
   23.52   48.67  -12.06   0.0013717
   23.72   53.80  -12.32   0.0013717
   23.98   59.25  -12.77   0.0013717
   24.02   64.81  -13.28   0.0013717
   30.61   25.60  -14.77   0.0013717
   30.11   30.24  -14.01   0.0013717
   29.58   34.80  -13.42   0.0013717
   29.16   39.38  -12.92   0.0013717
   28.85   43.98  -12.52   0.0013717
   28.68   48.58  -12.25   0.0013717
   28.83   53.46  -12.39   0.0013717
   29.16   58.91  -12.85   0.0013717
   29.40   64.40  -13.31   0.0013717
   36.13   25.77  -15.22   0.0013717
   35.37   30.28  -14.43   0.0013717
   34.78   34.80  -13.78   0.0013717
   34.32   39.35  -13.22   0.0013717
   33.95   43.93  -12.75   0.0013717
   33.72   48.52  -12.39   0.0013717
   33.82   53.22  -12.44   0.0013717
   34.18   58.69  -12.93   0.0013717
   34.53   64.17  -13.39   0.0013717
   41.42   25.81  -15.75   0.0013717
   40.61   30.29  -14.92   0.0013717
   39.98   34.78  -14.22   0.0013717
   39.46   39.30  -13.60   0.0013717
   39.04   43.85  -13.05   0.0013717
   38.72   48.45  -12.57   0.0013717
   38.72   53.07  -12.48   0.0013717
   39.08   58.58  -12.99   0.0013717
   39.42   64.12  -13.49   0.0013717
   46.69   25.82  -16.35   0.0013717
   45.86   30.26  -15.49   0.0013717
   45.20   34.71  -14.77   0.0013717
   44.66   39.19  -14.13   0.0013717
   44.21   43.72  -13.54   0.0013717
   43.82   48.32  -12.97   0.0013717
   43.51   53.03  -12.49   0.0013717
   43.89   58.58  -13.04   0.0013717
   44.28   64.13  -13.56   0.0013717
   51.97   25.79  -17.00   0.0013717
   51.04   30.21  -16.05   0.0013717
   50.28   34.65  -15.22   0.0013717
   49.64   39.14  -14.46   0.0013717
   49.09   43.69  -13.74   0.0013717
   48.59   48.32  -13.03   0.0013717
   48.31   53.05  -12.47   0.0013717
   48.95   58.48  -13.00   0.0013717
   49.29   64.08  -13.55   0.0013717
   56.95   25.78  -17.36   0.0013717
   55.98   30.18  -16.38   0.0013717
   55.18   34.62  -15.51   0.0013717
   54.49   39.11  -14.69   0.0013717
   53.83   43.72  -13.79   0.0013717
   53.39   48.41  -13.06   0.0013717
   53.24   53.19  -12.56   0.0013717
   53.92   58.49  -12.94   0.0013717
   54.39   64.05  -13.46   0.0013717
   14.53   25.51   -9.06   0.0013717
   14.28   30.37   -8.57   0.0013717
   14.02   35.17   -8.08   0.0013717
   13.70   39.94   -7.64   0.0013717
   13.39   44.73   -7.25   0.0013717
   13.26   49.49   -7.03   0.0013717
   13.16   54.26   -6.93   0.0013717
   13.49   59.45   -7.58   0.0013717
   13.78   64.67   -8.20   0.0013717
   20.26   25.59   -9.76   0.0013717
   19.95   30.41   -9.14   0.0013717
   19.56   35.14   -8.57   0.0013717
   19.14   39.84   -8.09   0.0013717
   18.80   44.57   -7.66   0.0013717
   18.53   49.34   -7.26   0.0013717
   18.33   54.14   -6.92   0.0013717
   18.41   59.24   -7.10   0.0013717
   18.72   64.55   -7.86   0.0013717
   26.00   25.73  -10.40   0.0013717
   25.51   30.47   -9.64   0.0013717
   24.93   35.10   -9.02   0.0013717
   24.47   39.76   -8.49   0.0013717
   24.10   44.45   -8.00   0.0013717
   23.79   49.18   -7.56   0.0013717
   23.57   53.93   -7.18   0.0013717
   23.62   58.83   -7.11   0.0013717
   23.84   64.29   -7.63   0.0013717
   31.68   25.89  -10.98   0.0013717
   30.86   30.47  -10.16   0.0013717
   30.23   35.06   -9.48   0.0013717
   29.73   39.68   -8.89   0.0013717
   29.32   44.33   -8.36   0.0013717
   28.98   49.03   -7.86   0.0013717
   28.71   53.77   -7.40   0.0013717
   28.67   58.55   -7.20   0.0013717
   29.11   63.91   -7.67   0.0013717
   37.04   25.91  -11.58   0.0013717
   36.17   30.44  -10.71   0.0013717
   35.51   34.99   -9.99   0.0013717
   34.97   39.56   -9.37   0.0013717
   34.53   44.18   -8.79   0.0013717
   34.13   48.86   -8.21   0.0013717
   33.80   53.61   -7.65   0.0013717
   33.63   58.39   -7.28   0.0013717
   34.06   63.83   -7.79   0.0013717
   42.36   25.90  -12.21   0.0013717
   41.46   30.38  -11.32   0.0013717
   40.76   34.89  -10.58   0.0013717
   40.09   39.47   -9.77   0.0013717
   39.51   44.12   -9.02   0.0013717
   39.01   48.82   -8.30   0.0013717
   38.64   53.55   -7.70   0.0013717
   38.54   58.31   -7.35   0.0013717
   39.02   63.73   -7.89   0.0013717
   47.53   25.87  -12.72   0.0013717
   46.47   30.37  -11.65   0.0013717
   45.62   34.90  -10.72   0.0013717
   44.90   39.48   -9.86   0.0013717
   44.28   44.12   -9.05   0.0013717
   43.77   48.83   -8.30   0.0013717
   43.38   53.55   -7.68   0.0013717
   43.40   58.33   -7.39   0.0013717
   44.06   63.67   -7.91   0.0013717
   52.45   25.87  -12.99   0.0013717
   51.36   30.35  -11.88   0.0013717
   50.46   34.88  -10.91   0.0013717
   49.69   39.46   -9.99   0.0013717
   49.02   44.15   -9.06   0.0013717
   48.54   48.87   -8.32   0.0013717
   48.19   53.61   -7.71   0.0013717
   48.24   58.42   -7.42   0.0013717
   49.03   63.71   -7.92   0.0013717
   57.37   25.82  -13.31   0.0013717
   56.25   30.29  -12.18   0.0013717
   55.31   34.82  -11.17   0.0013717
   54.42   39.50   -9.98   0.0013717
   53.80   44.21   -9.08   0.0013717
   53.38   48.95   -8.37   0.0013717
   53.11   53.72   -7.80   0.0013717
   53.10   58.57   -7.41   0.0013717
   53.98   63.83   -7.91   0.0013717
   15.66   25.71   -5.40   0.0013717
   15.38   30.60   -4.86   0.0013717
   15.05   35.42   -4.34   0.0013717
   14.72   40.15   -3.97   0.0013717
   14.51   44.89   -3.67   0.0013717
   14.35   49.65   -3.39   0.0013717
   14.21   54.41   -3.15   0.0013717
   14.08   59.22   -3.10   0.0013717
   13.99   64.12   -3.20   0.0013717
   21.49   25.81   -6.16   0.0013717
   21.08   30.65   -5.47   0.0013717
   20.50   35.33   -4.88   0.0013717
   20.06   40.04   -4.37   0.0013717
   19.73   44.80   -3.89   0.0013717
   19.47   49.57   -3.46   0.0013717
   19.27   54.36   -3.10   0.0013717
   19.12   59.13   -2.80   0.0013717
   18.96   64.00   -2.84   0.0013717
   27.33   25.97   -6.87   0.0013717
   26.50   30.61   -6.05   0.0013717
   25.88   35.24   -5.41   0.0013717
   25.38   39.91   -4.84   0.0013717
   24.89   44.69   -4.15   0.0013717
   24.54   49.47   -3.59   0.0013717
   24.27   54.26   -3.12   0.0013717
   24.08   59.06   -2.71   0.0013717
   23.98   63.83   -2.41   0.0013717
   32.75   25.97   -7.51   0.0013717
   31.86   30.55   -6.65   0.0013717
   31.20   35.13   -5.98   0.0013717
   30.56   39.81   -5.21   0.0013717
   29.94   44.60   -4.36   0.0013717
   29.49   49.39   -3.69   0.0013717
   29.16   54.18   -3.13   0.0013717
   28.90   58.98   -2.65   0.0013717
   28.86   63.73   -2.35   0.0013717
   38.10   25.93   -8.17   0.0013717
   37.11   30.48   -7.19   0.0013717
   36.21   35.12   -6.21   0.0013717
   35.46   39.81   -5.31   0.0013717
   34.82   44.57   -4.46   0.0013717
   34.31   49.35   -3.72   0.0013717
   33.95   54.13   -3.11   0.0013717
   33.77   58.88   -2.67   0.0013717
   33.74   63.60   -2.39   0.0013717
   43.12   25.95   -8.47   0.0013717
   41.96   30.53   -7.29   0.0013717
   41.02   35.15   -6.27   0.0013717
   40.24   39.83   -5.33   0.0013717
   39.59   44.57   -4.47   0.0013717
   39.07   49.34   -3.71   0.0013717
   38.72   54.10   -3.10   0.0013717
   38.54   58.84   -2.67   0.0013717
   38.53   63.53   -2.40   0.0013717
   47.99   25.96   -8.66   0.0013717
   46.80   30.52   -7.45   0.0013717
   45.83   35.14   -6.39   0.0013717
   45.01   39.82   -5.41   0.0013717
   44.33   44.58   -4.47   0.0013717
   43.82   49.35   -3.71   0.0013717
   43.40   54.12   -3.06   0.0013717
   43.21   58.86   -2.61   0.0013717
   43.36   63.58   -2.43   0.0013717
   52.87   25.91   -8.91   0.0013717
   51.65   30.47   -7.69   0.0013717
   50.62   35.10   -6.55   0.0013717
   49.74   39.85   -5.39   0.0013717
   49.10   44.61   -4.48   0.0013717
   48.62   49.38   -3.74   0.0013717
   48.23   54.16   -3.10   0.0013717
   47.86   58.94   -2.53   0.0013717
   48.28   63.74   -2.50   0.0013717
   57.80   25.80   -9.28   0.0013717
   56.50   30.37   -7.95   0.0013717
   55.34   35.12   -6.46   0.0013717
   54.53   39.87   -5.36   0.0013717
   53.94   44.64   -4.50   0.0013717
   53.49   49.43   -3.80   0.0013717
   53.15   54.23   -3.20   0.0013717
   52.87   59.06   -2.66   0.0013717
   53.20   63.94   -2.52   0.0013717
   17.05   25.84   -2.01   0.0013717
   16.76   30.74   -1.46   0.0013717
   16.28   35.47   -0.95   0.0013717
   15.86   40.22   -0.44   0.0013717
   15.53   45.00    0.00   0.0013717
   15.28   49.78    0.38   0.0013717
   15.11   54.54    0.67   0.0013717
   15.06   59.27    0.87   0.0013717
   14.82   64.18    0.97   0.0013717
   22.98   25.96   -2.83   0.0013717
   22.27   30.68   -2.10   0.0013717
   21.60   35.39   -1.39   0.0013717
   20.99   40.19   -0.63   0.0013717
   20.53   45.00    0.00   0.0013717
   20.17   49.81    0.53   0.0013717
   19.90   54.62    0.98   0.0013717
   19.83   59.35    1.24   0.0013717
   19.83   64.07    1.38   0.0013717
   28.56   25.98   -3.55   0.0013717
   27.66   30.59   -2.73   0.0013717
   26.79   35.32   -1.78   0.0013717
   26.01   40.17   -0.78   0.0013717
   25.43   45.00    0.00   0.0013717
   24.98   49.84    0.66   0.0013717
   24.62   54.70    1.26   0.0013717
   24.49   59.45    1.61   0.0013717
   24.61   64.07    1.73   0.0013717
   33.89   25.93   -4.16   0.0013717
   32.68   30.61   -2.94   0.0013717
   31.71   35.35   -1.87   0.0013717
   30.89   40.16   -0.87   0.0013717
   30.25   45.00    0.00   0.0013717
   29.75   49.85    0.74   0.0013717
   29.41   54.67    1.33   0.0013717
   29.26   59.43    1.74   0.0013717
   29.26   64.14    2.02   0.0013717
   38.75   26.01   -4.24   0.0013717
   37.50   30.67   -2.98   0.0013717
   36.50   35.40   -1.88   0.0013717
   35.68   40.18   -0.89   0.0013717
   35.01   45.00    0.00   0.0013717
   34.51   49.83    0.75   0.0013717
   34.19   54.62    1.34   0.0013717
   34.04   59.37    1.76   0.0013717
   34.03   64.07    2.07   0.0013717
   43.58   26.03   -4.36   0.0013717
   42.31   30.68   -3.08   0.0013717
   41.29   35.40   -1.96   0.0013717
   40.44   40.18   -0.93   0.0013717
   39.76   45.00    0.00   0.0013717
   39.22   49.83    0.78   0.0013717
   38.88   54.63    1.39   0.0013717
   38.73   59.37    1.83   0.0013717
   38.73   64.05    2.13   0.0013717
   48.42   25.99   -4.56   0.0013717
   47.13   30.63   -3.26   0.0013717
   46.05   35.36   -2.05   0.0013717
   45.18   40.18   -0.91   0.0013717
   44.52   45.00    0.00   0.0013717
   43.99   49.83    0.77   0.0013717
   43.54   54.66    1.46   0.0013717
   43.34   59.42    1.93   0.0013717
   43.35   64.10    2.22   0.0013717
   53.32   25.87   -4.88   0.0013717
   51.94   30.55   -3.43   0.0013717
   50.79   35.36   -1.97   0.0013717
   49.96   40.17   -0.88   0.0013717
   49.32   45.00    0.00   0.0013717
   48.81   49.83    0.74   0.0013717
   48.38   54.67    1.40   0.0013717
   47.96   59.52    2.02   0.0013717
   47.89   64.23    2.36   0.0013717
   58.26   25.69   -5.17   0.0013717
   56.66   30.50   -3.21   0.0013717
   55.57   35.32   -1.84   0.0013717
   54.78   40.16   -0.82   0.0013717
   54.18   45.00    0.00   0.0013717
   53.71   49.85    0.69   0.0013717
   53.31   54.70    1.31   0.0013717
   52.94   59.56    1.89   0.0013717
   52.52   64.42    2.48   0.0013717
   18.65   25.89    1.17   0.0013717
   18.09   30.69    1.81   0.0013717
   17.34   35.49    2.64   0.0013717
   16.74   40.33    3.35   0.0013717
   16.26   45.17    3.94   0.0013717
   15.91   50.01    4.43   0.0013717
   15.77   54.76    4.77   0.0013717
   15.72   59.51    5.07   0.0013717
   15.59   64.31    5.34   0.0013717
   24.42   25.94    0.35   0.0013717
   23.39   30.64    1.33   0.0013717
   22.35   35.53    2.53   0.0013717
   21.61   40.41    3.43   0.0013717
   21.04   45.30    4.18   0.0013717
   20.60   50.19    4.81   0.0013717
   20.49   54.89    5.11   0.0013717
   20.46   59.58    5.38   0.0013717
   20.50   64.26    5.64   0.0013717
   29.58   25.96   -0.02   0.0013717
   28.29   30.73    1.29   0.0013717
   27.25   35.57    2.44   0.0013717
   26.43   40.47    3.47   0.0013717
   25.80   45.37    4.32   0.0013717
   25.28   50.31    5.09   0.0013717
   25.11   55.04    5.48   0.0013717
   25.11   59.68    5.71   0.0013717
   25.18   64.31    5.92   0.0013717
   34.41   26.05   -0.03   0.0013717
   33.10   30.80    1.29   0.0013717
   32.06   35.62    2.43   0.0013717
   31.22   40.49    3.46   0.0013717
   30.55   45.39    4.37   0.0013717
   30.09   50.27    5.09   0.0013717
   29.81   55.07    5.63   0.0013717
   29.71   59.80    6.02   0.0013717
   29.78   64.40    6.22   0.0013717
   39.22   26.09   -0.10   0.0013717
   37.89   30.82    1.23   0.0013717
   36.83   35.62    2.39   0.0013717
   35.97   40.49    3.45   0.0013717
   35.29   45.39    4.37   0.0013717
   34.80   50.27    5.14   0.0013717
   34.51   55.07    5.71   0.0013717
   34.38   59.80    6.12   0.0013717
   34.40   64.46    6.42   0.0013717
   44.03   26.05   -0.25   0.0013717
   42.69   30.78    1.09   0.0013717
   41.59   35.60    2.34   0.0013717
   40.72   40.48    3.46   0.0013717
   40.04   45.37    4.38   0.0013717
   39.48   50.27    5.18   0.0013717
   39.12   55.12    5.82   0.0013717
   38.99   59.85    6.25   0.0013717
   39.01   64.51    6.55   0.0013717
   48.90   25.93   -0.54   0.0013717
   47.48   30.69    1.00   0.0013717
   46.34   35.56    2.43   0.0013717
   45.48   40.45    3.51   0.0013717
   44.81   45.34    4.40   0.0013717
   44.26   50.23    5.16   0.0013717
   43.78   55.15    5.88   0.0013717
   43.54   59.96    6.40   0.0013717
   43.58   64.61    6.70   0.0013717
   53.81   25.72   -0.53   0.0013717
   52.23   30.60    1.23   0.0013717
   51.10   35.50    2.58   0.0013717
   50.27   40.40    3.61   0.0013717
   49.63   45.30    4.43   0.0013717
   49.10   50.21    5.15   0.0013717
   48.62   55.11    5.82   0.0013717
   48.18   60.04    6.48   0.0013717
   48.08   64.79    6.88   0.0013717
   58.71   25.49   -0.34   0.0013717
   56.98   30.48    1.55   0.0013717
   55.89   35.42    2.80   0.0013717
   55.11   40.35    3.73   0.0013717
   54.50   45.27    4.48   0.0013717
   54.00   50.18    5.14   0.0013717
   53.56   55.10    5.74   0.0013717
   53.13   60.02    6.34   0.0013717
   52.67   64.96    6.99   0.0013717
   20.32   25.84    4.20   0.0013717
   19.03   30.70    5.54   0.0013717
   18.06   35.62    6.61   0.0013717
   17.32   40.54    7.44   0.0013717
   16.85   45.40    8.05   0.0013717
   16.55   50.21    8.54   0.0013717
   16.37   55.00    8.96   0.0013717
   16.27   59.77    9.35   0.0013717
   16.26   64.52    9.72   0.0013717
   25.28   25.96    4.13   0.0013717
   23.93   30.81    5.50   0.0013717
   22.87   35.74    6.71   0.0013717
   22.08   40.69    7.67   0.0013717
   21.51   45.60    8.41   0.0013717
   21.24   50.36    8.85   0.0013717
   21.08   55.10    9.24   0.0013717
   21.01   59.81    9.60   0.0013717
   21.01   64.51    9.93   0.0013717
   30.09   26.08    4.18   0.0013717
   28.75   30.90    5.52   0.0013717
   27.68   35.80    6.70   0.0013717
   26.84   40.76    7.74   0.0013717
   26.19   45.73    8.64   0.0013717
   25.81   50.58    9.24   0.0013717
   25.69   55.25    9.57   0.0013717
   25.65   59.91    9.88   0.0013717
   25.68   64.54   10.17   0.0013717
   34.88   26.13    4.15   0.0013717
   33.53   30.93    5.50   0.0013717
   32.46   35.81    6.68   0.0013717
   31.60   40.76    7.74   0.0013717
   30.93   45.72    8.66   0.0013717
   30.49   50.61    9.36   0.0013717
   30.25   55.41    9.88   0.0013717
   30.20   60.06   10.20   0.0013717
   30.26   64.64   10.44   0.0013717
   39.60   26.05    4.28   0.0013717
   38.31   30.89    5.39   0.0013717
   37.21   35.78    6.65   0.0013717
   36.34   40.73    7.76   0.0013717
   35.65   45.69    8.67   0.0013717
   35.12   50.65    9.47   0.0013717
   34.85   55.47   10.03   0.0013717
   34.76   60.18   10.44   0.0013717
   34.79   64.79   10.73   0.0013717
   44.36   25.88    4.43   0.0013717
   43.10   30.78    5.35   0.0013717
   41.96   35.72    6.76   0.0013717
   41.09   40.68    7.83   0.0013717
   40.40   45.64    8.71   0.0013717
   39.82   50.62    9.50   0.0013717
   39.40   55.57   10.20   0.0013717
   39.30   60.29   10.62   0.0013717
   39.34   64.91   10.92   0.0013717
   49.21   25.67    4.52   0.0013717
   47.87   30.65    5.62   0.0013717
   46.71   35.63    6.95   0.0013717
   45.85   40.61    7.95   0.0013717
   45.18   45.58    8.78   0.0013717
   44.61   50.56    9.51   0.0013717
   44.10   55.55   10.22   0.0013717
   43.79   60.46   10.84   0.0013717
   43.84   65.08   11.12   0.0013717
   54.19   25.42    4.52   0.0013717
   52.61   30.50    5.99   0.0013717
   51.47   35.52    7.22   0.0013717
   50.65   40.52    8.13   0.0013717
   50.00   45.51    8.88   0.0013717
   49.44   50.49    9.55   0.0013717
   48.95   55.48   10.19   0.0013717
   48.47   60.49   10.86   0.0013717
   48.31   65.32   11.35   0.0013717
   59.14   25.18    4.65   0.0013717
   57.33   30.35    6.44   0.0013717
   56.25   35.40    7.54   0.0013717
   55.48   40.42    8.35   0.0013717
   54.88   45.43    9.00   0.0013717
   54.35   50.43    9.59   0.0013717
   53.88   55.42   10.15   0.0013717
   53.41   60.42   10.74   0.0013717
   52.93   65.45   11.41   0.0013717
   20.43   25.73    8.98   0.0013717
   19.61   30.85    9.68   0.0013717
   18.62   35.78   10.74   0.0013717
   17.92   40.70   11.56   0.0013717
   17.43   45.59   12.22   0.0013717
   17.09   50.44   12.78   0.0013717
   16.87   55.27   13.28   0.0013717
   16.75   60.05   13.72   0.0013717
   16.72   64.80   14.14   0.0013717
   25.25   25.88    9.13   0.0013717
   24.42   30.96    9.74   0.0013717
   23.36   35.93   10.92   0.0013717
   22.57   40.92   11.89   0.0013717
   22.11   45.75   12.49   0.0013717
   21.79   50.55   13.01   0.0013717
   21.59   55.32   13.47   0.0013717
   21.48   60.05   13.89   0.0013717
   21.46   64.75   14.28   0.0013717
   30.01   25.91    9.31   0.0013717
   29.19   31.00    9.78   0.0013717
   28.14   35.95   10.91   0.0013717
   27.29   40.97   11.97   0.0013717
   26.67   45.96   12.83   0.0013717
   26.36   50.75   13.35   0.0013717
   26.19   55.45   13.75   0.0013717
   26.12   60.13   14.12   0.0013717
   26.12   64.77   14.47   0.0013717
   34.76   25.85    9.48   0.0013717
   33.94   30.93    9.89   0.0013717
   32.89   35.91   10.90   0.0013717
   32.03   40.93   11.99   0.0013717
   31.34   45.98   12.91   0.0013717
   30.90   50.91   13.63   0.0013717
   30.69   55.68   14.11   0.0013717
   30.65   60.30   14.42   0.0013717
   30.68   64.88   14.72   0.0013717
   39.55   25.72    9.62   0.0013717
   38.72   30.80    9.98   0.0013717
   37.64   35.82   11.05   0.0013717
   36.76   40.86   12.08   0.0013717
   36.06   45.90   12.95   0.0013717
   35.48   50.97   13.77   0.0013717
   35.21   55.82   14.35   0.0013717
   35.13   60.51   14.74   0.0013717
   35.18   65.07   15.01   0.0013717
   44.40   25.54    9.71   0.0013717
   43.57   30.62   10.02   0.0013717
   42.38   35.70   11.30   0.0013717
   41.50   40.76   12.26   0.0013717
   40.80   45.81   13.06   0.0013717
   40.22   50.87   13.79   0.0013717
   39.71   55.97   14.56   0.0013717
   39.62   60.69   14.99   0.0013717
   39.67   65.27   15.28   0.0013717
   49.36   25.30    9.73   0.0013717
   48.30   30.44   10.44   0.0013717
   47.11   35.56   11.63   0.0013717
   46.25   40.64   12.50   0.0013717
   45.58   45.71   13.22   0.0013717
   45.00   50.77   13.87   0.0013717
   44.48   55.85   14.53   0.0013717
   44.06   60.93   15.25   0.0013717
   44.14   65.51   15.53   0.0013717
   54.46   25.04    9.66   0.0013717
   52.98   30.27   10.93   0.0013717
   51.85   35.41   12.01   0.0013717
   51.04   40.51   12.78   0.0013717
   50.39   45.60   13.41   0.0013717
   49.83   50.67   13.98   0.0013717
   49.32   55.75   14.55   0.0013717
   48.84   60.84   15.18   0.0013717
   48.58   65.82   15.80   0.0013717
   59.38   24.83    9.85   0.0013717
   57.62   30.12   11.50   0.0013717
   56.60   35.27   12.43   0.0013717
   55.86   40.38   13.08   0.0013717
   55.26   45.48   13.61   0.0013717
   54.73   50.57   14.09   0.0013717
   54.24   55.66   14.57   0.0013717
   53.75   60.74   15.11   0.0013717
   53.26   65.86   15.77   0.0013717
   19.66   25.44   14.82   0.0013717
   19.08   30.61   15.26   0.0013717
   18.72   35.86   15.56   0.0013717
   18.35   40.97   15.97   0.0013717
   17.86   45.87   16.61   0.0013717
   17.52   50.74   17.20   0.0013717
   17.29   55.58   17.71   0.0013717
   17.16   60.36   18.19   0.0013717
   17.11   65.09   18.63   0.0013717
   24.58   25.56   14.90   0.0013717
   24.05   30.73   15.26   0.0013717
   23.60   35.93   15.55   0.0013717
   23.08   41.03   16.05   0.0013717
   22.58   45.92   16.73   0.0013717
   22.24   50.77   17.30   0.0013717
   22.01   55.57   17.81   0.0013717
   21.89   60.31   18.26   0.0013717
   21.85   64.99   18.68   0.0013717
   29.52   25.57   14.96   0.0013717
   28.99   30.74   15.28   0.0013717
   28.49   35.93   15.54   0.0013717
   27.76   41.07   16.19   0.0013717
   27.12   46.13   17.06   0.0013717
   26.81   50.93   17.56   0.0013717
   26.62   55.67   18.02   0.0013717
   26.51   60.36   18.43   0.0013717
   26.49   64.99   18.82   0.0013717
   34.42   25.49   15.04   0.0013717
   33.87   30.66   15.31   0.0013717
   33.31   35.84   15.55   0.0013717
   32.48   40.97   16.34   0.0013717
   31.79   46.10   17.15   0.0013717
   31.29   51.16   17.91   0.0013717
   31.10   55.91   18.37   0.0013717
   31.04   60.53   18.71   0.0013717
   31.05   65.11   19.05   0.0013717
   39.34   25.34   15.09   0.0013717
   38.78   30.51   15.33   0.0013717
   38.09   35.69   15.72   0.0013717
   37.20   40.84   16.58   0.0013717
   36.50   45.98   17.30   0.0013717
   35.91   51.14   18.01   0.0013717
   35.56   56.14   18.68   0.0013717
   35.49   60.80   19.05   0.0013717
   35.53   65.33   19.34   0.0013717
   44.32   25.13   15.09   0.0013717
   43.75   30.31   15.32   0.0013717
   42.79   35.52   16.09   0.0013717
   41.91   40.69   16.88   0.0013717
   41.22   45.85   17.53   0.0013717
   40.64   51.01   18.14   0.0013717
   40.13   56.18   18.81   0.0013717
   39.93   61.07   19.36   0.0013717
   39.98   65.60   19.64   0.0013717
   49.42   24.88   15.02   0.0013717
   48.66   30.10   15.46   0.0013717
   47.47   35.35   16.52   0.0013717
   46.64   40.53   17.23   0.0013717
   45.97   45.71   17.80   0.0013717
   45.40   50.87   18.31   0.0013717
   44.89   56.04   18.86   0.0013717
   44.43   61.25   19.56   0.0013717
   44.43   65.91   19.94   0.0013717
   54.65   24.61   14.86   0.0013717
   53.24   29.95   16.07   0.0013717
   52.17   35.19   16.98   0.0013717
   51.39   40.38   17.60   0.0013717
   50.77   45.56   18.08   0.0013717
   50.22   50.74   18.51   0.0013717
   49.72   55.91   18.96   0.0013717
   49.24   61.10   19.50   0.0013717
   48.91   66.20   20.17   0.0013717
   59.33   24.51   15.36   0.0013717
   57.80   29.84   16.74   0.0013717
   56.88   35.05   17.48   0.0013717
   56.19   40.23   17.97   0.0013717
   55.62   45.42   18.35   0.0013717
   55.11   50.60   18.70   0.0013717
   54.62   55.78   19.06   0.0013717
   54.13   60.97   19.50   0.0013717
   53.64   66.17   20.10   0.0013717
