TEXTURE AT STRAIN =    0.0500
   1.000   1.000   1.000  <-- length of phase ellipsoid axes
  180.00   90.00  180.00  <-- Euler angles (deg) of phase ellipsoid axes
B       729
   78.61   18.13   37.53   0.0013717
   78.91   20.42   37.73   0.0013717
   79.19   22.57   37.76   0.0013717
   79.41   24.67   37.62   0.0013717
   79.65   26.78   37.39   0.0013717
   80.12   28.96   36.67   0.0013717
   80.49   31.19   36.06   0.0013717
   80.77   33.47   35.57   0.0013717
   80.95   35.80   35.17   0.0013717
   81.02   18.29   37.70   0.0013717
   81.31   20.54   37.91   0.0013717
   81.53   22.64   37.76   0.0013717
   81.74   24.73   37.63   0.0013717
   81.93   26.82   37.49   0.0013717
   82.38   28.97   36.90   0.0013717
   82.83   31.18   36.22   0.0013717
   83.16   33.43   35.68   0.0013717
   83.38   35.74   35.24   0.0013717
   83.45   18.45   37.86   0.0013717
   83.71   20.61   37.84   0.0013717
   83.93   22.70   37.69   0.0013717
   84.12   24.79   37.56   0.0013717
   84.30   26.88   37.43   0.0013717
   84.57   28.98   37.16   0.0013717
   85.13   31.16   36.39   0.0013717
   85.53   33.39   35.79   0.0013717
   85.80   35.67   35.30   0.0013717
   85.90   18.57   37.89   0.0013717
   86.16   20.67   37.70   0.0013717
   86.37   22.76   37.55   0.0013717
   86.56   24.84   37.42   0.0013717
   86.73   26.93   37.29   0.0013717
   86.89   29.01   37.18   0.0013717
   87.38   31.15   36.58   0.0013717
   87.86   33.35   35.90   0.0013717
   88.20   35.61   35.36   0.0013717
   88.39   18.63   37.71   0.0013717
   88.65   20.72   37.51   0.0013717
   88.87   22.81   37.35   0.0013717
   89.06   24.89   37.21   0.0013717
   89.22   26.97   37.08   0.0013717
   89.37   29.05   36.97   0.0013717
   89.52   31.14   36.84   0.0013717
   90.15   33.31   36.04   0.0013717
   90.57   35.54   35.43   0.0013717
   90.91   18.67   37.48   0.0013717
   91.17   20.77   37.27   0.0013717
   91.40   22.86   37.10   0.0013717
   91.59   24.94   36.95   0.0013717
   91.76   27.01   36.81   0.0013717
   91.90   29.09   36.69   0.0013717
   92.03   31.17   36.58   0.0013717
   92.35   33.28   36.23   0.0013717
   92.89   35.48   35.52   0.0013717
   93.46   18.71   37.22   0.0013717
   93.73   20.81   36.99   0.0013717
   93.96   22.89   36.80   0.0013717
   94.16   24.97   36.64   0.0013717
   94.34   27.05   36.47   0.0013717
   94.51   29.13   36.32   0.0013717
   94.67   31.22   36.18   0.0013717
   94.81   33.31   36.03   0.0013717
   95.13   35.43   35.66   0.0013717
   96.05   18.74   36.92   0.0013717
   96.33   20.84   36.66   0.0013717
   96.57   22.93   36.45   0.0013717
   96.79   25.01   36.26   0.0013717
   96.97   27.09   36.08   0.0013717
   97.14   29.17   35.92   0.0013717
   97.30   31.25   35.77   0.0013717
   97.44   33.34   35.62   0.0013717
   97.58   35.44   35.47   0.0013717
   98.64   18.76   36.60   0.0013717
   98.93   20.86   36.34   0.0013717
   99.18   22.95   36.11   0.0013717
   99.39   25.03   35.90   0.0013717
   99.58   27.11   35.72   0.0013717
   99.75   29.20   35.55   0.0013717
   99.91   31.28   35.39   0.0013717
  100.05   33.37   35.24   0.0013717
  100.18   35.47   35.09   0.0013717
   78.78   18.32   39.93   0.0013717
   79.02   20.55   40.13   0.0013717
   79.19   22.65   40.03   0.0013717
   79.35   24.74   39.93   0.0013717
   79.50   26.83   39.83   0.0013717
   79.75   28.93   39.56   0.0013717
   80.22   31.12   38.88   0.0013717
   80.55   33.35   38.32   0.0013717
   80.78   35.65   37.87   0.0013717
   81.24   18.48   40.06   0.0013717
   81.43   20.62   40.04   0.0013717
   81.60   22.71   39.94   0.0013717
   81.75   24.80   39.85   0.0013717
   81.89   26.88   39.76   0.0013717
   82.03   28.96   39.67   0.0013717
   82.49   31.11   39.06   0.0013717
   82.90   33.32   38.44   0.0013717
   83.19   35.58   37.94   0.0013717
   83.71   18.58   40.02   0.0013717
   83.90   20.68   39.89   0.0013717
   84.06   22.77   39.79   0.0013717
   84.21   24.85   39.70   0.0013717
   84.34   26.93   39.61   0.0013717
   84.46   29.01   39.53   0.0013717
   84.69   31.10   39.29   0.0013717
   85.21   33.28   38.57   0.0013717
   85.56   35.52   38.02   0.0013717
   86.21   18.64   39.82   0.0013717
   86.40   20.73   39.69   0.0013717
   86.56   22.82   39.58   0.0013717
   86.71   24.90   39.48   0.0013717
   86.83   26.97   39.39   0.0013717
   86.95   29.05   39.31   0.0013717
   87.06   31.13   39.23   0.0013717
   87.46   33.25   38.74   0.0013717
   87.91   35.46   38.10   0.0013717
   88.74   18.68   39.59   0.0013717
   88.94   20.77   39.44   0.0013717
   89.10   22.86   39.32   0.0013717
   89.25   24.94   39.21   0.0013717
   89.37   27.01   39.12   0.0013717
   89.49   29.08   39.03   0.0013717
   89.59   31.16   38.95   0.0013717
   89.68   33.25   38.87   0.0013717
   90.20   35.40   38.22   0.0013717
   91.30   18.72   39.32   0.0013717
   91.50   20.81   39.15   0.0013717
   91.67   22.89   39.02   0.0013717
   91.82   24.97   38.90   0.0013717
   91.95   27.04   38.79   0.0013717
   92.06   29.12   38.70   0.0013717
   92.17   31.19   38.60   0.0013717
   92.27   33.28   38.51   0.0013717
   92.37   35.37   38.41   0.0013717
   93.88   18.74   39.02   0.0013717
   94.09   20.84   38.84   0.0013717
   94.27   22.92   38.68   0.0013717
   94.43   25.00   38.54   0.0013717
   94.57   27.07   38.41   0.0013717
   94.70   29.15   38.30   0.0013717
   94.81   31.22   38.19   0.0013717
   94.92   33.31   38.08   0.0013717
   95.02   35.40   37.97   0.0013717
   96.48   18.76   38.70   0.0013717
   96.70   20.85   38.50   0.0013717
   96.88   22.94   38.33   0.0013717
   97.04   25.02   38.18   0.0013717
   97.19   27.09   38.04   0.0013717
   97.31   29.17   37.91   0.0013717
   97.43   31.25   37.79   0.0013717
   97.54   33.33   37.68   0.0013717
   97.64   35.42   37.57   0.0013717
   99.08   18.76   38.39   0.0013717
   99.30   20.86   38.17   0.0013717
   99.49   22.95   37.99   0.0013717
   99.65   25.03   37.82   0.0013717
   99.80   27.10   37.67   0.0013717
   99.93   29.18   37.54   0.0013717
  100.05   31.26   37.41   0.0013717
  100.15   33.35   37.29   0.0013717
  100.25   35.44   37.18   0.0013717
   79.03   18.51   42.26   0.0013717
   79.16   20.63   42.25   0.0013717
   79.27   22.72   42.20   0.0013717
   79.37   24.81   42.16   0.0013717
   79.47   26.89   42.10   0.0013717
   79.57   28.97   42.04   0.0013717
   79.80   31.07   41.78   0.0013717
   80.25   33.26   41.13   0.0013717
   80.55   35.51   40.62   0.0013717
   81.51   18.59   42.15   0.0013717
   81.63   20.69   42.09   0.0013717
   81.74   22.78   42.04   0.0013717
   81.84   24.86   41.99   0.0013717
   81.93   26.94   41.94   0.0013717
   82.02   29.01   41.89   0.0013717
   82.11   31.09   41.82   0.0013717
   82.52   33.23   41.29   0.0013717
   82.90   35.45   40.71   0.0013717
   84.03   18.65   41.94   0.0013717
   84.15   20.74   41.87   0.0013717
   84.25   22.82   41.81   0.0013717
   84.35   24.90   41.76   0.0013717
   84.43   26.98   41.71   0.0013717
   84.51   29.05   41.67   0.0013717
   84.59   31.13   41.61   0.0013717
   84.71   33.21   41.50   0.0013717
   85.22   35.39   40.81   0.0013717
   86.57   18.69   41.70   0.0013717
   86.70   20.78   41.61   0.0013717
   86.80   22.86   41.55   0.0013717
   86.90   24.94   41.49   0.0013717
   86.98   27.01   41.43   0.0013717
   87.06   29.08   41.38   0.0013717
   87.13   31.16   41.33   0.0013717
   87.19   33.24   41.28   0.0013717
   87.46   35.35   40.96   0.0013717
   89.14   18.72   41.42   0.0013717
   89.27   20.81   41.32   0.0013717
   89.38   22.89   41.24   0.0013717
   89.48   24.97   41.17   0.0013717
   89.56   27.04   41.10   0.0013717
   89.64   29.11   41.05   0.0013717
   89.71   31.18   40.99   0.0013717
   89.77   33.26   40.93   0.0013717
   89.83   35.35   40.88   0.0013717
   91.72   18.74   41.12   0.0013717
   91.86   20.84   41.00   0.0013717
   91.98   22.92   40.91   0.0013717
   92.08   24.99   40.82   0.0013717
   92.17   27.06   40.74   0.0013717
   92.25   29.13   40.67   0.0013717
   92.33   31.20   40.60   0.0013717
   92.39   33.28   40.53   0.0013717
   92.46   35.37   40.47   0.0013717
   94.32   18.76   40.80   0.0013717
   94.47   20.85   40.67   0.0013717
   94.59   22.93   40.55   0.0013717
   94.70   25.00   40.45   0.0013717
   94.79   27.08   40.36   0.0013717
   94.88   29.15   40.28   0.0013717
   94.95   31.22   40.20   0.0013717
   95.02   33.30   40.12   0.0013717
   95.09   35.39   40.05   0.0013717
   96.92   18.76   40.48   0.0013717
   97.07   20.85   40.33   0.0013717
   97.20   22.93   40.20   0.0013717
   97.31   25.01   40.09   0.0013717
   97.41   27.08   39.98   0.0013717
   97.50   29.16   39.89   0.0013717
   97.58   31.23   39.80   0.0013717
   97.65   33.31   39.72   0.0013717
   97.72   35.40   39.64   0.0013717
   99.53   18.75   40.17   0.0013717
   99.68   20.84   40.00   0.0013717
   99.81   22.93   39.86   0.0013717
   99.93   25.01   39.73   0.0013717
  100.03   27.08   39.61   0.0013717
  100.12   29.16   39.51   0.0013717
  100.20   31.24   39.41   0.0013717
  100.27   33.32   39.32   0.0013717
  100.34   35.41   39.24   0.0013717
   79.32   18.61   44.28   0.0013717
   79.37   20.71   44.28   0.0013717
   79.42   22.79   44.29   0.0013717
   79.46   24.87   44.29   0.0013717
   79.51   26.95   44.28   0.0013717
   79.56   29.03   44.26   0.0013717
   79.62   31.11   44.23   0.0013717
   79.78   33.20   44.05   0.0013717
   80.21   35.39   43.43   0.0013717
   81.84   18.66   44.06   0.0013717
   81.89   20.75   44.06   0.0013717
   81.94   22.84   44.05   0.0013717
   81.98   24.91   44.05   0.0013717
   82.02   26.99   44.05   0.0013717
   82.07   29.06   44.03   0.0013717
   82.11   31.14   44.01   0.0013717
   82.16   33.22   43.98   0.0013717
   82.49   35.34   43.56   0.0013717
   84.40   18.70   43.81   0.0013717
   84.45   20.79   43.79   0.0013717
   84.50   22.87   43.78   0.0013717
   84.54   24.95   43.77   0.0013717
   84.58   27.02   43.76   0.0013717
   84.62   29.09   43.74   0.0013717
   84.65   31.16   43.73   0.0013717
   84.69   33.24   43.70   0.0013717
   84.73   35.33   43.67   0.0013717
   86.97   18.73   43.52   0.0013717
   87.03   20.82   43.49   0.0013717
   87.08   22.90   43.47   0.0013717
   87.13   24.97   43.44   0.0013717
   87.17   27.04   43.42   0.0013717
   87.20   29.11   43.40   0.0013717
   87.23   31.18   43.38   0.0013717
   87.27   33.26   43.36   0.0013717
   87.30   35.35   43.34   0.0013717
   89.56   18.75   43.22   0.0013717
   89.63   20.84   43.17   0.0013717
   89.68   22.92   43.13   0.0013717
   89.73   24.99   43.09   0.0013717
   89.77   27.06   43.06   0.0013717
   89.81   29.13   43.03   0.0013717
   89.85   31.20   43.00   0.0013717
   89.88   33.27   42.97   0.0013717
   89.91   35.36   42.95   0.0013717
   92.16   18.76   42.90   0.0013717
   92.23   20.85   42.83   0.0013717
   92.30   22.93   42.78   0.0013717
   92.35   25.00   42.73   0.0013717
   92.40   27.07   42.68   0.0013717
   92.44   29.13   42.64   0.0013717
   92.48   31.21   42.60   0.0013717
   92.51   33.28   42.56   0.0013717
   92.54   35.37   42.53   0.0013717
   94.76   18.75   42.58   0.0013717
   94.84   20.85   42.50   0.0013717
   94.91   22.93   42.42   0.0013717
   94.97   25.00   42.36   0.0013717
   95.02   27.07   42.30   0.0013717
   95.07   29.14   42.25   0.0013717
   95.11   31.21   42.20   0.0013717
   95.14   33.29   42.15   0.0013717
   95.18   35.38   42.11   0.0013717
   97.36   18.74   42.27   0.0013717
   97.45   20.83   42.17   0.0013717
   97.52   22.92   42.08   0.0013717
   97.58   24.99   42.00   0.0013717
   97.63   27.06   41.93   0.0013717
   97.68   29.13   41.87   0.0013717
   97.72   31.21   41.81   0.0013717
   97.76   33.29   41.76   0.0013717
   97.79   35.38   41.71   0.0013717
   99.95   18.72   41.97   0.0013717
  100.04   20.81   41.86   0.0013717
  100.11   22.90   41.76   0.0013717
  100.18   24.98   41.67   0.0013717
  100.23   27.05   41.59   0.0013717
  100.28   29.12   41.52   0.0013717
  100.32   31.20   41.46   0.0013717
  100.35   33.28   41.41   0.0013717
  100.37   35.37   41.38   0.0013717
   79.66   18.67   46.18   0.0013717
   79.64   20.77   46.24   0.0013717
   79.63   22.85   46.30   0.0013717
   79.62   24.93   46.34   0.0013717
   79.61   27.00   46.38   0.0013717
   79.61   29.08   46.41   0.0013717
   79.62   31.15   46.42   0.0013717
   79.64   33.24   46.42   0.0013717
   79.70   35.33   46.37   0.0013717
   82.22   18.71   45.92   0.0013717
   82.21   20.80   45.97   0.0013717
   82.19   22.88   46.01   0.0013717
   82.18   24.96   46.05   0.0013717
   82.17   27.03   46.08   0.0013717
   82.17   29.10   46.11   0.0013717
   82.17   31.18   46.13   0.0013717
   82.17   33.25   46.14   0.0013717
   82.19   35.34   46.14   0.0013717
   84.80   18.74   45.63   0.0013717
   84.79   20.83   45.66   0.0013717
   84.78   22.91   45.69   0.0013717
   84.77   24.98   45.72   0.0013717
   84.77   27.05   45.75   0.0013717
   84.76   29.12   45.77   0.0013717
   84.76   31.19   45.79   0.0013717
   84.75   33.27   45.80   0.0013717
   84.76   35.35   45.81   0.0013717
   87.40   18.75   45.32   0.0013717
   87.39   20.84   45.34   0.0013717
   87.39   22.92   45.35   0.0013717
   87.38   24.99   45.37   0.0013717
   87.38   27.06   45.38   0.0013717
   87.37   29.13   45.39   0.0013717
   87.37   31.20   45.40   0.0013717
   87.37   33.27   45.41   0.0013717
   87.37   35.36   45.42   0.0013717
   90.00   18.76   45.00   0.0013717
   90.00   20.85   45.00   0.0013717
   90.00   22.92   45.00   0.0013717
   90.00   26.98   45.00   0.0013717
   90.00   27.06   45.00   0.0013717
   90.00   29.13   45.00   0.0013717
   90.00   31.20   45.00   0.0013717
   90.00   33.28   45.00   0.0013717
   90.00   35.36   45.00   0.0013717
   92.60   18.75   44.68   0.0013717
   92.61   20.84   44.66   0.0013717
   92.61   22.92   44.65   0.0013717
   92.62   24.99   44.63   0.0013717
   92.62   27.06   44.62   0.0013717
   92.63   29.13   44.61   0.0013717
   92.63   31.20   44.60   0.0013717
   92.63   33.27   44.59   0.0013717
   92.63   35.36   44.58   0.0013717
   95.20   18.74   44.37   0.0013717
   95.21   20.83   44.34   0.0013717
   95.22   22.91   44.31   0.0013717
   95.23   24.98   44.28   0.0013717
   95.23   27.05   44.25   0.0013717
   95.24   29.12   44.23   0.0013717
   95.24   31.19   44.21   0.0013717
   95.25   33.27   44.20   0.0013717
   95.24   35.35   44.19   0.0013717
   97.78   18.71   44.08   0.0013717
   97.79   20.80   44.03   0.0013717
   97.81   22.88   43.99   0.0013717
   97.82   24.96   43.95   0.0013717
   97.83   27.03   43.92   0.0013717
   97.83   29.10   43.89   0.0013717
   97.83   31.18   43.87   0.0013717
   97.83   33.25   43.86   0.0013717
   97.81   35.34   43.86   0.0013717
  100.34   18.67   43.82   0.0013717
  100.36   20.77   43.76   0.0013717
  100.37   22.85   43.70   0.0013717
  100.38   24.93   43.66   0.0013717
  100.39   27.00   43.62   0.0013717
  100.39   29.08   43.59   0.0013717
  100.38   31.15   43.58   0.0013717
  100.36   33.24   43.58   0.0013717
  100.30   35.33   43.63   0.0013717
   80.05   18.72   48.03   0.0013717
   79.96   20.81   48.14   0.0013717
   79.89   22.90   48.24   0.0013717
   79.82   24.98   48.33   0.0013717
   79.77   27.05   48.41   0.0013717
   79.72   29.12   48.48   0.0013717
   79.68   31.20   48.54   0.0013717
   79.65   33.28   48.59   0.0013717
   79.63   35.37   48.62   0.0013717
   82.64   18.74   47.73   0.0013717
   82.55   20.83   47.83   0.0013717
   82.48   22.92   47.92   0.0013717
   82.42   24.99   48.00   0.0013717
   82.37   27.06   48.07   0.0013717
   82.32   29.13   48.13   0.0013717
   82.28   31.21   48.19   0.0013717
   82.24   33.29   48.24   0.0013717
   82.21   35.38   48.29   0.0013717
   85.24   18.75   47.42   0.0013717
   85.16   20.85   47.50   0.0013717
   85.09   22.93   47.58   0.0013717
   85.03   25.00   47.64   0.0013717
   84.98   27.07   47.70   0.0013717
   84.93   29.14   47.75   0.0013717
   84.89   31.21   47.80   0.0013717
   84.86   33.29   47.85   0.0013717
   84.82   35.38   47.89   0.0013717
   87.84   18.76   47.10   0.0013717
   87.77   20.85   47.17   0.0013717
   87.70   22.93   47.22   0.0013717
   87.65   25.00   47.27   0.0013717
   87.60   27.07   47.32   0.0013717
   87.56   29.13   47.36   0.0013717
   87.52   31.21   47.40   0.0013717
   87.49   33.28   47.44   0.0013717
   87.46   35.37   47.47   0.0013717
   90.44   18.75   46.78   0.0013717
   90.37   20.84   46.83   0.0013717
   90.32   22.92   46.87   0.0013717
   90.27   24.99   46.91   0.0013717
   90.23   27.06   46.94   0.0013717
   90.19   29.13   46.97   0.0013717
   90.15   31.20   47.00   0.0013717
   90.12   33.27   47.03   0.0013717
   90.09   35.36   47.05   0.0013717
   93.03   18.73   46.48   0.0013717
   92.97   20.82   46.51   0.0013717
   92.92   22.90   46.53   0.0013717
   92.87   24.97   46.56   0.0013717
   92.83   27.04   46.58   0.0013717
   92.80   29.11   46.60   0.0013717
   92.77   31.18   46.62   0.0013717
   92.73   33.26   46.64   0.0013717
   92.70   35.35   46.66   0.0013717
   95.60   18.70   46.19   0.0013717
   95.55   20.79   46.21   0.0013717
   95.50   22.87   46.22   0.0013717
   95.46   24.95   46.23   0.0013717
   95.42   27.02   46.24   0.0013717
   95.38   29.09   46.26   0.0013717
   95.35   31.16   46.27   0.0013717
   95.31   33.24   46.30   0.0013717
   95.27   35.33   46.33   0.0013717
   98.16   18.66   45.94   0.0013717
   98.11   20.75   45.94   0.0013717
   98.06   22.84   45.95   0.0013717
   98.02   24.91   45.95   0.0013717
   97.98   26.99   45.95   0.0013717
   97.93   29.06   45.97   0.0013717
   97.89   31.14   45.99   0.0013717
   97.84   33.22   46.02   0.0013717
   97.51   35.34   46.44   0.0013717
  100.68   18.61   45.72   0.0013717
  100.63   20.71   45.72   0.0013717
  100.58   22.79   45.71   0.0013717
  100.54   24.87   45.71   0.0013717
  100.49   26.95   45.72   0.0013717
  100.44   29.03   45.74   0.0013717
  100.38   31.11   45.77   0.0013717
  100.22   33.20   45.95   0.0013717
   99.79   35.39   46.57   0.0013717
   80.47   18.75   49.83   0.0013717
   80.32   20.84   50.00   0.0013717
   80.19   22.93   50.14   0.0013717
   80.07   25.01   50.27   0.0013717
   79.97   27.08   50.39   0.0013717
   79.88   29.16   50.49   0.0013717
   79.80   31.24   50.59   0.0013717
   79.73   33.32   50.68   0.0013717
   79.66   35.41   50.76   0.0013717
   83.08   18.76   49.52   0.0013717
   82.93   20.85   49.67   0.0013717
   82.80   22.93   49.80   0.0013717
   82.69   25.01   49.91   0.0013717
   82.59   27.08   50.02   0.0013717
   82.50   29.16   50.11   0.0013717
   82.42   31.23   50.20   0.0013717
   82.35   33.31   50.28   0.0013717
   82.28   35.40   50.36   0.0013717
   85.68   18.76   49.20   0.0013717
   85.53   20.85   49.33   0.0013717
   85.41   22.93   49.45   0.0013717
   85.30   25.00   49.55   0.0013717
   85.21   27.08   49.64   0.0013717
   85.12   29.15   49.72   0.0013717
   85.05   31.22   49.80   0.0013717
   84.98   33.30   49.88   0.0013717
   84.91   35.39   49.95   0.0013717
   88.28   18.74   48.88   0.0013717
   88.14   20.84   49.00   0.0013717
   88.02   22.92   49.09   0.0013717
   87.92   24.99   49.18   0.0013717
   87.83   27.06   49.26   0.0013717
   87.75   29.13   49.33   0.0013717
   87.67   31.20   49.40   0.0013717
   87.61   33.28   49.47   0.0013717
   87.54   35.37   49.53   0.0013717
   90.86   18.72   48.58   0.0013717
   90.73   20.81   48.68   0.0013717
   90.62   22.89   48.76   0.0013717
   90.52   24.97   48.83   0.0013717
   90.44   27.04   48.90   0.0013717
   90.36   29.11   48.95   0.0013717
   90.29   31.18   49.01   0.0013717
   90.23   33.26   49.07   0.0013717
   90.17   35.35   49.12   0.0013717
   93.43   18.69   48.30   0.0013717
   93.30   20.78   48.39   0.0013717
   93.20   22.86   48.45   0.0013717
   93.10   24.94   48.51   0.0013717
   93.02   27.01   48.57   0.0013717
   92.94   29.08   48.62   0.0013717
   92.87   31.16   48.67   0.0013717
   92.81   33.24   48.72   0.0013717
   92.54   35.35   49.04   0.0013717
   95.97   18.65   48.06   0.0013717
   95.85   20.74   48.13   0.0013717
   95.75   22.82   48.19   0.0013717
   95.65   24.90   48.24   0.0013717
   95.57   26.98   48.29   0.0013717
   95.49   29.05   48.33   0.0013717
   95.41   31.13   48.39   0.0013717
   95.29   33.21   48.50   0.0013717
   94.78   35.39   49.19   0.0013717
   98.49   18.59   47.85   0.0013717
   98.37   20.69   47.91   0.0013717
   98.26   22.78   47.96   0.0013717
   98.16   24.86   48.01   0.0013717
   98.07   26.94   48.06   0.0013717
   97.98   29.01   48.11   0.0013717
   97.89   31.09   48.18   0.0013717
   97.48   33.23   48.71   0.0013717
   97.10   35.45   49.29   0.0013717
  100.97   18.51   47.74   0.0013717
  100.84   20.63   47.75   0.0013717
  100.73   22.72   47.80   0.0013717
  100.63   24.81   47.84   0.0013717
  100.53   26.89   47.90   0.0013717
  100.43   28.97   47.96   0.0013717
  100.20   31.07   48.22   0.0013717
   99.75   33.26   48.87   0.0013717
   99.45   35.51   49.38   0.0013717
   80.92   18.76   51.61   0.0013717
   80.70   20.86   51.83   0.0013717
   80.51   22.95   52.01   0.0013717
   80.35   25.03   52.18   0.0013717
   80.20   27.10   52.33   0.0013717
   80.07   29.18   52.46   0.0013717
   79.95   31.26   52.59   0.0013717
   79.85   33.35   52.71   0.0013717
   79.75   35.44   52.82   0.0013717
   83.52   18.76   51.30   0.0013717
   83.30   20.85   51.50   0.0013717
   83.12   22.94   51.67   0.0013717
   82.96   25.02   51.82   0.0013717
   82.81   27.09   51.96   0.0013717
   82.69   29.17   52.09   0.0013717
   82.57   31.25   52.21   0.0013717
   82.46   33.33   52.32   0.0013717
   82.36   35.42   52.43   0.0013717
   86.12   18.74   50.98   0.0013717
   85.91   20.84   51.16   0.0013717
   85.73   22.92   51.32   0.0013717
   85.57   25.00   51.46   0.0013717
   85.43   27.07   51.59   0.0013717
   85.30   29.15   51.70   0.0013717
   85.19   31.22   51.81   0.0013717
   85.08   33.31   51.92   0.0013717
   84.98   35.40   52.03   0.0013717
   88.70   18.72   50.68   0.0013717
   88.50   20.81   50.85   0.0013717
   88.33   22.89   50.98   0.0013717
   88.18   24.97   51.10   0.0013717
   88.05   27.04   51.21   0.0013717
   87.94   29.12   51.30   0.0013717
   87.83   31.19   51.40   0.0013717
   87.73   33.28   51.49   0.0013717
   87.63   35.37   51.59   0.0013717
   91.26   18.68   50.41   0.0013717
   91.06   20.77   50.56   0.0013717
   90.90   22.86   50.68   0.0013717
   90.75   24.94   50.79   0.0013717
   90.63   27.01   50.88   0.0013717
   90.51   29.08   50.97   0.0013717
   90.41   31.16   51.05   0.0013717
   90.32   33.25   51.13   0.0013717
   89.80   35.40   51.78   0.0013717
   93.79   18.64   50.18   0.0013717
   93.60   20.73   50.31   0.0013717
   93.44   22.82   50.42   0.0013717
   93.29   24.90   50.52   0.0013717
   93.17   26.97   50.61   0.0013717
   93.05   29.05   50.69   0.0013717
   92.94   31.13   50.77   0.0013717
   92.54   33.25   51.26   0.0013717
   92.09   35.46   51.90   0.0013717
   96.29   18.58   49.98   0.0013717
   96.10   20.68   50.11   0.0013717
   95.94   22.77   50.21   0.0013717
   95.79   24.85   50.30   0.0013717
   95.66   26.93   50.39   0.0013717
   95.54   29.01   50.47   0.0013717
   95.31   31.10   50.71   0.0013717
   94.79   33.28   51.43   0.0013717
   94.44   35.52   51.98   0.0013717
   98.76   18.48   49.94   0.0013717
   98.57   20.62   49.96   0.0013717
   98.40   22.71   50.06   0.0013717
   98.25   24.80   50.15   0.0013717
   98.11   26.88   50.24   0.0013717
   97.97   28.96   50.33   0.0013717
   97.51   31.11   50.94   0.0013717
   97.10   33.32   51.56   0.0013717
   96.81   35.58   52.06   0.0013717
  101.22   18.32   50.07   0.0013717
  100.98   20.55   49.87   0.0013717
  100.81   22.65   49.97   0.0013717
  100.65   24.74   50.07   0.0013717
  100.50   26.83   50.17   0.0013717
  100.25   28.93   50.44   0.0013717
   99.78   31.12   51.12   0.0013717
   99.45   33.35   51.68   0.0013717
   99.22   35.65   52.13   0.0013717
   81.36   18.76   53.40   0.0013717
   81.07   20.86   53.66   0.0013717
   80.82   22.95   53.89   0.0013717
   80.61   25.03   54.10   0.0013717
   80.42   27.11   54.28   0.0013717
   80.25   29.20   54.45   0.0013717
   80.09   31.28   54.61   0.0013717
   79.95   33.37   54.76   0.0013717
   79.82   35.47   54.91   0.0013717
   83.95   18.74   53.08   0.0013717
   83.67   20.84   53.34   0.0013717
   83.43   22.93   53.55   0.0013717
   83.21   25.01   53.74   0.0013717
   83.03   27.09   53.92   0.0013717
   82.86   29.17   54.08   0.0013717
   82.70   31.25   54.23   0.0013717
   82.56   33.34   54.38   0.0013717
   82.42   35.44   54.53   0.0013717
   86.54   18.71   52.78   0.0013717
   86.27   20.81   53.01   0.0013717
   86.04   22.89   53.20   0.0013717
   85.84   24.97   53.36   0.0013717
   85.66   27.05   53.53   0.0013717
   85.49   29.13   53.68   0.0013717
   85.33   31.22   53.82   0.0013717
   85.19   33.31   53.97   0.0013717
   84.87   35.43   54.34   0.0013717
   89.09   18.67   52.52   0.0013717
   88.83   20.77   52.73   0.0013717
   88.60   22.86   52.90   0.0013717
   88.41   24.94   53.05   0.0013717
   88.24   27.01   53.19   0.0013717
   88.10   29.09   53.31   0.0013717
   87.97   31.17   53.42   0.0013717
   87.65   33.28   53.77   0.0013717
   87.11   35.48   54.48   0.0013717
   91.61   18.63   52.29   0.0013717
   91.35   20.72   52.49   0.0013717
   91.13   22.81   52.65   0.0013717
   90.94   24.89   52.79   0.0013717
   90.78   26.97   52.92   0.0013717
   90.63   29.05   53.03   0.0013717
   90.48   31.14   53.16   0.0013717
   89.85   33.31   53.96   0.0013717
   89.43   35.54   54.57   0.0013717
   94.10   18.57   52.11   0.0013717
   93.84   20.67   52.30   0.0013717
   93.63   22.76   52.45   0.0013717
   93.44   24.84   52.58   0.0013717
   93.27   26.93   52.71   0.0013717
   93.11   29.01   52.82   0.0013717
   92.62   31.15   53.42   0.0013717
   92.14   33.35   54.10   0.0013717
   91.80   35.61   54.64   0.0013717
   96.55   18.45   52.14   0.0013717
   96.29   20.61   52.16   0.0013717
   96.07   22.70   52.31   0.0013717
   95.88   24.79   52.44   0.0013717
   95.70   26.88   52.57   0.0013717
   95.43   28.98   52.84   0.0013717
   94.87   31.16   53.61   0.0013717
   94.47   33.39   54.21   0.0013717
   94.20   35.67   54.70   0.0013717
   98.98   18.29   52.30   0.0013717
   98.69   20.54   52.09   0.0013717
   98.47   22.64   52.24   0.0013717
   98.26   24.73   52.37   0.0013717
   98.07   26.82   52.51   0.0013717
   97.62   28.97   53.10   0.0013717
   97.17   31.18   53.78   0.0013717
   96.84   33.43   54.32   0.0013717
   96.62   35.74   54.76   0.0013717
  101.39   18.13   52.47   0.0013717
  101.09   20.42   52.27   0.0013717
  100.81   22.57   52.24   0.0013717
  100.59   24.67   52.38   0.0013717
  100.35   26.78   52.61   0.0013717
   99.88   28.96   53.33   0.0013717
   99.51   31.19   53.94   0.0013717
   99.23   33.47   54.43   0.0013717
   99.05   35.80   54.83   0.0013717
TEXTURE AT STRAIN =    0.0500
   1.000   1.000   1.000  <-- length of phase ellipsoid axes
  180.00   90.00  180.00  <-- Euler angles (deg) of phase ellipsoid axes
B       729
   78.61   18.13   37.53   0.0013717
   78.91   20.42   37.73   0.0013717
   79.19   22.57   37.76   0.0013717
   79.41   24.67   37.62   0.0013717
   79.65   26.78   37.39   0.0013717
   80.12   28.96   36.67   0.0013717
   80.49   31.19   36.06   0.0013717
   80.77   33.47   35.57   0.0013717
   80.95   35.80   35.17   0.0013717
   81.02   18.29   37.70   0.0013717
   81.31   20.54   37.91   0.0013717
   81.53   22.64   37.76   0.0013717
   81.74   24.73   37.63   0.0013717
   81.93   26.82   37.49   0.0013717
   82.38   28.97   36.90   0.0013717
   82.83   31.18   36.22   0.0013717
   83.16   33.43   35.68   0.0013717
   83.38   35.74   35.24   0.0013717
   83.45   18.45   37.86   0.0013717
   83.71   20.61   37.84   0.0013717
   83.93   22.70   37.69   0.0013717
   84.12   24.79   37.56   0.0013717
   84.30   26.88   37.43   0.0013717
   84.57   28.98   37.16   0.0013717
   85.13   31.16   36.39   0.0013717
   85.53   33.39   35.79   0.0013717
   85.80   35.67   35.30   0.0013717
   85.90   18.57   37.89   0.0013717
   86.16   20.67   37.70   0.0013717
   86.37   22.76   37.55   0.0013717
   86.56   24.84   37.42   0.0013717
   86.73   26.93   37.29   0.0013717
   86.89   29.01   37.18   0.0013717
   87.38   31.15   36.58   0.0013717
   87.86   33.35   35.90   0.0013717
   88.20   35.61   35.36   0.0013717
   88.39   18.63   37.71   0.0013717
   88.65   20.72   37.51   0.0013717
   88.87   22.81   37.35   0.0013717
   89.06   24.89   37.21   0.0013717
   89.22   26.97   37.08   0.0013717
   89.37   29.05   36.97   0.0013717
   89.52   31.14   36.84   0.0013717
   90.15   33.31   36.04   0.0013717
   90.57   35.54   35.43   0.0013717
   90.91   18.67   37.48   0.0013717
   91.17   20.77   37.27   0.0013717
   91.40   22.86   37.10   0.0013717
   91.59   24.94   36.95   0.0013717
   91.76   27.01   36.81   0.0013717
   91.90   29.09   36.69   0.0013717
   92.03   31.17   36.58   0.0013717
   92.35   33.28   36.23   0.0013717
   92.89   35.48   35.52   0.0013717
   93.46   18.71   37.22   0.0013717
   93.73   20.81   36.99   0.0013717
   93.96   22.89   36.80   0.0013717
   94.16   24.97   36.64   0.0013717
   94.34   27.05   36.47   0.0013717
   94.51   29.13   36.32   0.0013717
   94.67   31.22   36.18   0.0013717
   94.81   33.31   36.03   0.0013717
   95.13   35.43   35.66   0.0013717
   96.05   18.74   36.92   0.0013717
   96.33   20.84   36.66   0.0013717
   96.57   22.93   36.45   0.0013717
   96.79   25.01   36.26   0.0013717
   96.97   27.09   36.08   0.0013717
   97.14   29.17   35.92   0.0013717
   97.30   31.25   35.77   0.0013717
   97.44   33.34   35.62   0.0013717
   97.58   35.44   35.47   0.0013717
   98.64   18.76   36.60   0.0013717
   98.93   20.86   36.34   0.0013717
   99.18   22.95   36.11   0.0013717
   99.39   25.03   35.90   0.0013717
   99.58   27.11   35.72   0.0013717
   99.75   29.20   35.55   0.0013717
   99.91   31.28   35.39   0.0013717
  100.05   33.37   35.24   0.0013717
  100.18   35.47   35.09   0.0013717
   78.78   18.32   39.93   0.0013717
   79.02   20.55   40.13   0.0013717
   79.19   22.65   40.03   0.0013717
   79.35   24.74   39.93   0.0013717
   79.50   26.83   39.83   0.0013717
   79.75   28.93   39.56   0.0013717
   80.22   31.12   38.88   0.0013717
   80.55   33.35   38.32   0.0013717
   80.78   35.65   37.87   0.0013717
   81.24   18.48   40.06   0.0013717
   81.43   20.62   40.04   0.0013717
   81.60   22.71   39.94   0.0013717
   81.75   24.80   39.85   0.0013717
   81.89   26.88   39.76   0.0013717
   82.03   28.96   39.67   0.0013717
   82.49   31.11   39.06   0.0013717
   82.90   33.32   38.44   0.0013717
   83.19   35.58   37.94   0.0013717
   83.71   18.58   40.02   0.0013717
   83.90   20.68   39.89   0.0013717
   84.06   22.77   39.79   0.0013717
   84.21   24.85   39.70   0.0013717
   84.34   26.93   39.61   0.0013717
   84.46   29.01   39.53   0.0013717
   84.69   31.10   39.29   0.0013717
   85.21   33.28   38.57   0.0013717
   85.56   35.52   38.02   0.0013717
   86.21   18.64   39.82   0.0013717
   86.40   20.73   39.69   0.0013717
   86.56   22.82   39.58   0.0013717
   86.71   24.90   39.48   0.0013717
   86.83   26.97   39.39   0.0013717
   86.95   29.05   39.31   0.0013717
   87.06   31.13   39.23   0.0013717
   87.46   33.25   38.74   0.0013717
   87.91   35.46   38.10   0.0013717
   88.74   18.68   39.59   0.0013717
   88.94   20.77   39.44   0.0013717
   89.10   22.86   39.32   0.0013717
   89.25   24.94   39.21   0.0013717
   89.37   27.01   39.12   0.0013717
   89.49   29.08   39.03   0.0013717
   89.59   31.16   38.95   0.0013717
   89.68   33.25   38.87   0.0013717
   90.20   35.40   38.22   0.0013717
   91.30   18.72   39.32   0.0013717
   91.50   20.81   39.15   0.0013717
   91.67   22.89   39.02   0.0013717
   91.82   24.97   38.90   0.0013717
   91.95   27.04   38.79   0.0013717
   92.06   29.12   38.70   0.0013717
   92.17   31.19   38.60   0.0013717
   92.27   33.28   38.51   0.0013717
   92.37   35.37   38.41   0.0013717
   93.88   18.74   39.02   0.0013717
   94.09   20.84   38.84   0.0013717
   94.27   22.92   38.68   0.0013717
   94.43   25.00   38.54   0.0013717
   94.57   27.07   38.41   0.0013717
   94.70   29.15   38.30   0.0013717
   94.81   31.22   38.19   0.0013717
   94.92   33.31   38.08   0.0013717
   95.02   35.40   37.97   0.0013717
   96.48   18.76   38.70   0.0013717
   96.70   20.85   38.50   0.0013717
   96.88   22.94   38.33   0.0013717
   97.04   25.02   38.18   0.0013717
   97.19   27.09   38.04   0.0013717
   97.31   29.17   37.91   0.0013717
   97.43   31.25   37.79   0.0013717
   97.54   33.33   37.68   0.0013717
   97.64   35.42   37.57   0.0013717
   99.08   18.76   38.39   0.0013717
   99.30   20.86   38.17   0.0013717
   99.49   22.95   37.99   0.0013717
   99.65   25.03   37.82   0.0013717
   99.80   27.10   37.67   0.0013717
   99.93   29.18   37.54   0.0013717
  100.05   31.26   37.41   0.0013717
  100.15   33.35   37.29   0.0013717
  100.25   35.44   37.18   0.0013717
   79.03   18.51   42.26   0.0013717
   79.16   20.63   42.25   0.0013717
   79.27   22.72   42.20   0.0013717
   79.37   24.81   42.16   0.0013717
   79.47   26.89   42.10   0.0013717
   79.57   28.97   42.04   0.0013717
   79.80   31.07   41.78   0.0013717
   80.25   33.26   41.13   0.0013717
   80.55   35.51   40.62   0.0013717
   81.51   18.59   42.15   0.0013717
   81.63   20.69   42.09   0.0013717
   81.74   22.78   42.04   0.0013717
   81.84   24.86   41.99   0.0013717
   81.93   26.94   41.94   0.0013717
   82.02   29.01   41.89   0.0013717
   82.11   31.09   41.82   0.0013717
   82.52   33.23   41.29   0.0013717
   82.90   35.45   40.71   0.0013717
   84.03   18.65   41.94   0.0013717
   84.15   20.74   41.87   0.0013717
   84.25   22.82   41.81   0.0013717
   84.35   24.90   41.76   0.0013717
   84.43   26.98   41.71   0.0013717
   84.51   29.05   41.67   0.0013717
   84.59   31.13   41.61   0.0013717
   84.71   33.21   41.50   0.0013717
   85.22   35.39   40.81   0.0013717
   86.57   18.69   41.70   0.0013717
   86.70   20.78   41.61   0.0013717
   86.80   22.86   41.55   0.0013717
   86.90   24.94   41.49   0.0013717
   86.98   27.01   41.43   0.0013717
   87.06   29.08   41.38   0.0013717
   87.13   31.16   41.33   0.0013717
   87.19   33.24   41.28   0.0013717
   87.46   35.35   40.96   0.0013717
   89.14   18.72   41.42   0.0013717
   89.27   20.81   41.32   0.0013717
   89.38   22.89   41.24   0.0013717
   89.48   24.97   41.17   0.0013717
   89.56   27.04   41.10   0.0013717
   89.64   29.11   41.05   0.0013717
   89.71   31.18   40.99   0.0013717
   89.77   33.26   40.93   0.0013717
   89.83   35.35   40.88   0.0013717
   91.72   18.74   41.12   0.0013717
   91.86   20.84   41.00   0.0013717
   91.98   22.92   40.91   0.0013717
   92.08   24.99   40.82   0.0013717
   92.17   27.06   40.74   0.0013717
   92.25   29.13   40.67   0.0013717
   92.33   31.20   40.60   0.0013717
   92.39   33.28   40.53   0.0013717
   92.46   35.37   40.47   0.0013717
   94.32   18.76   40.80   0.0013717
   94.47   20.85   40.67   0.0013717
   94.59   22.93   40.55   0.0013717
   94.70   25.00   40.45   0.0013717
   94.79   27.08   40.36   0.0013717
   94.88   29.15   40.28   0.0013717
   94.95   31.22   40.20   0.0013717
   95.02   33.30   40.12   0.0013717
   95.09   35.39   40.05   0.0013717
   96.92   18.76   40.48   0.0013717
   97.07   20.85   40.33   0.0013717
   97.20   22.93   40.20   0.0013717
   97.31   25.01   40.09   0.0013717
   97.41   27.08   39.98   0.0013717
   97.50   29.16   39.89   0.0013717
   97.58   31.23   39.80   0.0013717
   97.65   33.31   39.72   0.0013717
   97.72   35.40   39.64   0.0013717
   99.53   18.75   40.17   0.0013717
   99.68   20.84   40.00   0.0013717
   99.81   22.93   39.86   0.0013717
   99.93   25.01   39.73   0.0013717
  100.03   27.08   39.61   0.0013717
  100.12   29.16   39.51   0.0013717
  100.20   31.24   39.41   0.0013717
  100.27   33.32   39.32   0.0013717
  100.34   35.41   39.24   0.0013717
   79.32   18.61   44.28   0.0013717
   79.37   20.71   44.28   0.0013717
   79.42   22.79   44.29   0.0013717
   79.46   24.87   44.29   0.0013717
   79.51   26.95   44.28   0.0013717
   79.56   29.03   44.26   0.0013717
   79.62   31.11   44.23   0.0013717
   79.78   33.20   44.05   0.0013717
   80.21   35.39   43.43   0.0013717
   81.84   18.66   44.06   0.0013717
   81.89   20.75   44.06   0.0013717
   81.94   22.84   44.05   0.0013717
   81.98   24.91   44.05   0.0013717
   82.02   26.99   44.05   0.0013717
   82.07   29.06   44.03   0.0013717
   82.11   31.14   44.01   0.0013717
   82.16   33.22   43.98   0.0013717
   82.49   35.34   43.56   0.0013717
   84.40   18.70   43.81   0.0013717
   84.45   20.79   43.79   0.0013717
   84.50   22.87   43.78   0.0013717
   84.54   24.95   43.77   0.0013717
   84.58   27.02   43.76   0.0013717
   84.62   29.09   43.74   0.0013717
   84.65   31.16   43.73   0.0013717
   84.69   33.24   43.70   0.0013717
   84.73   35.33   43.67   0.0013717
   86.97   18.73   43.52   0.0013717
   87.03   20.82   43.49   0.0013717
   87.08   22.90   43.47   0.0013717
   87.13   24.97   43.44   0.0013717
   87.17   27.04   43.42   0.0013717
   87.20   29.11   43.40   0.0013717
   87.23   31.18   43.38   0.0013717
   87.27   33.26   43.36   0.0013717
   87.30   35.35   43.34   0.0013717
   89.56   18.75   43.22   0.0013717
   89.63   20.84   43.17   0.0013717
   89.68   22.92   43.13   0.0013717
   89.73   24.99   43.09   0.0013717
   89.77   27.06   43.06   0.0013717
   89.81   29.13   43.03   0.0013717
   89.85   31.20   43.00   0.0013717
   89.88   33.27   42.97   0.0013717
   89.91   35.36   42.95   0.0013717
   92.16   18.76   42.90   0.0013717
   92.23   20.85   42.83   0.0013717
   92.30   22.93   42.78   0.0013717
   92.35   25.00   42.73   0.0013717
   92.40   27.07   42.68   0.0013717
   92.44   29.13   42.64   0.0013717
   92.48   31.21   42.60   0.0013717
   92.51   33.28   42.56   0.0013717
   92.54   35.37   42.53   0.0013717
   94.76   18.75   42.58   0.0013717
   94.84   20.85   42.50   0.0013717
   94.91   22.93   42.42   0.0013717
   94.97   25.00   42.36   0.0013717
   95.02   27.07   42.30   0.0013717
   95.07   29.14   42.25   0.0013717
   95.11   31.21   42.20   0.0013717
   95.14   33.29   42.15   0.0013717
   95.18   35.38   42.11   0.0013717
   97.36   18.74   42.27   0.0013717
   97.45   20.83   42.17   0.0013717
   97.52   22.92   42.08   0.0013717
   97.58   24.99   42.00   0.0013717
   97.63   27.06   41.93   0.0013717
   97.68   29.13   41.87   0.0013717
   97.72   31.21   41.81   0.0013717
   97.76   33.29   41.76   0.0013717
   97.79   35.38   41.71   0.0013717
   99.95   18.72   41.97   0.0013717
  100.04   20.81   41.86   0.0013717
  100.11   22.90   41.76   0.0013717
  100.18   24.98   41.67   0.0013717
  100.23   27.05   41.59   0.0013717
  100.28   29.12   41.52   0.0013717
  100.32   31.20   41.46   0.0013717
  100.35   33.28   41.41   0.0013717
  100.37   35.37   41.38   0.0013717
   79.66   18.67   46.18   0.0013717
   79.64   20.77   46.24   0.0013717
   79.63   22.85   46.30   0.0013717
   79.62   24.93   46.34   0.0013717
   79.61   27.00   46.38   0.0013717
   79.61   29.08   46.41   0.0013717
   79.62   31.15   46.42   0.0013717
   79.64   33.24   46.42   0.0013717
   79.70   35.33   46.37   0.0013717
   82.22   18.71   45.92   0.0013717
   82.21   20.80   45.97   0.0013717
   82.19   22.88   46.01   0.0013717
   82.18   24.96   46.05   0.0013717
   82.17   27.03   46.08   0.0013717
   82.17   29.10   46.11   0.0013717
   82.17   31.18   46.13   0.0013717
   82.17   33.25   46.14   0.0013717
   82.19   35.34   46.14   0.0013717
   84.80   18.74   45.63   0.0013717
   84.79   20.83   45.66   0.0013717
   84.78   22.91   45.69   0.0013717
   84.77   24.98   45.72   0.0013717
   84.77   27.05   45.75   0.0013717
   84.76   29.12   45.77   0.0013717
   84.76   31.19   45.79   0.0013717
   84.75   33.27   45.80   0.0013717
   84.76   35.35   45.81   0.0013717
   87.40   18.75   45.32   0.0013717
   87.39   20.84   45.34   0.0013717
   87.39   22.92   45.35   0.0013717
   87.38   24.99   45.37   0.0013717
   87.38   27.06   45.38   0.0013717
   87.37   29.13   45.39   0.0013717
   87.37   31.20   45.40   0.0013717
   87.37   33.27   45.41   0.0013717
   87.37   35.36   45.42   0.0013717
   90.00   18.76   45.00   0.0013717
   90.00   20.85   45.00   0.0013717
   90.00   22.92   45.00   0.0013717
   90.00   26.98   45.00   0.0013717
   90.00   27.06   45.00   0.0013717
   90.00   29.13   45.00   0.0013717
   90.00   31.20   45.00   0.0013717
   90.00   33.28   45.00   0.0013717
   90.00   35.36   45.00   0.0013717
   92.60   18.75   44.68   0.0013717
   92.61   20.84   44.66   0.0013717
   92.61   22.92   44.65   0.0013717
   92.62   24.99   44.63   0.0013717
   92.62   27.06   44.62   0.0013717
   92.63   29.13   44.61   0.0013717
   92.63   31.20   44.60   0.0013717
   92.63   33.27   44.59   0.0013717
   92.63   35.36   44.58   0.0013717
   95.20   18.74   44.37   0.0013717
   95.21   20.83   44.34   0.0013717
   95.22   22.91   44.31   0.0013717
   95.23   24.98   44.28   0.0013717
   95.23   27.05   44.25   0.0013717
   95.24   29.12   44.23   0.0013717
   95.24   31.19   44.21   0.0013717
   95.25   33.27   44.20   0.0013717
   95.24   35.35   44.19   0.0013717
   97.78   18.71   44.08   0.0013717
   97.79   20.80   44.03   0.0013717
   97.81   22.88   43.99   0.0013717
   97.82   24.96   43.95   0.0013717
   97.83   27.03   43.92   0.0013717
   97.83   29.10   43.89   0.0013717
   97.83   31.18   43.87   0.0013717
   97.83   33.25   43.86   0.0013717
   97.81   35.34   43.86   0.0013717
  100.34   18.67   43.82   0.0013717
  100.36   20.77   43.76   0.0013717
  100.37   22.85   43.70   0.0013717
  100.38   24.93   43.66   0.0013717
  100.39   27.00   43.62   0.0013717
  100.39   29.08   43.59   0.0013717
  100.38   31.15   43.58   0.0013717
  100.36   33.24   43.58   0.0013717
  100.30   35.33   43.63   0.0013717
   80.05   18.72   48.03   0.0013717
   79.96   20.81   48.14   0.0013717
   79.89   22.90   48.24   0.0013717
   79.82   24.98   48.33   0.0013717
   79.77   27.05   48.41   0.0013717
   79.72   29.12   48.48   0.0013717
   79.68   31.20   48.54   0.0013717
   79.65   33.28   48.59   0.0013717
   79.63   35.37   48.62   0.0013717
   82.64   18.74   47.73   0.0013717
   82.55   20.83   47.83   0.0013717
   82.48   22.92   47.92   0.0013717
   82.42   24.99   48.00   0.0013717
   82.37   27.06   48.07   0.0013717
   82.32   29.13   48.13   0.0013717
   82.28   31.21   48.19   0.0013717
   82.24   33.29   48.24   0.0013717
   82.21   35.38   48.29   0.0013717
   85.24   18.75   47.42   0.0013717
   85.16   20.85   47.50   0.0013717
   85.09   22.93   47.58   0.0013717
   85.03   25.00   47.64   0.0013717
   84.98   27.07   47.70   0.0013717
   84.93   29.14   47.75   0.0013717
   84.89   31.21   47.80   0.0013717
   84.86   33.29   47.85   0.0013717
   84.82   35.38   47.89   0.0013717
   87.84   18.76   47.10   0.0013717
   87.77   20.85   47.17   0.0013717
   87.70   22.93   47.22   0.0013717
   87.65   25.00   47.27   0.0013717
   87.60   27.07   47.32   0.0013717
   87.56   29.13   47.36   0.0013717
   87.52   31.21   47.40   0.0013717
   87.49   33.28   47.44   0.0013717
   87.46   35.37   47.47   0.0013717
   90.44   18.75   46.78   0.0013717
   90.37   20.84   46.83   0.0013717
   90.32   22.92   46.87   0.0013717
   90.27   24.99   46.91   0.0013717
   90.23   27.06   46.94   0.0013717
   90.19   29.13   46.97   0.0013717
   90.15   31.20   47.00   0.0013717
   90.12   33.27   47.03   0.0013717
   90.09   35.36   47.05   0.0013717
   93.03   18.73   46.48   0.0013717
   92.97   20.82   46.51   0.0013717
   92.92   22.90   46.53   0.0013717
   92.87   24.97   46.56   0.0013717
   92.83   27.04   46.58   0.0013717
   92.80   29.11   46.60   0.0013717
   92.77   31.18   46.62   0.0013717
   92.73   33.26   46.64   0.0013717
   92.70   35.35   46.66   0.0013717
   95.60   18.70   46.19   0.0013717
   95.55   20.79   46.21   0.0013717
   95.50   22.87   46.22   0.0013717
   95.46   24.95   46.23   0.0013717
   95.42   27.02   46.24   0.0013717
   95.38   29.09   46.26   0.0013717
   95.35   31.16   46.27   0.0013717
   95.31   33.24   46.30   0.0013717
   95.27   35.33   46.33   0.0013717
   98.16   18.66   45.94   0.0013717
   98.11   20.75   45.94   0.0013717
   98.06   22.84   45.95   0.0013717
   98.02   24.91   45.95   0.0013717
   97.98   26.99   45.95   0.0013717
   97.93   29.06   45.97   0.0013717
   97.89   31.14   45.99   0.0013717
   97.84   33.22   46.02   0.0013717
   97.51   35.34   46.44   0.0013717
  100.68   18.61   45.72   0.0013717
  100.63   20.71   45.72   0.0013717
  100.58   22.79   45.71   0.0013717
  100.54   24.87   45.71   0.0013717
  100.49   26.95   45.72   0.0013717
  100.44   29.03   45.74   0.0013717
  100.38   31.11   45.77   0.0013717
  100.22   33.20   45.95   0.0013717
   99.79   35.39   46.57   0.0013717
   80.47   18.75   49.83   0.0013717
   80.32   20.84   50.00   0.0013717
   80.19   22.93   50.14   0.0013717
   80.07   25.01   50.27   0.0013717
   79.97   27.08   50.39   0.0013717
   79.88   29.16   50.49   0.0013717
   79.80   31.24   50.59   0.0013717
   79.73   33.32   50.68   0.0013717
   79.66   35.41   50.76   0.0013717
   83.08   18.76   49.52   0.0013717
   82.93   20.85   49.67   0.0013717
   82.80   22.93   49.80   0.0013717
   82.69   25.01   49.91   0.0013717
   82.59   27.08   50.02   0.0013717
   82.50   29.16   50.11   0.0013717
   82.42   31.23   50.20   0.0013717
   82.35   33.31   50.28   0.0013717
   82.28   35.40   50.36   0.0013717
   85.68   18.76   49.20   0.0013717
   85.53   20.85   49.33   0.0013717
   85.41   22.93   49.45   0.0013717
   85.30   25.00   49.55   0.0013717
   85.21   27.08   49.64   0.0013717
   85.12   29.15   49.72   0.0013717
   85.05   31.22   49.80   0.0013717
   84.98   33.30   49.88   0.0013717
   84.91   35.39   49.95   0.0013717
   88.28   18.74   48.88   0.0013717
   88.14   20.84   49.00   0.0013717
   88.02   22.92   49.09   0.0013717
   87.92   24.99   49.18   0.0013717
   87.83   27.06   49.26   0.0013717
   87.75   29.13   49.33   0.0013717
   87.67   31.20   49.40   0.0013717
   87.61   33.28   49.47   0.0013717
   87.54   35.37   49.53   0.0013717
   90.86   18.72   48.58   0.0013717
   90.73   20.81   48.68   0.0013717
   90.62   22.89   48.76   0.0013717
   90.52   24.97   48.83   0.0013717
   90.44   27.04   48.90   0.0013717
   90.36   29.11   48.95   0.0013717
   90.29   31.18   49.01   0.0013717
   90.23   33.26   49.07   0.0013717
   90.17   35.35   49.12   0.0013717
   93.43   18.69   48.30   0.0013717
   93.30   20.78   48.39   0.0013717
   93.20   22.86   48.45   0.0013717
   93.10   24.94   48.51   0.0013717
   93.02   27.01   48.57   0.0013717
   92.94   29.08   48.62   0.0013717
   92.87   31.16   48.67   0.0013717
   92.81   33.24   48.72   0.0013717
   92.54   35.35   49.04   0.0013717
   95.97   18.65   48.06   0.0013717
   95.85   20.74   48.13   0.0013717
   95.75   22.82   48.19   0.0013717
   95.65   24.90   48.24   0.0013717
   95.57   26.98   48.29   0.0013717
   95.49   29.05   48.33   0.0013717
   95.41   31.13   48.39   0.0013717
   95.29   33.21   48.50   0.0013717
   94.78   35.39   49.19   0.0013717
   98.49   18.59   47.85   0.0013717
   98.37   20.69   47.91   0.0013717
   98.26   22.78   47.96   0.0013717
   98.16   24.86   48.01   0.0013717
   98.07   26.94   48.06   0.0013717
   97.98   29.01   48.11   0.0013717
   97.89   31.09   48.18   0.0013717
   97.48   33.23   48.71   0.0013717
   97.10   35.45   49.29   0.0013717
  100.97   18.51   47.74   0.0013717
  100.84   20.63   47.75   0.0013717
  100.73   22.72   47.80   0.0013717
  100.63   24.81   47.84   0.0013717
  100.53   26.89   47.90   0.0013717
  100.43   28.97   47.96   0.0013717
  100.20   31.07   48.22   0.0013717
   99.75   33.26   48.87   0.0013717
   99.45   35.51   49.38   0.0013717
   80.92   18.76   51.61   0.0013717
   80.70   20.86   51.83   0.0013717
   80.51   22.95   52.01   0.0013717
   80.35   25.03   52.18   0.0013717
   80.20   27.10   52.33   0.0013717
   80.07   29.18   52.46   0.0013717
   79.95   31.26   52.59   0.0013717
   79.85   33.35   52.71   0.0013717
   79.75   35.44   52.82   0.0013717
   83.52   18.76   51.30   0.0013717
   83.30   20.85   51.50   0.0013717
   83.12   22.94   51.67   0.0013717
   82.96   25.02   51.82   0.0013717
   82.81   27.09   51.96   0.0013717
   82.69   29.17   52.09   0.0013717
   82.57   31.25   52.21   0.0013717
   82.46   33.33   52.32   0.0013717
   82.36   35.42   52.43   0.0013717
   86.12   18.74   50.98   0.0013717
   85.91   20.84   51.16   0.0013717
   85.73   22.92   51.32   0.0013717
   85.57   25.00   51.46   0.0013717
   85.43   27.07   51.59   0.0013717
   85.30   29.15   51.70   0.0013717
   85.19   31.22   51.81   0.0013717
   85.08   33.31   51.92   0.0013717
   84.98   35.40   52.03   0.0013717
   88.70   18.72   50.68   0.0013717
   88.50   20.81   50.85   0.0013717
   88.33   22.89   50.98   0.0013717
   88.18   24.97   51.10   0.0013717
   88.05   27.04   51.21   0.0013717
   87.94   29.12   51.30   0.0013717
   87.83   31.19   51.40   0.0013717
   87.73   33.28   51.49   0.0013717
   87.63   35.37   51.59   0.0013717
   91.26   18.68   50.41   0.0013717
   91.06   20.77   50.56   0.0013717
   90.90   22.86   50.68   0.0013717
   90.75   24.94   50.79   0.0013717
   90.63   27.01   50.88   0.0013717
   90.51   29.08   50.97   0.0013717
   90.41   31.16   51.05   0.0013717
   90.32   33.25   51.13   0.0013717
   89.80   35.40   51.78   0.0013717
   93.79   18.64   50.18   0.0013717
   93.60   20.73   50.31   0.0013717
   93.44   22.82   50.42   0.0013717
   93.29   24.90   50.52   0.0013717
   93.17   26.97   50.61   0.0013717
   93.05   29.05   50.69   0.0013717
   92.94   31.13   50.77   0.0013717
   92.54   33.25   51.26   0.0013717
   92.09   35.46   51.90   0.0013717
   96.29   18.58   49.98   0.0013717
   96.10   20.68   50.11   0.0013717
   95.94   22.77   50.21   0.0013717
   95.79   24.85   50.30   0.0013717
   95.66   26.93   50.39   0.0013717
   95.54   29.01   50.47   0.0013717
   95.31   31.10   50.71   0.0013717
   94.79   33.28   51.43   0.0013717
   94.44   35.52   51.98   0.0013717
   98.76   18.48   49.94   0.0013717
   98.57   20.62   49.96   0.0013717
   98.40   22.71   50.06   0.0013717
   98.25   24.80   50.15   0.0013717
   98.11   26.88   50.24   0.0013717
   97.97   28.96   50.33   0.0013717
   97.51   31.11   50.94   0.0013717
   97.10   33.32   51.56   0.0013717
   96.81   35.58   52.06   0.0013717
  101.22   18.32   50.07   0.0013717
  100.98   20.55   49.87   0.0013717
  100.81   22.65   49.97   0.0013717
  100.65   24.74   50.07   0.0013717
  100.50   26.83   50.17   0.0013717
  100.25   28.93   50.44   0.0013717
   99.78   31.12   51.12   0.0013717
   99.45   33.35   51.68   0.0013717
   99.22   35.65   52.13   0.0013717
   81.36   18.76   53.40   0.0013717
   81.07   20.86   53.66   0.0013717
   80.82   22.95   53.89   0.0013717
   80.61   25.03   54.10   0.0013717
   80.42   27.11   54.28   0.0013717
   80.25   29.20   54.45   0.0013717
   80.09   31.28   54.61   0.0013717
   79.95   33.37   54.76   0.0013717
   79.82   35.47   54.91   0.0013717
   83.95   18.74   53.08   0.0013717
   83.67   20.84   53.34   0.0013717
   83.43   22.93   53.55   0.0013717
   83.21   25.01   53.74   0.0013717
   83.03   27.09   53.92   0.0013717
   82.86   29.17   54.08   0.0013717
   82.70   31.25   54.23   0.0013717
   82.56   33.34   54.38   0.0013717
   82.42   35.44   54.53   0.0013717
   86.54   18.71   52.78   0.0013717
   86.27   20.81   53.01   0.0013717
   86.04   22.89   53.20   0.0013717
   85.84   24.97   53.36   0.0013717
   85.66   27.05   53.53   0.0013717
   85.49   29.13   53.68   0.0013717
   85.33   31.22   53.82   0.0013717
   85.19   33.31   53.97   0.0013717
   84.87   35.43   54.34   0.0013717
   89.09   18.67   52.52   0.0013717
   88.83   20.77   52.73   0.0013717
   88.60   22.86   52.90   0.0013717
   88.41   24.94   53.05   0.0013717
   88.24   27.01   53.19   0.0013717
   88.10   29.09   53.31   0.0013717
   87.97   31.17   53.42   0.0013717
   87.65   33.28   53.77   0.0013717
   87.11   35.48   54.48   0.0013717
   91.61   18.63   52.29   0.0013717
   91.35   20.72   52.49   0.0013717
   91.13   22.81   52.65   0.0013717
   90.94   24.89   52.79   0.0013717
   90.78   26.97   52.92   0.0013717
   90.63   29.05   53.03   0.0013717
   90.48   31.14   53.16   0.0013717
   89.85   33.31   53.96   0.0013717
   89.43   35.54   54.57   0.0013717
   94.10   18.57   52.11   0.0013717
   93.84   20.67   52.30   0.0013717
   93.63   22.76   52.45   0.0013717
   93.44   24.84   52.58   0.0013717
   93.27   26.93   52.71   0.0013717
   93.11   29.01   52.82   0.0013717
   92.62   31.15   53.42   0.0013717
   92.14   33.35   54.10   0.0013717
   91.80   35.61   54.64   0.0013717
   96.55   18.45   52.14   0.0013717
   96.29   20.61   52.16   0.0013717
   96.07   22.70   52.31   0.0013717
   95.88   24.79   52.44   0.0013717
   95.70   26.88   52.57   0.0013717
   95.43   28.98   52.84   0.0013717
   94.87   31.16   53.61   0.0013717
   94.47   33.39   54.21   0.0013717
   94.20   35.67   54.70   0.0013717
   98.98   18.29   52.30   0.0013717
   98.69   20.54   52.09   0.0013717
   98.47   22.64   52.24   0.0013717
   98.26   24.73   52.37   0.0013717
   98.07   26.82   52.51   0.0013717
   97.62   28.97   53.10   0.0013717
   97.17   31.18   53.78   0.0013717
   96.84   33.43   54.32   0.0013717
   96.62   35.74   54.76   0.0013717
  101.39   18.13   52.47   0.0013717
  101.09   20.42   52.27   0.0013717
  100.81   22.57   52.24   0.0013717
  100.59   24.67   52.38   0.0013717
  100.35   26.78   52.61   0.0013717
   99.88   28.96   53.33   0.0013717
   99.51   31.19   53.94   0.0013717
   99.23   33.47   54.43   0.0013717
   99.05   35.80   54.83   0.0013717
